0 0
1 0 40.2515 7.38276 7.26054
1 1 0 0.152972 0
2 0 116.914 26.1244 26.1309
2 1 0 0.152972 0
3 0 0 0.152972 0
3 1 6.44366 1.30985 1.16658
3 2 153.181 29.2696 29.2772
3 3 380.988 83.6144 83.787
3 4 505.495 97.7111 97.905
3 5 439.782 80.8558 81.0072
3 6 382.867 77.0063 77.1581
3 7 268.017 54.4303 54.5171
3 8 192.962 46.166 46.2238
3 9 130.795 33.0969 33.0786
3 10 94.1376 20.8922 20.8224
3 11 56.863 12.6533 12.5912
3 12 47.2431 11.2254 11.1175
3 13 33.073 8.16995 8.05954
3 14 21.2379 4.94247 4.80773
3 15 48.2893 12.1067 12.058
4 0 0.0379363 0.0499015 0.00143917
4 1 136.065 34.5973 34.6295
4 2 659.979 151.189 151.503
4 3 630.719 125.986 126.232
4 4 511.882 104.927 105.135
4 5 336.672 66.5276 66.6552
4 6 229.057 46.8852 46.9564
4 7 152.576 41.2911 41.3459
4 8 87.2365 19.6226 19.5469
4 9 48.6876 11.5493 11.4908
4 10 33.9642 8.30335 8.23402
4 11 19.5455 4.73138 4.6065
4 12 16.1885 4.41051 4.31207
4 13 9.04446 2.21479 2.06459
4 14 9.1528 2.41474 2.28344
4 15 22.5633 9.44122 9.3203
5 0 0 0.152972 0
5 1 2.45408 1.74094 1.55435
5 2 110.861 66.467 66.5515
5 3 944.662 584.21 585.688
5 4 2050.71 1165.94 1168.24
5 5 2873.44 1508.26 1510.55
5 6 3290.91 1748.07 1750.31
5 7 3298.7 1840.84 1843.37
5 8 2962.32 1687.85 1690.49
5 9 2464.63 1418.32 1420.88
5 10 1951.51 1085.09 1087.28
5 11 1534.03 851.437 853.342
5 12 1103.98 594.741 596.174
5 13 770.113 378.625 379.574
5 14 562.91 296.275 297.023
5 15 1304.36 726.335 728.026
6 0 3.9873 1.55823 1.4166
6 1 15.872 12.0931 12.0109
6 2 829.97 396.497 397.477
6 3 1702.79 775.9 777.42
6 4 1997.5 901.345 902.965
6 5 1963.69 869.657 871.22
6 6 1903.05 950.628 952.462
6 7 1648.43 816.959 818.645
6 8 1317.36 578.722 579.962
6 9 1091.61 548.853 550.16
6 10 846.705 443.68 444.794
6 11 648.688 361.013 361.954
6 12 466.093 253.535 254.176
6 13 327.629 159.91 160.279
6 14 225.338 101.618 101.817
6 15 497.779 239.211 239.83
