0.1 0
1 0 40.7042 7.38183 7.26056
1 1 4.6772e-05 0.00961544 2.18762e-09
2 0 117.886 26.1232 26.131
2 1 0 0.152266 0
3 0 0 0.152266 0
3 1 6.4449 1.30915 1.16658
3 2 153.224 29.2686 29.2772
3 3 381.102 83.613 83.787
3 4 505.64 97.7091 97.905
3 5 439.894 80.8561 81.0072
3 6 382.95 77.0064 77.1581
3 7 268.069 54.43 54.5171
3 8 192.995 46.1648 46.2238
3 9 130.814 33.0957 33.0786
3 10 94.1504 20.8909 20.8224
3 11 56.8696 12.6524 12.5912
3 12 47.2482 11.2245 11.1175
3 13 33.0769 8.16892 8.05954
3 14 21.2391 4.94143 4.80773
3 15 48.2922 12.1058 12.058
4 0 0.0379363 0.0497252 0.00143917
4 1 136.105 34.5969 34.6295
4 2 660.196 151.191 151.503
4 3 630.924 125.987 126.232
4 4 512.03 104.925 105.135
4 5 336.76 66.5262 66.6552
4 6 229.105 46.884 46.9564
4 7 152.602 41.2906 41.3459
4 8 87.2489 19.6217 19.5469
4 9 48.6932 11.5484 11.4908
4 10 33.9672 8.30251 8.23402
4 11 19.5479 4.73038 4.6065
4 12 16.1896 4.40972 4.31207
4 13 9.04505 2.21389 2.06459
4 14 9.1531 2.4139 2.28344
4 15 22.5634 9.44011 9.3203
5 0 0 0.152266 0
5 1 2.45408 1.74012 1.55435
5 2 110.861 66.4663 66.5515
5 3 944.665 584.21 585.688
5 4 2050.72 1165.94 1168.24
5 5 2873.45 1508.26 1510.55
5 6 3290.92 1748.07 1750.31
5 7 3298.71 1840.84 1843.37
5 8 2962.33 1687.85 1690.49
5 9 2464.64 1418.32 1420.88
5 10 1951.52 1085.09 1087.28
5 11 1534.03 851.437 853.342
5 12 1103.98 594.741 596.174
5 13 770.116 378.625 379.574
5 14 562.911 296.274 297.023
5 15 1304.36 726.335 728.026
6 0 3.9873 1.55744 1.4166
6 1 15.8721 12.0922 12.0109
6 2 829.972 396.497 397.477
6 3 1702.8 775.9 777.42
6 4 1997.51 901.345 902.965
6 5 1963.7 869.657 871.22
6 6 1903.06 950.628 952.462
6 7 1648.44 816.959 818.645
6 8 1317.37 578.722 579.962
6 9 1091.61 548.853 550.16
6 10 846.708 443.68 444.794
6 11 648.69 361.013 361.954
6 12 466.095 253.534 254.176
6 13 327.63 159.909 160.279
6 14 225.339 101.617 101.817
6 15 497.78 239.21 239.83
