1.1 0
1 0 45.232 7.38361 7.26348
1 1 0.000514492 0.00959333 2.64702e-07
2 0 127.61 26.1287 26.1372
2 1 0 0.152266 0
3 0 0 0.152266 0
3 1 6.45721 1.30915 1.16658
3 2 153.651 29.2688 29.2775
3 3 382.244 83.6143 83.7878
3 4 507.089 97.7106 97.9059
3 5 441.013 80.8566 81.008
3 6 383.774 77.0063 77.1586
3 7 268.591 54.4303 54.5175
3 8 193.323 46.1652 46.224
3 9 131.001 33.096 33.0787
3 10 94.2791 20.8911 20.8225
3 11 56.9356 12.6524 12.5913
3 12 47.2992 11.2245 11.1175
3 13 33.1156 8.16899 8.05957
3 14 21.2513 4.94141 4.80774
3 15 48.3211 12.1057 12.058
4 0 0.0379363 0.0497252 0.00143917
4 1 136.506 34.5971 34.6297
4 2 662.374 151.191 151.504
4 3 632.971 125.986 126.234
4 4 513.506 104.926 105.136
4 5 337.639 66.5277 66.6558
4 6 229.582 46.8847 46.9567
4 7 152.859 41.2913 41.3461
4 8 87.3731 19.6217 19.5469
4 9 48.7499 11.5485 11.4908
4 10 33.9973 8.3025 8.23404
4 11 19.5713 4.73038 4.60651
4 12 16.2012 4.40971 4.31208
4 13 9.05098 2.21388 2.06459
4 14 9.15616 2.41389 2.28345
4 15 22.565 9.44013 9.3203
5 0 0 0.152266 0
5 1 2.45408 1.74012 1.55435
5 2 110.862 66.4663 66.5515
5 3 944.694 584.21 585.688
5 4 2050.8 1165.94 1168.24
5 5 2873.56 1508.26 1510.55
5 6 3291.05 1748.07 1750.31
5 7 3298.83 1840.84 1843.37
5 8 2962.43 1687.85 1690.49
5 9 2464.73 1418.32 1420.88
5 10 1951.58 1085.09 1087.28
5 11 1534.08 851.438 853.342
5 12 1104.03 594.742 596.174
5 13 770.14 378.625 379.574
5 14 562.924 296.274 297.023
5 15 1304.39 726.335 728.026
6 0 3.9873 1.55744 1.4166
6 1 15.8725 12.0922 12.0109
6 2 829.999 396.498 397.477
6 3 1702.88 775.901 777.42
6 4 1997.64 901.348 902.965
6 5 1963.84 869.66 871.22
6 6 1903.19 950.631 952.462
6 7 1648.54 816.961 818.646
6 8 1317.43 578.724 579.962
6 9 1091.67 548.854 550.16
6 10 846.743 443.681 444.794
6 11 648.709 361.013 361.954
6 12 466.112 253.535 254.176
6 13 327.64 159.909 160.279
6 14 225.342 101.617 101.817
6 15 497.79 239.21 239.83
