1.2 0
1 0 45.6848 7.38408 7.26403
1 1 0.000561265 0.00959949 3.15018e-07
2 0 128.582 26.1299 26.1384
2 1 0 0.152266 0
3 0 0 0.152266 0
3 1 6.45845 1.30915 1.16659
3 2 153.693 29.2692 29.2775
3 3 382.358 83.6154 83.7879
3 4 507.234 97.7118 97.9061
3 5 441.125 80.8575 81.0081
3 6 383.856 77.0071 77.1587
3 7 268.644 54.4297 54.5175
3 8 193.355 46.1655 46.224
3 9 131.019 33.0962 33.0787
3 10 94.2919 20.891 20.8225
3 11 56.9422 12.6524 12.5913
3 12 47.3043 11.2245 11.1176
3 13 33.1194 8.16903 8.05957
3 14 21.2526 4.94142 4.80774
3 15 48.3239 12.1058 12.058
4 0 0.0379363 0.0497252 0.00143917
4 1 136.546 34.5971 34.6298
4 2 662.592 151.189 151.504
4 3 633.176 125.984 126.234
4 4 513.653 104.928 105.137
4 5 337.727 66.5285 66.6559
4 6 229.63 46.8852 46.9568
4 7 152.885 41.2905 41.3461
4 8 87.3855 19.6216 19.547
4 9 48.7556 11.5485 11.4908
4 10 34.0003 8.30252 8.23404
4 11 19.5736 4.73037 4.60652
4 12 16.2023 4.40972 4.31208
4 13 9.05158 2.21389 2.06459
4 14 9.15647 2.41389 2.28345
4 15 22.5651 9.44013 9.3203
5 0 0 0.152266 0
5 1 2.45408 1.74012 1.55435
5 2 110.862 66.4663 66.5515
5 3 944.697 584.21 585.688
5 4 2050.8 1165.94 1168.24
5 5 2873.57 1508.26 1510.55
5 6 3291.06 1748.07 1750.31
5 7 3298.84 1840.84 1843.37
5 8 2962.44 1687.85 1690.49
5 9 2464.74 1418.32 1420.88
5 10 1951.59 1085.09 1087.28
5 11 1534.09 851.438 853.342
5 12 1104.03 594.742 596.174
5 13 770.142 378.625 379.574
5 14 562.925 296.274 297.023
5 15 1304.39 726.335 728.026
6 0 3.9873 1.55744 1.4166
6 1 15.8726 12.0922 12.0109
6 2 830.002 396.498 397.477
6 3 1702.89 775.901 777.42
6 4 1997.65 901.348 902.966
6 5 1963.85 869.66 871.22
6 6 1903.2 950.631 952.462
6 7 1648.55 816.961 818.646
6 8 1317.44 578.724 579.962
6 9 1091.67 548.854 550.16
6 10 846.747 443.681 444.794
6 11 648.711 361.013 361.954
6 12 466.113 253.535 254.176
6 13 327.641 159.909 160.279
6 14 225.342 101.617 101.817
6 15 497.791 239.21 239.83
