1.3 0
1 0 46.1376 7.38462 7.26464
1 1 0.000608037 0.00961032 3.69708e-07
2 0 129.555 26.1311 26.1397
2 1 0 0.152266 0
3 0 0 0.152266 0
3 1 6.45968 1.30915 1.16659
3 2 153.736 29.2687 29.2776
3 3 382.472 83.6129 83.7881
3 4 507.379 97.7131 97.9063
3 5 441.237 80.8564 81.0082
3 6 383.938 77.0078 77.1588
3 7 268.696 54.4291 54.5176
3 8 193.388 46.1659 46.2241
3 9 131.038 33.096 33.0787
3 10 94.3048 20.8909 20.8225
3 11 56.9488 12.6525 12.5913
3 12 47.3094 11.2244 11.1176
3 13 33.1233 8.16896 8.05958
3 14 21.2538 4.94143 4.80774
3 15 48.3268 12.1058 12.058
4 0 0.0379363 0.0497252 0.00143917
4 1 136.586 34.5971 34.6298
4 2 662.81 151.191 151.505
4 3 633.38 125.986 126.234
4 4 513.801 104.926 105.137
4 5 337.815 66.5278 66.656
4 6 229.678 46.8848 46.9568
4 7 152.911 41.2908 41.3461
4 8 87.3979 19.6217 19.547
4 9 48.7613 11.5486 11.4908
4 10 34.0033 8.30255 8.23405
4 11 19.576 4.73039 4.60652
4 12 16.2035 4.40971 4.31208
4 13 9.05217 2.21388 2.0646
4 14 9.15678 2.41389 2.28345
4 15 22.5653 9.44013 9.3203
5 0 0 0.152266 0
5 1 2.45408 1.74012 1.55435
5 2 110.863 66.4663 66.5515
5 3 944.7 584.21 585.688
5 4 2050.81 1165.94 1168.24
5 5 2873.58 1508.26 1510.55
5 6 3291.07 1748.08 1750.31
5 7 3298.85 1840.84 1843.37
5 8 2962.45 1687.85 1690.49
5 9 2464.75 1418.32 1420.88
5 10 1951.59 1085.09 1087.28
5 11 1534.09 851.438 853.342
5 12 1104.04 594.742 596.174
5 13 770.144 378.625 379.574
5 14 562.927 296.274 297.023
5 15 1304.39 726.335 728.026
6 0 3.9873 1.55744 1.4166
6 1 15.8726 12.0922 12.0109
6 2 830.004 396.498 397.477
6 3 1702.89 775.902 777.42
6 4 1997.66 901.348 902.966
6 5 1963.86 869.66 871.22
6 6 1903.21 950.631 952.462
6 7 1648.56 816.962 818.646
6 8 1317.45 578.724 579.962
6 9 1091.68 548.854 550.16
6 10 846.75 443.681 444.794
6 11 648.713 361.013 361.954
6 12 466.115 253.535 254.176
6 13 327.642 159.909 160.279
6 14 225.343 101.617 101.817
6 15 497.792 239.21 239.83
