1.4 0
1 0 46.5904 7.38516 7.2653
1 1 0.000654809 0.00962684 4.28774e-07
2 0 130.527 26.1326 26.1411
2 1 0 0.152266 0
3 0 0 0.152266 0
3 1 6.46091 1.30915 1.16659
3 2 153.779 29.269 29.2776
3 3 382.586 83.614 83.7882
3 4 507.524 97.7119 97.9065
3 5 441.349 80.8553 81.0084
3 6 384.021 77.0068 77.159
3 7 268.748 54.4296 54.5177
3 8 193.421 46.1662 46.2241
3 9 131.057 33.0962 33.0788
3 10 94.3176 20.891 20.8225
3 11 56.9554 12.6526 12.5913
3 12 47.3145 11.2245 11.1176
3 13 33.1272 8.16899 8.05958
3 14 21.255 4.94144 4.80774
3 15 48.3297 12.1058 12.058
4 0 0.0379363 0.0497252 0.00143917
4 1 136.627 34.5971 34.6299
4 2 663.027 151.194 151.505
4 3 633.585 125.988 126.235
4 4 513.949 104.925 105.137
4 5 337.902 66.5272 66.6561
4 6 229.726 46.8844 46.9569
4 7 152.937 41.2911 41.3462
4 8 87.4103 19.6219 19.547
4 9 48.767 11.5485 11.4908
4 10 34.0063 8.30252 8.23405
4 11 19.5783 4.73041 4.60652
4 12 16.2046 4.4097 4.31209
4 13 9.05276 2.21389 2.0646
4 14 9.15708 2.41389 2.28345
4 15 22.5654 9.44013 9.3203
5 0 0 0.152266 0
5 1 2.45408 1.74012 1.55435
5 2 110.863 66.4663 66.5515
5 3 944.703 584.211 585.688
5 4 2050.82 1165.9 1168.24
5 5 2873.59 1508.26 1510.55
5 6 3291.09 1748.08 1750.31
5 7 3298.86 1840.84 1843.37
5 8 2962.47 1687.85 1690.49
5 9 2464.75 1418.32 1420.88
5 10 1951.6 1085.09 1087.28
5 11 1534.1 851.438 853.342
5 12 1104.04 594.743 596.174
5 13 770.147 378.625 379.574
5 14 562.928 296.274 297.023
5 15 1304.4 726.335 728.026
6 0 3.9873 1.55744 1.4166
6 1 15.8727 12.0922 12.0109
6 2 830.007 396.498 397.477
6 3 1702.9 775.902 777.42
6 4 1997.68 901.349 902.966
6 5 1963.88 869.661 871.22
6 6 1903.22 950.631 952.462
6 7 1648.57 816.962 818.646
6 8 1317.45 578.724 579.962
6 9 1091.68 548.854 550.16
6 10 846.754 443.681 444.794
6 11 648.715 361.013 361.954
6 12 466.117 253.535 254.176
6 13 327.643 159.909 160.279
6 14 225.343 101.617 101.817
6 15 497.793 239.21 239.83
