1.5 0
1 0 47.0431 7.38571 7.266
1 1 0.000701581 0.00964948 4.92215e-07
2 0 131.499 26.1341 26.1427
2 1 0 0.152266 0
3 0 0 0.152266 0
3 1 6.46214 1.30915 1.16659
3 2 153.821 29.2694 29.2777
3 3 382.7 83.6151 83.7884
3 4 507.669 97.7105 97.9067
3 5 441.461 80.8563 81.0086
3 6 384.103 77.0075 77.1591
3 7 268.8 54.4301 54.5178
3 8 193.454 46.1652 46.2242
3 9 131.076 33.0964 33.0788
3 10 94.3305 20.8911 20.8226
3 11 56.962 12.6524 12.5913
3 12 47.3195 11.2245 11.1176
3 13 33.131 8.16903 8.05959
3 14 21.2562 4.94145 4.80774
3 15 48.3326 12.1059 12.058
4 0 0.0379363 0.0497252 0.00143917
4 1 136.667 34.5971 34.6299
4 2 663.245 151.192 151.505
4 3 633.79 125.986 126.235
4 4 514.096 104.926 105.137
4 5 337.99 66.528 66.6563
4 6 229.773 46.8848 46.957
4 7 152.963 41.2914 41.3462
4 8 87.4227 19.6218 19.547
4 9 48.7726 11.5485 11.4908
4 10 34.0093 8.30255 8.23405
4 11 19.5806 4.73038 4.60653
4 12 16.2058 4.40971 4.31209
4 13 9.05336 2.21389 2.0646
4 14 9.15739 2.41388 2.28345
4 15 22.5656 9.44014 9.3203
5 0 0 0.152266 0
5 1 2.45408 1.74012 1.55435
5 2 110.863 66.4663 66.5515
5 3 944.706 584.211 585.688
5 4 2050.83 1165.9 1168.24
5 5 2873.61 1508.27 1510.55
5 6 3291.1 1748.08 1750.31
5 7 3298.87 1840.84 1843.37
5 8 2962.48 1687.85 1690.49
5 9 2464.76 1418.32 1420.88
5 10 1951.61 1085.09 1087.28
5 11 1534.1 851.438 853.342
5 12 1104.05 594.743 596.174
5 13 770.149 378.625 379.574
5 14 562.929 296.274 297.023
5 15 1304.4 726.335 728.026
6 0 3.9873 1.55744 1.4166
6 1 15.8727 12.0922 12.0109
6 2 830.01 396.498 397.477
6 3 1702.91 775.902 777.42
6 4 1997.69 901.349 902.966
6 5 1963.89 869.661 871.22
6 6 1903.23 950.632 952.462
6 7 1648.58 816.962 818.646
6 8 1317.46 578.724 579.962
6 9 1091.69 548.854 550.16
6 10 846.757 443.681 444.794
6 11 648.717 361.014 361.954
6 12 466.118 253.535 254.176
6 13 327.644 159.909 160.279
6 14 225.343 101.617 101.817
6 15 497.794 239.21 239.83
