1.6 0
1 0 47.4959 7.38633 7.26675
1 1 0.000748353 0.00967872 5.60032e-07
2 0 132.472 26.1356 26.1443
2 1 0 0.152266 0
3 0 0 0.152266 0
3 1 6.46337 1.30915 1.16659
3 2 153.864 29.2689 29.2778
3 3 382.814 83.6162 83.7886
3 4 507.814 97.7119 97.907
3 5 441.573 80.8572 81.0088
3 6 384.186 77.0066 77.1592
3 7 268.852 54.4295 54.5178
3 8 193.487 46.1655 46.2242
3 9 131.094 33.0962 33.0788
3 10 94.3434 20.8912 20.8226
3 11 56.9686 12.6525 12.5913
3 12 47.3246 11.2246 11.1176
3 13 33.1349 8.16901 8.0596
3 14 21.2575 4.94146 4.80775
3 15 48.3355 12.1059 12.0581
4 0 0.0379363 0.0497252 0.00143917
4 1 136.707 34.5975 34.63
4 2 663.463 151.194 151.506
4 3 633.995 125.985 126.235
4 4 514.244 104.928 105.137
4 5 338.078 66.5288 66.6564
4 6 229.821 46.8853 46.9571
4 7 152.988 41.2907 41.3463
4 8 87.4352 19.6217 19.547
4 9 48.7783 11.5486 11.4908
4 10 34.0123 8.30253 8.23406
4 11 19.583 4.7304 4.60653
4 12 16.2069 4.40972 4.31209
4 13 9.05395 2.21389 2.0646
4 14 9.15769 2.41389 2.28345
4 15 22.5657 9.44014 9.3203
5 0 0 0.152266 0
5 1 2.45408 1.74012 1.55435
5 2 110.863 66.4663 66.5515
5 3 944.709 584.211 585.688
5 4 2050.83 1165.9 1168.24
5 5 2873.62 1508.27 1510.55
5 6 3291.11 1748.08 1750.31
5 7 3298.88 1840.84 1843.37
5 8 2962.49 1687.85 1690.49
5 9 2464.77 1418.32 1420.88
5 10 1951.61 1085.09 1087.28
5 11 1534.11 851.438 853.342
5 12 1104.05 594.743 596.174
5 13 770.151 378.625 379.574
5 14 562.93 296.274 297.023
5 15 1304.4 726.336 728.026
6 0 3.9873 1.55744 1.4166
6 1 15.8728 12.0922 12.0109
6 2 830.012 396.498 397.477
6 3 1702.92 775.902 777.42
6 4 1997.7 901.349 902.966
6 5 1963.9 869.661 871.22
6 6 1903.25 950.632 952.462
6 7 1648.59 816.962 818.646
6 8 1317.46 578.724 579.962
6 9 1091.69 548.854 550.16
6 10 846.761 443.681 444.794
6 11 648.719 361.014 361.954
6 12 466.12 253.535 254.176
6 13 327.645 159.91 160.279
6 14 225.344 101.617 101.817
6 15 497.795 239.21 239.83
