1.7 0
1 0 47.9487 7.38702 7.26755
1 1 0.000795125 0.00971475 6.32223e-07
2 0 133.444 26.1371 26.146
2 1 0 0.152266 0
3 0 0 0.152266 0
3 1 6.4646 1.30915 1.1666
3 2 153.907 29.2692 29.2778
3 3 382.928 83.6138 83.7888
3 4 507.959 97.7132 97.9072
3 5 441.685 80.8582 81.009
3 6 384.268 77.0074 77.1594
3 7 268.905 54.43 54.5179
3 8 193.519 46.1659 46.2243
3 9 131.113 33.096 33.0789
3 10 94.3562 20.8911 20.8226
3 11 56.9753 12.6525 12.5913
3 12 47.3297 11.2245 11.1176
3 13 33.1388 8.169 8.0596
3 14 21.2587 4.94145 4.80775
3 15 48.3384 12.1058 12.0581
4 0 0.0379363 0.0497252 0.00143917
4 1 136.747 34.5971 34.6301
4 2 663.681 151.192 151.506
4 3 634.199 125.986 126.236
4 4 514.391 104.927 105.138
4 5 338.166 66.5281 66.6566
4 6 229.869 46.8849 46.9571
4 7 153.014 41.291 41.3463
4 8 87.4476 19.6218 19.5471
4 9 48.784 11.5486 11.4909
4 10 34.0153 8.30256 8.23407
4 11 19.5853 4.73042 4.60653
4 12 16.2081 4.40974 4.31209
4 13 9.05454 2.21388 2.0646
4 14 9.158 2.41389 2.28345
4 15 22.5659 9.44014 9.3203
5 0 0 0.152266 0
5 1 2.45408 1.74012 1.55435
5 2 110.863 66.4663 66.5515
5 3 944.712 584.211 585.688
5 4 2050.84 1165.9 1168.24
5 5 2873.63 1508.27 1510.55
5 6 3291.13 1748.08 1750.31
5 7 3298.89 1840.84 1843.37
5 8 2962.5 1687.85 1690.49
5 9 2464.78 1418.32 1420.88
5 10 1951.62 1085.09 1087.28
5 11 1534.11 851.439 853.342
5 12 1104.05 594.743 596.174
5 13 770.154 378.625 379.574
5 14 562.932 296.274 297.023
5 15 1304.4 726.336 728.026
6 0 3.9873 1.55744 1.4166
6 1 15.8728 12.0922 12.0109
6 2 830.015 396.498 397.477
6 3 1702.92 775.902 777.42
6 4 1997.71 901.349 902.966
6 5 1963.92 869.661 871.22
6 6 1903.26 950.603 952.462
6 7 1648.6 816.962 818.646
6 8 1317.47 578.724 579.962
6 9 1091.7 548.854 550.16
6 10 846.764 443.681 444.794
6 11 648.721 361.014 361.954
6 12 466.122 253.535 254.176
6 13 327.646 159.91 160.279
6 14 225.344 101.617 101.817
6 15 497.796 239.211 239.83
