1.8 0
1 0 48.4015 7.3878 7.2684
1 1 0.000841897 0.00975748 7.0879e-07
2 0 134.417 26.1386 26.1478
2 1 0 0.152266 0
3 0 0 0.152266 0
3 1 6.46584 1.30915 1.1666
3 2 153.95 29.2692 29.2779
3 3 383.042 83.6149 83.789
3 4 508.104 97.7145 97.9075
3 5 441.796 80.8571 81.0092
3 6 384.35 77.0081 77.1595
3 7 268.957 54.4305 54.518
3 8 193.552 46.1662 46.2243
3 9 131.132 33.0962 33.0789
3 10 94.3691 20.891 20.8226
3 11 56.9819 12.6525 12.5913
3 12 47.3348 11.2245 11.1176
3 13 33.1426 8.16904 8.05961
3 14 21.2599 4.94146 4.80775
3 15 48.3412 12.1058 12.0581
4 0 0.0379363 0.0497252 0.00143917
4 1 136.787 34.5976 34.6301
4 2 663.898 151.194 151.507
4 3 634.404 125.988 126.236
4 4 514.539 104.928 105.138
4 5 338.254 66.529 66.6567
4 6 229.917 46.8853 46.9572
4 7 153.04 41.2913 41.3464
4 8 87.46 19.6219 19.5471
4 9 48.7896 11.5485 11.4909
4 10 34.0183 8.30253 8.23407
4 11 19.5877 4.73039 4.60654
4 12 16.2092 4.4097 4.31209
4 13 9.05514 2.21388 2.0646
4 14 9.15831 2.41388 2.28345
4 15 22.566 9.44014 9.3203
5 0 0 0.152266 0
5 1 2.45408 1.74012 1.55435
5 2 110.863 66.4663 66.5515
5 3 944.715 584.211 585.688
5 4 2050.85 1165.9 1168.24
5 5 2873.64 1508.27 1510.55
5 6 3291.14 1748.08 1750.31
5 7 3298.9 1840.84 1843.37
5 8 2962.51 1687.85 1690.49
5 9 2464.79 1418.32 1420.88
5 10 1951.63 1085.09 1087.28
5 11 1534.12 851.439 853.342
5 12 1104.06 594.743 596.174
5 13 770.156 378.626 379.574
5 14 562.933 296.274 297.023
5 15 1304.41 726.336 728.026
6 0 3.9873 1.55744 1.4166
6 1 15.8728 12.0923 12.0109
6 2 830.018 396.498 397.477
6 3 1702.93 775.902 777.42
6 4 1997.73 901.35 902.966
6 5 1963.93 869.662 871.22
6 6 1903.27 950.603 952.462
6 7 1648.61 816.963 818.646
6 8 1317.48 578.724 579.962
6 9 1091.71 548.854 550.16
6 10 846.768 443.681 444.794
6 11 648.723 361.014 361.954
6 12 466.123 253.535 254.176
6 13 327.647 159.91 160.279
6 14 225.344 101.617 101.817
6 15 497.797 239.211 239.83
