1.9 0
1 0 48.8543 7.38865 7.2693
1 1 0.000888669 0.00980696 7.89732e-07
2 0 135.389 26.1409 26.1498
2 1 0 0.152266 0
3 0 0 0.152266 0
3 1 6.46707 1.30916 1.1666
3 2 153.992 29.2696 29.278
3 3 383.156 83.6161 83.7892
3 4 508.249 97.7134 97.9078
3 5 441.908 80.8581 81.0094
3 6 384.433 77.0071 77.1597
3 7 269.009 54.43 54.5181
3 8 193.585 46.1659 46.2244
3 9 131.15 33.0964 33.0789
3 10 94.382 20.8911 20.8227
3 11 56.9885 12.6525 12.5913
3 12 47.3399 11.2245 11.1176
3 13 33.1465 8.16902 8.05962
3 14 21.2611 4.94144 4.80775
3 15 48.3441 12.1058 12.0581
4 0 0.0379363 0.0497252 0.00143917
4 1 136.827 34.5972 34.6302
4 2 664.116 151.197 151.507
4 3 634.609 125.99 126.236
4 4 514.687 104.927 105.138
4 5 338.342 66.5284 66.6569
4 6 229.964 46.885 46.9573
4 7 153.066 41.2916 41.3464
4 8 87.4724 19.6218 19.5471
4 9 48.7953 11.5486 11.4909
4 10 34.0213 8.30256 8.23408
4 11 19.59 4.73042 4.60654
4 12 16.2104 4.40972 4.3121
4 13 9.05573 2.21389 2.0646
4 14 9.15861 2.41388 2.28345
4 15 22.5662 9.44015 9.3203
5 0 0 0.152266 0
5 1 2.45408 1.74012 1.55435
5 2 110.863 66.4663 66.5515
5 3 944.717 584.211 585.688
5 4 2050.85 1165.9 1168.24
5 5 2873.65 1508.27 1510.55
5 6 3291.15 1748.08 1750.31
5 7 3298.92 1840.84 1843.37
5 8 2962.52 1687.85 1690.49
5 9 2464.8 1418.32 1420.88
5 10 1951.63 1085.09 1087.28
5 11 1534.12 851.439 853.342
5 12 1104.06 594.743 596.174
5 13 770.159 378.626 379.574
5 14 562.934 296.274 297.023
5 15 1304.41 726.336 728.026
6 0 3.9873 1.55744 1.4166
6 1 15.8729 12.0923 12.0109
6 2 830.02 396.498 397.477
6 3 1702.94 775.902 777.42
6 4 1997.74 901.35 902.966
6 5 1963.94 869.662 871.22
6 6 1903.28 950.603 952.462
6 7 1648.62 816.963 818.646
6 8 1317.48 578.725 579.962
6 9 1091.71 548.855 550.16
6 10 846.771 443.681 444.794
6 11 648.725 361.014 361.954
6 12 466.125 253.535 254.176
6 13 327.648 159.91 160.279
6 14 225.345 101.617 101.817
6 15 497.798 239.211 239.83
