0.2 0
1 0 41.157 7.38181 7.26064
1 1 9.35441e-05 0.00961219 8.7505e-09
2 0 118.859 26.1235 26.1311
2 1 0 0.152266 0
3 0 0 0.152266 0
3 1 6.44613 1.30915 1.16658
3 2 153.266 29.2689 29.2772
3 3 381.217 83.6122 83.787
3 4 505.785 97.7102 97.905
3 5 440.006 80.8528 81.0072
3 6 383.032 77.0071 77.1581
3 7 268.121 54.4294 54.5171
3 8 193.027 46.1651 46.2238
3 9 130.832 33.0959 33.0786
3 10 94.1633 20.8908 20.8224
3 11 56.8762 12.6524 12.5912
3 12 47.2533 11.2244 11.1175
3 13 33.0808 8.16896 8.05954
3 14 21.2403 4.94144 4.80773
3 15 48.2951 12.1058 12.058
4 0 0.0379363 0.0497252 0.00143917
4 1 136.145 34.5964 34.6295
4 2 660.414 151.185 151.503
4 3 631.129 125.981 126.232
4 4 512.177 104.926 105.135
4 5 336.848 66.5269 66.6552
4 6 229.152 46.8844 46.9564
4 7 152.627 41.2908 41.3459
4 8 87.2613 19.6218 19.5469
4 9 48.6989 11.5485 11.4908
4 10 33.9702 8.30248 8.23402
4 11 19.5502 4.7304 4.6065
4 12 16.1908 4.40969 4.31207
4 13 9.04564 2.21389 2.06459
4 14 9.15341 2.41389 2.28344
4 15 22.5636 9.44011 9.3203
5 0 0 0.152266 0
5 1 2.45408 1.74012 1.55435
5 2 110.861 66.4663 66.5515
5 3 944.668 584.21 585.688
5 4 2050.73 1165.94 1168.24
5 5 2873.46 1508.26 1510.55
5 6 3290.94 1748.07 1750.31
5 7 3298.72 1840.84 1843.37
5 8 2962.34 1687.85 1690.49
5 9 2464.65 1418.32 1420.88
5 10 1951.53 1085.09 1087.28
5 11 1534.04 851.437 853.342
5 12 1103.99 594.741 596.174
5 13 770.118 378.625 379.574
5 14 562.913 296.274 297.023
5 15 1304.36 726.335 728.026
6 0 3.9873 1.55744 1.4166
6 1 15.8721 12.0922 12.0109
6 2 829.975 396.497 397.477
6 3 1702.81 775.9 777.42
6 4 1997.53 901.346 902.965
6 5 1963.71 869.657 871.22
6 6 1903.07 950.628 952.462
6 7 1648.45 816.959 818.645
6 8 1317.37 578.723 579.962
6 9 1091.62 548.853 550.16
6 10 846.712 443.68 444.794
6 11 648.692 361.013 361.954
6 12 466.097 253.534 254.176
6 13 327.631 159.909 160.279
6 14 225.339 101.617 101.817
6 15 497.781 239.21 239.83
