2 0
1 0 49.307 7.38943 7.27025
1 1 0.000935441 0.00986285 8.7505e-07
2 0 136.361 26.1424 26.1518
2 1 0 0.152266 0
3 0 0 0.152266 0
3 1 6.4683 1.30915 1.1666
3 2 154.035 29.2695 29.2781
3 3 383.271 83.6154 83.7895
3 4 508.394 97.7121 97.9081
3 5 442.02 80.8571 81.0096
3 6 384.515 77.0079 77.1599
3 7 269.061 54.4305 54.5182
3 8 193.618 46.1656 46.2245
3 9 131.169 33.0962 33.079
3 10 94.3948 20.8913 20.8227
3 11 56.9951 12.6525 12.5914
3 12 47.345 11.2246 11.1176
3 13 33.1504 8.16901 8.05963
3 14 21.2624 4.94145 4.80776
3 15 48.347 12.1058 12.0581
4 0 0.0379363 0.0497252 0.00143917
4 1 136.867 34.5976 34.6303
4 2 664.334 151.195 151.507
4 3 634.814 125.989 126.237
4 4 514.834 104.928 105.139
4 5 338.43 66.5292 66.6571
4 6 230.012 46.8855 46.9574
4 7 153.091 41.2909 41.3465
4 8 87.4848 19.622 19.5471
4 9 48.801 11.5486 11.4909
4 10 34.0243 8.30259 8.23408
4 11 19.5923 4.73041 4.60655
4 12 16.2116 4.40973 4.3121
4 13 9.05632 2.21389 2.0646
4 14 9.15892 2.41389 2.28345
4 15 22.5663 9.44015 9.3203
5 0 0 0.152266 0
5 1 2.45408 1.74012 1.55435
5 2 110.864 66.4664 66.5515
5 3 944.72 584.211 585.688
5 4 2050.86 1165.9 1168.24
5 5 2873.66 1508.27 1510.55
5 6 3291.16 1748.08 1750.31
5 7 3298.93 1840.84 1843.37
5 8 2962.53 1687.85 1690.49
5 9 2464.81 1418.32 1420.88
5 10 1951.64 1085.09 1087.28
5 11 1534.13 851.439 853.342
5 12 1104.07 594.743 596.174
5 13 770.161 378.626 379.574
5 14 562.935 296.274 297.023
5 15 1304.41 726.336 728.026
6 0 3.9873 1.55744 1.4166
6 1 15.8729 12.0923 12.0109
6 2 830.023 396.498 397.477
6 3 1702.95 775.903 777.42
6 4 1997.75 901.35 902.966
6 5 1963.96 869.662 871.22
6 6 1903.3 950.604 952.463
6 7 1648.64 816.963 818.646
6 8 1317.49 578.725 579.962
6 9 1091.72 548.855 550.16
6 10 846.775 443.681 444.794
6 11 648.727 361.014 361.954
6 12 466.127 253.535 254.176
6 13 327.649 159.91 160.279
6 14 225.345 101.617 101.817
6 15 497.799 239.211 239.83
