2.1 0
1 0 49.7598 7.3903 7.27124
1 1 0.000982213 0.00992474 9.64742e-07
2 0 137.334 26.1447 26.154
2 1 0 0.152266 0
3 0 0 0.152266 0
3 1 6.46953 1.30916 1.16661
3 2 154.078 29.2695 29.2782
3 3 383.385 83.6167 83.7897
3 4 508.539 97.7135 97.9084
3 5 442.132 80.8582 81.0099
3 6 384.597 77.0088 77.16
3 7 269.114 54.4299 54.5184
3 8 193.651 46.1659 46.2245
3 9 131.188 33.096 33.079
3 10 94.4077 20.8914 20.8227
3 11 57.0017 12.6526 12.5914
3 12 47.3501 11.2246 11.1176
3 13 33.1542 8.16905 8.05964
3 14 21.2636 4.94146 4.80776
3 15 48.3499 12.1059 12.0581
4 0 0.0379363 0.0497252 0.00143917
4 1 136.908 34.5977 34.6304
4 2 664.552 151.197 151.508
4 3 635.018 125.991 126.237
4 4 514.982 104.93 105.139
4 5 338.518 66.5286 66.6573
4 6 230.06 46.8851 46.9575
4 7 153.117 41.2912 41.3465
4 8 87.4972 19.6219 19.5472
4 9 48.8067 11.5486 11.4909
4 10 34.0273 8.30257 8.23409
4 11 19.5947 4.73043 4.60655
4 12 16.2127 4.40974 4.3121
4 13 9.05692 2.21389 2.0646
4 14 9.15922 2.41389 2.28345
4 15 22.5665 9.44015 9.3203
5 0 0 0.152266 0
5 1 2.45408 1.74012 1.55435
5 2 110.864 66.4664 66.5515
5 3 944.723 584.211 585.688
5 4 2050.87 1165.9 1168.24
5 5 2873.67 1508.27 1510.55
5 6 3291.18 1748.08 1750.31
5 7 3298.94 1840.84 1843.37
5 8 2962.54 1687.85 1690.49
5 9 2464.82 1418.32 1420.88
5 10 1951.64 1085.09 1087.28
5 11 1534.14 851.439 853.342
5 12 1104.07 594.743 596.174
5 13 770.163 378.626 379.574
5 14 562.937 296.274 297.023
5 15 1304.42 726.336 728.026
6 0 3.9873 1.55744 1.4166
6 1 15.873 12.0922 12.0109
6 2 830.026 396.498 397.477
6 3 1702.95 775.903 777.42
6 4 1997.76 901.35 902.966
6 5 1963.97 869.662 871.22
6 6 1903.31 950.604 952.463
6 7 1648.65 816.963 818.646
6 8 1317.5 578.725 579.962
6 9 1091.72 548.855 550.16
6 10 846.778 443.681 444.794
6 11 648.729 361.014 361.954
6 12 466.128 253.535 254.176
6 13 327.65 159.91 160.279
6 14 225.345 101.617 101.817
6 15 497.8 239.211 239.83
