2.2 0
1 0 50.2126 7.39125 7.27228
1 1 0.00102898 0.00999237 1.05881e-06
2 0 138.306 26.147 26.1562
2 1 0 0.152266 0
3 0 0 0.152266 0
3 1 6.47076 1.30916 1.16661
3 2 154.12 29.2699 29.2783
3 3 383.499 83.6161 83.79
3 4 508.684 97.7149 97.9087
3 5 442.244 80.8592 81.0101
3 6 384.68 77.0079 77.1602
3 7 269.166 54.4305 54.5185
3 8 193.683 46.1663 46.2246
3 9 131.206 33.0962 33.0791
3 10 94.4205 20.8911 20.8227
3 11 57.0083 12.6525 12.5914
3 12 47.3552 11.2245 11.1176
3 13 33.1581 8.16903 8.05965
3 14 21.2648 4.94145 4.80776
3 15 48.3528 12.1059 12.0581
4 0 0.0379363 0.0497252 0.00143917
4 1 136.948 34.5977 34.6305
4 2 664.77 151.196 151.508
4 3 635.223 125.989 126.238
4 4 515.129 104.928 105.139
4 5 338.606 66.5295 66.6575
4 6 230.108 46.8856 46.9576
4 7 153.143 41.2915 41.3466
4 8 87.5097 19.622 19.5472
4 9 48.8123 11.5486 11.4909
4 10 34.0303 8.30254 8.2341
4 11 19.597 4.73043 4.60656
4 12 16.2139 4.40973 4.3121
4 13 9.05751 2.21389 2.0646
4 14 9.15953 2.41389 2.28345
4 15 22.5667 9.44015 9.32031
5 0 0 0.152266 0
5 1 2.45408 1.74012 1.55435
5 2 110.864 66.4664 66.5515
5 3 944.726 584.211 585.688
5 4 2050.88 1165.9 1168.24
5 5 2873.68 1508.27 1510.55
5 6 3291.19 1748.08 1750.31
5 7 3298.95 1840.84 1843.37
5 8 2962.55 1687.85 1690.49
5 9 2464.82 1418.32 1420.88
5 10 1951.65 1085.09 1087.28
5 11 1534.14 851.439 853.342
5 12 1104.08 594.743 596.174
5 13 770.166 378.626 379.574
5 14 562.938 296.275 297.023
5 15 1304.42 726.336 728.026
6 0 3.9873 1.55744 1.4166
6 1 15.873 12.0922 12.0109
6 2 830.028 396.498 397.477
6 3 1702.96 775.903 777.42
6 4 1997.78 901.351 902.966
6 5 1963.98 869.663 871.22
6 6 1903.32 950.604 952.463
6 7 1648.66 816.963 818.646
6 8 1317.5 578.725 579.962
6 9 1091.73 548.855 550.16
6 10 846.782 443.681 444.794
6 11 648.731 361.014 361.954
6 12 466.13 253.535 254.176
6 13 327.652 159.91 160.279
6 14 225.346 101.617 101.817
6 15 497.801 239.211 239.83
