2.3 0
1 0 50.6654 7.39221 7.27338
1 1 0.00107576 0.0100653 1.15725e-06
2 0 139.278 26.1492 26.1586
2 1 0 0.152266 0
3 0 0 0.152266 0
3 1 6.47199 1.30916 1.16661
3 2 154.163 29.2698 29.2784
3 3 383.613 83.6173 83.7903
3 4 508.829 97.7163 97.9091
3 5 442.356 80.8582 81.0104
3 6 384.762 77.0087 77.1604
3 7 269.218 54.431 54.5186
3 8 193.716 46.1667 46.2247
3 9 131.225 33.0965 33.0791
3 10 94.4334 20.8912 20.8228
3 11 57.0149 12.6526 12.5914
3 12 47.3603 11.2246 11.1177
3 13 33.162 8.16907 8.05966
3 14 21.266 4.94146 4.80776
3 15 48.3557 12.1059 12.0581
4 0 0.0379363 0.0497252 0.00143917
4 1 136.988 34.5982 34.6306
4 2 664.987 151.198 151.509
4 3 635.428 125.991 126.238
4 4 515.277 104.927 105.14
4 5 338.694 66.5289 66.6577
4 6 230.156 46.886 46.9577
4 7 153.169 41.2918 41.3466
4 8 87.5221 19.6219 19.5472
4 9 48.818 11.5486 11.4909
4 10 34.0333 8.30257 8.2341
4 11 19.5994 4.73042 4.60656
4 12 16.215 4.40972 4.31211
4 13 9.0581 2.21389 2.06461
4 14 9.15983 2.41389 2.28345
4 15 22.5668 9.44012 9.32031
5 0 0 0.152266 0
5 1 2.45408 1.74012 1.55435
5 2 110.864 66.4664 66.5515
5 3 944.729 584.211 585.688
5 4 2050.88 1165.91 1168.24
5 5 2873.69 1508.27 1510.55
5 6 3291.2 1748.08 1750.31
5 7 3298.96 1840.84 1843.37
5 8 2962.56 1687.85 1690.49
5 9 2464.83 1418.32 1420.88
5 10 1951.66 1085.09 1087.28
5 11 1534.15 851.439 853.342
5 12 1104.08 594.744 596.174
5 13 770.168 378.626 379.574
5 14 562.939 296.275 297.023
5 15 1304.42 726.336 728.026
6 0 3.9873 1.55744 1.4166
6 1 15.8731 12.0922 12.0109
6 2 830.031 396.498 397.477
6 3 1702.97 775.903 777.42
6 4 1997.79 901.351 902.966
6 5 1964 869.663 871.22
6 6 1903.33 950.605 952.463
6 7 1648.67 816.964 818.646
6 8 1317.51 578.725 579.962
6 9 1091.73 548.855 550.16
6 10 846.785 443.681 444.794
6 11 648.732 361.014 361.954
6 12 466.132 253.535 254.176
6 13 327.653 159.907 160.279
6 14 225.346 101.617 101.817
6 15 497.802 239.211 239.83
