2.4 0
1 0 51.1182 7.39325 7.27452
1 1 0.00112253 0.0101432 1.26007e-06
2 0 140.251 26.1515 26.161
2 1 0 0.152266 0
3 0 0 0.152266 0
3 1 6.47323 1.30916 1.16661
3 2 154.206 29.2698 29.2785
3 3 383.727 83.6167 83.7906
3 4 508.974 97.7152 97.9095
3 5 442.468 80.8592 81.0107
3 6 384.844 77.0077 77.1606
3 7 269.27 54.4305 54.5187
3 8 193.749 46.1663 46.2248
3 9 131.244 33.0967 33.0791
3 10 94.4463 20.8913 20.8228
3 11 57.0215 12.6526 12.5914
3 12 47.3654 11.2245 11.1177
3 13 33.1658 8.16906 8.05966
3 14 21.2673 4.94147 4.80777
3 15 48.3585 12.1059 12.0581
4 0 0.0379363 0.0497252 0.00143917
4 1 137.028 34.5978 34.6307
4 2 665.205 151.196 151.51
4 3 635.633 125.993 126.239
4 4 515.425 104.929 105.14
4 5 338.781 66.5298 66.6579
4 6 230.203 46.8857 46.9579
4 7 153.195 41.2916 41.3467
4 8 87.5345 19.6221 19.5473
4 9 48.8237 11.5487 11.4909
4 10 34.0364 8.3026 8.23411
4 11 19.6017 4.73045 4.60657
4 12 16.2162 4.40973 4.31211
4 13 9.0587 2.21389 2.06461
4 14 9.16014 2.4139 2.28345
4 15 22.567 9.44012 9.32031
5 0 0 0.152266 0
5 1 2.45408 1.74012 1.55435
5 2 110.864 66.4664 66.5515
5 3 944.732 584.211 585.688
5 4 2050.89 1165.91 1168.24
5 5 2873.71 1508.27 1510.55
5 6 3291.22 1748.08 1750.31
5 7 3298.97 1840.84 1843.37
5 8 2962.57 1687.85 1690.49
5 9 2464.84 1418.32 1420.88
5 10 1951.66 1085.09 1087.28
5 11 1534.15 851.439 853.342
5 12 1104.09 594.744 596.174
5 13 770.171 378.626 379.574
5 14 562.94 296.275 297.023
5 15 1304.42 726.336 728.026
6 0 3.9873 1.55744 1.4166
6 1 15.8731 12.0922 12.0109
6 2 830.034 396.498 397.477
6 3 1702.98 775.903 777.42
6 4 1997.8 901.351 902.966
6 5 1964.01 869.663 871.22
6 6 1903.35 950.605 952.463
6 7 1648.68 816.964 818.646
6 8 1317.52 578.725 579.962
6 9 1091.74 548.855 550.16
6 10 846.789 443.682 444.794
6 11 648.734 361.014 361.954
6 12 466.133 253.535 254.176
6 13 327.654 159.907 160.279
6 14 225.346 101.617 101.817
6 15 497.803 239.211 239.83
