2.5 0
1 0 51.5709 7.39438 7.27571
1 1 0.0011693 0.0102255 1.36726e-06
2 0 141.223 26.1539 26.1636
2 1 0 0.152266 0
3 0 0 0.152266 0
3 1 6.47446 1.30917 1.16662
3 2 154.249 29.2702 29.2786
3 3 383.841 83.6179 83.7909
3 4 509.119 97.714 97.9098
3 5 442.58 80.8583 81.011
3 6 384.927 77.0086 77.1609
3 7 269.322 54.431 54.5189
3 8 193.782 46.166 46.2249
3 9 131.262 33.0965 33.0792
3 10 94.4591 20.8915 20.8228
3 11 57.0281 12.6526 12.5914
3 12 47.3705 11.2246 11.1177
3 13 33.1697 8.16905 8.05968
3 14 21.2685 4.94148 4.80777
3 15 48.3614 12.1058 12.0581
4 0 0.0379363 0.0497252 0.00143917
4 1 137.068 34.5983 34.6308
4 2 665.423 151.199 151.51
4 3 635.837 125.992 126.239
4 4 515.572 104.93 105.14
4 5 338.869 66.5292 66.6581
4 6 230.251 46.8862 46.958
4 7 153.22 41.2914 41.3468
4 8 87.5469 19.6222 19.5473
4 9 48.8293 11.5486 11.491
4 10 34.0394 8.30264 8.23412
4 11 19.604 4.73042 4.60657
4 12 16.2173 4.40974 4.31211
4 13 9.05929 2.2139 2.06461
4 14 9.16045 2.4139 2.28345
4 15 22.5671 9.44012 9.32031
5 0 0 0.152266 0
5 1 2.45408 1.74012 1.55435
5 2 110.864 66.4664 66.5515
5 3 944.735 584.211 585.688
5 4 2050.9 1165.91 1168.24
5 5 2873.72 1508.27 1510.55
5 6 3291.23 1748.08 1750.31
5 7 3298.98 1840.84 1843.37
5 8 2962.58 1687.85 1690.49
5 9 2464.85 1418.32 1420.88
5 10 1951.67 1085.09 1087.28
5 11 1534.16 851.44 853.342
5 12 1104.09 594.744 596.174
5 13 770.173 378.626 379.574
5 14 562.942 296.275 297.023
5 15 1304.43 726.336 728.026
6 0 3.9873 1.55744 1.4166
6 1 15.8732 12.0922 12.0109
6 2 830.036 396.498 397.477
6 3 1702.98 775.903 777.42
6 4 1997.81 901.351 902.966
6 5 1964.02 869.664 871.22
6 6 1903.36 950.605 952.463
6 7 1648.69 816.964 818.646
6 8 1317.52 578.725 579.962
6 9 1091.74 548.855 550.16
6 10 846.792 443.682 444.794
6 11 648.736 361.014 361.954
6 12 466.135 253.535 254.176
6 13 327.655 159.907 160.279
6 14 225.347 101.617 101.817
6 15 497.804 239.211 239.83
