2.6 0
1 0 52.0237 7.39552 7.27694
1 1 0.00121607 0.010312 1.47883e-06
2 0 142.195 26.1566 26.1662
2 1 0 0.152266 0
3 0 0 0.152266 0
3 1 6.47569 1.30917 1.16662
3 2 154.291 29.2702 29.2787
3 3 383.955 83.6174 83.7912
3 4 509.264 97.7155 97.9102
3 5 442.692 80.8594 81.0113
3 6 385.009 77.0094 77.1611
3 7 269.375 54.4316 54.519
3 8 193.814 46.1664 46.2249
3 9 131.281 33.0963 33.0792
3 10 94.472 20.8911 20.8229
3 11 57.0347 12.6526 12.5915
3 12 47.3756 11.2246 11.1177
3 13 33.1736 8.16909 8.05969
3 14 21.2697 4.94146 4.80777
3 15 48.3643 12.1058 12.0581
4 0 0.0379363 0.0497252 0.00143917
4 1 137.108 34.5983 34.6309
4 2 665.641 151.197 151.511
4 3 636.042 125.994 126.24
4 4 515.72 104.932 105.141
4 5 338.957 66.5301 66.6584
4 6 230.299 46.8859 46.9581
4 7 153.246 41.2917 41.3468
4 8 87.5593 19.6221 19.5473
4 9 48.835 11.5487 11.491
4 10 34.0424 8.30261 8.23413
4 11 19.6064 4.73044 4.60658
4 12 16.2185 4.40973 4.31211
4 13 9.05989 2.21389 2.06461
4 14 9.16075 2.4139 2.28345
4 15 22.5673 9.44012 9.32031
5 0 0 0.152266 0
5 1 2.45408 1.74012 1.55435
5 2 110.864 66.4664 66.5515
5 3 944.738 584.211 585.688
5 4 2050.91 1165.91 1168.24
5 5 2873.73 1508.27 1510.55
5 6 3291.24 1748.08 1750.31
5 7 3299 1840.85 1843.37
5 8 2962.59 1687.85 1690.49
5 9 2464.86 1418.32 1420.88
5 10 1951.67 1085.09 1087.28
5 11 1534.16 851.44 853.342
5 12 1104.09 594.744 596.174
5 13 770.175 378.626 379.574
5 14 562.943 296.275 297.023
5 15 1304.43 726.336 728.026
6 0 3.9873 1.55744 1.4166
6 1 15.8732 12.0922 12.0109
6 2 830.039 396.499 397.477
6 3 1702.99 775.904 777.42
6 4 1997.83 901.352 902.966
6 5 1964.04 869.664 871.22
6 6 1903.37 950.605 952.463
6 7 1648.7 816.964 818.646
6 8 1317.53 578.725 579.962
6 9 1091.75 548.855 550.16
6 10 846.796 443.682 444.794
6 11 648.738 361.014 361.954
6 12 466.137 253.535 254.176
6 13 327.656 159.907 160.279
6 14 225.347 101.617 101.817
6 15 497.805 239.211 239.83
