2.7 0
1 0 52.4765 7.39667 7.27823
1 1 0.00126285 0.0104022 1.59478e-06
2 0 143.168 26.1593 26.169
2 1 0 0.152266 0
3 0 0 0.152266 0
3 1 6.47692 1.30917 1.16663
3 2 154.334 29.2701 29.2789
3 3 384.069 83.6187 83.7915
3 4 509.409 97.717 97.9106
3 5 442.804 80.8605 81.0116
3 6 385.092 77.0103 77.1613
3 7 269.427 54.4311 54.5192
3 8 193.847 46.1668 46.225
3 9 131.3 33.0965 33.0793
3 10 94.4848 20.8913 20.8229
3 11 57.0413 12.6526 12.5915
3 12 47.3807 11.2246 11.1177
3 13 33.1774 8.16913 8.0597
3 14 21.2709 4.94145 4.80778
3 15 48.3672 12.1059 12.0581
4 0 0.0379363 0.0497252 0.00143917
4 1 137.148 34.5984 34.631
4 2 665.858 151.2 151.511
4 3 636.247 125.993 126.24
4 4 515.867 104.931 105.141
4 5 339.045 66.531 66.6586
4 6 230.347 46.8864 46.9583
4 7 153.272 41.2915 41.3469
4 8 87.5718 19.622 19.5474
4 9 48.8407 11.5487 11.491
4 10 34.0454 8.30259 8.23414
4 11 19.6087 4.73046 4.60659
4 12 16.2196 4.40974 4.31212
4 13 9.06048 2.2139 2.06461
4 14 9.16106 2.41388 2.28346
4 15 22.5674 9.44013 9.32031
5 0 0 0.152266 0
5 1 2.45408 1.74012 1.55435
5 2 110.865 66.4664 66.5515
5 3 944.741 584.212 585.688
5 4 2050.91 1165.91 1168.24
5 5 2873.74 1508.27 1510.55
5 6 3291.25 1748.08 1750.31
5 7 3299.01 1840.85 1843.37
5 8 2962.6 1687.85 1690.49
5 9 2464.87 1418.32 1420.88
5 10 1951.68 1085.09 1087.28
5 11 1534.17 851.44 853.342
5 12 1104.1 594.744 596.174
5 13 770.178 378.626 379.574
5 14 562.944 296.275 297.023
5 15 1304.43 726.336 728.026
6 0 3.9873 1.55744 1.4166
6 1 15.8733 12.0922 12.0109
6 2 830.042 396.499 397.477
6 3 1703 775.904 777.42
6 4 1997.84 901.352 902.966
6 5 1964.05 869.664 871.22
6 6 1903.38 950.606 952.463
6 7 1648.71 816.965 818.646
6 8 1317.54 578.726 579.962
6 9 1091.75 548.856 550.16
6 10 846.799 443.673 444.794
6 11 648.74 361.014 361.954
6 12 466.138 253.535 254.176
6 13 327.657 159.908 160.279
6 14 225.348 101.617 101.817
6 15 497.806 239.211 239.83
