2.8 0
1 0 52.9293 7.39792 7.27956
1 1 0.00130962 0.0104958 1.7151e-06
2 0 144.14 26.162 26.1719
2 1 0 0.152266 0
3 0 0 0.152266 0
3 1 6.47815 1.30918 1.16663
3 2 154.377 29.2706 29.279
3 3 384.184 83.6181 83.7918
3 4 509.554 97.7185 97.9111
3 5 442.915 80.8595 81.0119
3 6 385.174 77.0094 77.1616
3 7 269.479 54.4316 54.5193
3 8 193.88 46.1665 46.2251
3 9 131.319 33.0968 33.0794
3 10 94.4977 20.8914 20.8229
3 11 57.0479 12.6527 12.5915
3 12 47.3858 11.2246 11.1177
3 13 33.1813 8.16907 8.05971
3 14 21.2722 4.94146 4.80778
3 15 48.3701 12.1059 12.0581
4 0 0.0379363 0.0497252 0.00143917
4 1 137.189 34.5984 34.6311
4 2 666.076 151.198 151.512
4 3 636.451 125.995 126.241
4 4 516.015 104.93 105.142
4 5 339.133 66.5305 66.6589
4 6 230.394 46.8869 46.9584
4 7 153.298 41.2919 41.347
4 8 87.5842 19.6222 19.5474
4 9 48.8464 11.5486 11.491
4 10 34.0484 8.30262 8.23414
4 11 19.6111 4.73046 4.60659
4 12 16.2208 4.40974 4.31212
4 13 9.06107 2.2139 2.06461
4 14 9.16136 2.41389 2.28346
4 15 22.5676 9.44013 9.32031
5 0 0 0.152266 0
5 1 2.45408 1.74012 1.55435
5 2 110.865 66.4664 66.5515
5 3 944.743 584.199 585.688
5 4 2050.92 1165.91 1168.24
5 5 2873.75 1508.27 1510.55
5 6 3291.27 1748.08 1750.31
5 7 3299.02 1840.85 1843.37
5 8 2962.61 1687.85 1690.49
5 9 2464.88 1418.32 1420.88
5 10 1951.69 1085.09 1087.28
5 11 1534.17 851.44 853.342
5 12 1104.1 594.744 596.174
5 13 770.18 378.626 379.574
5 14 562.945 296.275 297.023
5 15 1304.44 726.336 728.026
6 0 3.9873 1.55744 1.4166
6 1 15.8733 12.0922 12.0109
6 2 830.044 396.499 397.477
6 3 1703.01 775.904 777.42
6 4 1997.85 901.352 902.966
6 5 1964.06 869.664 871.22
6 6 1903.4 950.606 952.463
6 7 1648.72 816.965 818.646
6 8 1317.54 578.726 579.962
6 9 1091.76 548.856 550.16
6 10 846.802 443.673 444.794
6 11 648.742 361.014 361.954
6 12 466.14 253.535 254.176
6 13 327.658 159.908 160.279
6 14 225.348 101.617 101.817
6 15 497.807 239.211 239.83
