2.9 0
1 0 53.382 7.39917 7.28095
1 1 0.00135639 0.0105924 1.83979e-06
2 0 145.113 26.1648 26.1749
2 1 0 0.152266 0
3 0 0 0.152266 0
3 1 6.47938 1.30918 1.16663
3 2 154.419 29.2701 29.2791
3 3 384.298 83.6194 83.7922
3 4 509.699 97.7148 97.9115
3 5 443.027 80.8606 81.0123
3 6 385.256 77.0085 77.1618
3 7 269.531 54.4311 54.5195
3 8 193.913 46.1669 46.2252
3 9 131.337 33.097 33.0794
3 10 94.5106 20.8913 20.823
3 11 57.0545 12.6528 12.5915
3 12 47.3909 11.2246 11.1177
3 13 33.1852 8.16911 8.05972
3 14 21.2734 4.94147 4.80778
3 15 48.373 12.1059 12.0581
4 0 0.0379363 0.0497252 0.00143917
4 1 137.229 34.5985 34.6313
4 2 666.294 151.201 151.513
4 3 636.656 125.997 126.242
4 4 516.163 104.931 105.142
4 5 339.221 66.53 66.6592
4 6 230.442 46.8866 46.9586
4 7 153.324 41.2917 41.3471
4 8 87.5966 19.6223 19.5474
4 9 48.852 11.5487 11.491
4 10 34.0514 8.30266 8.23415
4 11 19.6134 4.73046 4.6066
4 12 16.2219 4.40975 4.31212
4 13 9.06167 2.2139 2.06462
4 14 9.16167 2.41389 2.28346
4 15 22.5677 9.44013 9.32031
5 0 0 0.152266 0
5 1 2.45408 1.74012 1.55435
5 2 110.865 66.4664 66.5515
5 3 944.746 584.2 585.688
5 4 2050.93 1165.91 1168.24
5 5 2873.76 1508.27 1510.55
5 6 3291.28 1748.08 1750.31
5 7 3299.03 1840.85 1843.37
5 8 2962.63 1687.85 1690.49
5 9 2464.89 1418.32 1420.88
5 10 1951.69 1085.09 1087.28
5 11 1534.18 851.44 853.342
5 12 1104.11 594.744 596.174
5 13 770.183 378.626 379.574
5 14 562.947 296.275 297.023
5 15 1304.44 726.336 728.026
6 0 3.9873 1.55744 1.4166
6 1 15.8734 12.0922 12.0109
6 2 830.047 396.499 397.477
6 3 1703.01 775.904 777.42
6 4 1997.86 901.352 902.966
6 5 1964.08 869.665 871.22
6 6 1903.41 950.606 952.463
6 7 1648.73 816.965 818.646
6 8 1317.55 578.726 579.962
6 9 1091.77 548.856 550.16
6 10 846.806 443.673 444.794
6 11 648.744 361.014 361.954
6 12 466.142 253.535 254.176
6 13 327.659 159.908 160.279
6 14 225.348 101.617 101.817
6 15 497.808 239.211 239.83
