0.3 0
1 0 41.6098 7.38179 7.26076
1 1 0.000140316 0.00960894 1.96886e-08
2 0 119.831 26.1238 26.1314
2 1 0 0.152266 0
3 0 0 0.152266 0
3 1 6.44736 1.30915 1.16658
3 2 153.309 29.2688 29.2772
3 3 381.331 83.6132 83.7871
3 4 505.93 97.7088 97.905
3 5 440.118 80.8537 81.0073
3 6 383.115 77.0059 77.1581
3 7 268.174 54.4288 54.5172
3 8 193.06 46.1654 46.2238
3 9 130.851 33.0961 33.0786
3 10 94.1762 20.8909 20.8224
3 11 56.8828 12.6524 12.5912
3 12 47.2584 11.2244 11.1175
3 13 33.0846 8.16899 8.05955
3 14 21.2415 4.94142 4.80773
3 15 48.298 12.1058 12.058
4 0 0.0379363 0.0497252 0.00143917
4 1 136.185 34.5968 34.6295
4 2 660.632 151.187 151.503
4 3 631.333 125.983 126.233
4 4 512.325 104.924 105.135
4 5 336.935 66.5276 66.6552
4 6 229.2 46.8848 46.9564
4 7 152.653 41.2911 41.3459
4 8 87.2737 19.6217 19.5469
4 9 48.7046 11.5485 11.4908
4 10 33.9732 8.30251 8.23402
4 11 19.5526 4.73039 4.6065
4 12 16.1919 4.4097 4.31207
4 13 9.04624 2.21388 2.06459
4 14 9.15372 2.41389 2.28344
4 15 22.5637 9.44011 9.3203
5 0 0 0.152266 0
5 1 2.45408 1.74012 1.55435
5 2 110.861 66.4663 66.5515
5 3 944.671 584.21 585.688
5 4 2050.74 1165.94 1168.24
5 5 2873.47 1508.26 1510.55
5 6 3290.95 1748.07 1750.31
5 7 3298.74 1840.84 1843.37
5 8 2962.35 1687.85 1690.49
5 9 2464.66 1418.32 1420.88
5 10 1951.53 1085.09 1087.28
5 11 1534.04 851.437 853.342
5 12 1103.99 594.742 596.174
5 13 770.12 378.625 379.574
5 14 562.914 296.274 297.023
5 15 1304.36 726.335 728.026
6 0 3.9873 1.55744 1.4166
6 1 15.8721 12.0922 12.0109
6 2 829.978 396.497 397.477
6 3 1702.82 775.9 777.42
6 4 1997.54 901.346 902.965
6 5 1963.73 869.658 871.22
6 6 1903.09 950.629 952.462
6 7 1648.46 816.959 818.645
6 8 1317.38 578.723 579.962
6 9 1091.62 548.853 550.16
6 10 846.715 443.68 444.794
6 11 648.694 361.013 361.954
6 12 466.098 253.535 254.176
6 13 327.632 159.909 160.279
6 14 225.339 101.617 101.817
6 15 497.782 239.21 239.83
