3 0
1 0 53.8348 7.40052 7.28238
1 1 0.00140316 0.0106918 1.96886e-06
2 0 146.085 26.1679 26.1779
2 1 0 0.152266 0
3 0 0 0.152266 0
3 1 6.48062 1.30917 1.16664
3 2 154.462 29.2705 29.2792
3 3 384.412 83.6189 83.7925
3 4 509.844 97.7164 97.912
3 5 443.139 80.8618 81.0126
3 6 385.339 77.0094 77.1621
3 7 269.584 54.4317 54.5197
3 8 193.946 46.1666 46.2253
3 9 131.356 33.0964 33.0795
3 10 94.5234 20.8915 20.823
3 11 57.0611 12.6526 12.5915
3 12 47.396 11.2247 11.1178
3 13 33.189 8.16915 8.05973
3 14 21.2746 4.94148 4.80779
3 15 48.3759 12.106 12.0581
4 0 0.0379363 0.0497252 0.00143917
4 1 137.269 34.5986 34.6314
4 2 666.512 151.203 151.513
4 3 636.861 125.995 126.242
4 4 516.31 104.933 105.143
4 5 339.309 66.5309 66.6594
4 6 230.49 46.8862 46.9587
4 7 153.349 41.292 41.3471
4 8 87.609 19.622 19.5475
4 9 48.8577 11.5488 11.491
4 10 34.0544 8.30263 8.23416
4 11 19.6157 4.73046 4.60661
4 12 16.2231 4.40974 4.31213
4 13 9.06226 2.21389 2.06462
4 14 9.16197 2.41389 2.28346
4 15 22.5679 9.44013 9.32031
5 0 0 0.152266 0
5 1 2.45408 1.74012 1.55435
5 2 110.865 66.4664 66.5515
5 3 944.749 584.2 585.688
5 4 2050.94 1165.91 1168.24
5 5 2873.77 1508.27 1510.55
5 6 3291.29 1748.08 1750.31
5 7 3299.04 1840.85 1843.37
5 8 2962.64 1687.85 1690.49
5 9 2464.9 1418.32 1420.88
5 10 1951.7 1085.09 1087.28
5 11 1534.18 851.44 853.342
5 12 1104.11 594.744 596.174
5 13 770.185 378.626 379.574
5 14 562.948 296.275 297.023
5 15 1304.44 726.336 728.026
6 0 3.9873 1.55744 1.4166
6 1 15.8734 12.0922 12.0109
6 2 830.05 396.499 397.477
6 3 1703.02 775.904 777.42
6 4 1997.88 901.353 902.966
6 5 1964.09 869.665 871.22
6 6 1903.42 950.607 952.463
6 7 1648.74 816.94 818.646
6 8 1317.56 578.726 579.962
6 9 1091.77 548.856 550.16
6 10 846.809 443.673 444.794
6 11 648.746 361.014 361.954
6 12 466.143 253.536 254.176
6 13 327.66 159.908 160.279
6 14 225.349 101.617 101.817
6 15 497.809 239.211 239.83
