3.1 0
1 0 54.2876 7.40188 7.28386
1 1 0.00144993 0.0107935 2.10231e-06
2 0 147.057 26.1707 26.1811
2 1 0 0.152266 0
3 0 0 0.152266 0
3 1 6.48185 1.30918 1.16664
3 2 154.505 29.271 29.2794
3 3 384.526 83.6203 83.7929
3 4 509.989 97.7179 97.9125
3 5 443.251 80.8609 81.013
3 6 385.421 77.0103 77.1623
3 7 269.636 54.4323 54.5198
3 8 193.978 46.167 46.2254
3 9 131.375 33.0967 33.0795
3 10 94.5363 20.8914 20.8231
3 11 57.0677 12.6527 12.5916
3 12 47.401 11.2248 11.1178
3 13 33.1929 8.16914 8.05975
3 14 21.2759 4.9415 4.80779
3 15 48.3787 12.106 12.0582
4 0 0.0379363 0.0497252 0.00143917
4 1 137.309 34.5991 34.6315
4 2 666.729 151.202 151.514
4 3 637.066 125.998 126.243
4 4 516.458 104.934 105.143
4 5 339.397 66.5319 66.6597
4 6 230.538 46.8868 46.9589
4 7 153.375 41.2918 41.3472
4 8 87.6214 19.6222 19.5475
4 9 48.8634 11.5488 11.4911
4 10 34.0574 8.30267 8.23417
4 11 19.6181 4.73048 4.60661
4 12 16.2242 4.40975 4.31213
4 13 9.06285 2.2139 2.06462
4 14 9.16228 2.41389 2.28346
4 15 22.568 9.44014 9.32031
5 0 0 0.152266 0
5 1 2.45408 1.74012 1.55435
5 2 110.865 66.4664 66.5515
5 3 944.752 584.2 585.688
5 4 2050.94 1165.91 1168.24
5 5 2873.78 1508.27 1510.55
5 6 3291.3 1748.08 1750.31
5 7 3299.05 1840.85 1843.37
5 8 2962.65 1687.85 1690.49
5 9 2464.9 1418.32 1420.88
5 10 1951.71 1085.09 1087.28
5 11 1534.19 851.44 853.342
5 12 1104.12 594.744 596.174
5 13 770.187 378.626 379.574
5 14 562.949 296.275 297.023
5 15 1304.44 726.337 728.026
6 0 3.9873 1.55744 1.4166
6 1 15.8735 12.0922 12.0109
6 2 830.053 396.499 397.477
6 3 1703.03 775.904 777.42
6 4 1997.89 901.353 902.966
6 5 1964.11 869.665 871.22
6 6 1903.43 950.607 952.463
6 7 1648.75 816.941 818.646
6 8 1317.56 578.726 579.963
6 9 1091.78 548.856 550.16
6 10 846.813 443.673 444.794
6 11 648.748 361.014 361.954
6 12 466.145 253.536 254.176
6 13 327.661 159.908 160.279
6 14 225.349 101.617 101.817
6 15 497.81 239.211 239.83
