3.2 0
1 0 54.7404 7.40326 7.28539
1 1 0.00149671 0.0108974 2.24013e-06
2 0 148.03 26.1739 26.1844
2 1 0 0.152266 0
3 0 0 0.152266 0
3 1 6.48308 1.30919 1.16664
3 2 154.548 29.271 29.2795
3 3 384.64 83.6197 83.7933
3 4 510.134 97.7195 97.9129
3 5 443.363 80.862 81.0134
3 6 385.503 77.0112 77.1626
3 7 269.688 54.4318 54.52
3 8 194.011 46.1667 46.2256
3 9 131.393 33.0969 33.0796
3 10 94.5492 20.8915 20.8231
3 11 57.0743 12.6528 12.5916
3 12 47.4061 11.2246 11.1178
3 13 33.1968 8.16914 8.05976
3 14 21.2771 4.94151 4.8078
3 15 48.3816 12.1059 12.0582
4 0 0.0379363 0.0497252 0.00143917
4 1 137.349 34.5987 34.6317
4 2 666.947 151.204 151.515
4 3 637.27 125.996 126.244
4 4 516.605 104.936 105.143
4 5 339.485 66.5314 66.66
4 6 230.585 46.8873 46.959
4 7 153.401 41.2922 41.3473
4 8 87.6339 19.6223 19.5476
4 9 48.8691 11.5487 11.4911
4 10 34.0604 8.30265 8.23418
4 11 19.6204 4.73048 4.60662
4 12 16.2254 4.40976 4.31213
4 13 9.06345 2.2139 2.06462
4 14 9.16259 2.4139 2.28346
4 15 22.5682 9.44014 9.32031
5 0 0 0.152266 0
5 1 2.45408 1.74012 1.55435
5 2 110.865 66.4664 66.5515
5 3 944.755 584.2 585.688
5 4 2050.95 1165.91 1168.24
5 5 2873.79 1508.27 1510.55
5 6 3291.32 1748.08 1750.31
5 7 3299.06 1840.85 1843.37
5 8 2962.66 1687.85 1690.49
5 9 2464.91 1418.32 1420.88
5 10 1951.71 1085.09 1087.28
5 11 1534.19 851.441 853.342
5 12 1104.12 594.744 596.174
5 13 770.19 378.626 379.574
5 14 562.95 296.275 297.023
5 15 1304.45 726.337 728.026
6 0 3.9873 1.55744 1.4166
6 1 15.8735 12.0922 12.0109
6 2 830.055 396.499 397.477
6 3 1703.04 775.904 777.421
6 4 1997.9 901.353 902.966
6 5 1964.12 869.666 871.22
6 6 1903.45 950.607 952.463
6 7 1648.76 816.941 818.646
6 8 1317.57 578.71 579.963
6 9 1091.78 548.856 550.16
6 10 846.816 443.673 444.794
6 11 648.75 361.014 361.954
6 12 466.147 253.536 254.176
6 13 327.662 159.908 160.279
6 14 225.349 101.617 101.817
6 15 497.811 239.211 239.83
