3.3 0
1 0 55.1932 7.40473 7.28696
1 1 0.00154348 0.0110033 2.38232e-06
2 0 149.002 26.1772 26.1878
2 1 0 0.152266 0
3 0 0 0.152266 0
3 1 6.48431 1.30919 1.16665
3 2 154.59 29.271 29.2797
3 3 384.754 83.6211 83.7937
3 4 510.279 97.721 97.9135
3 5 443.475 80.8611 81.0137
3 6 385.586 77.0121 77.1629
3 7 269.74 54.4324 54.5202
3 8 194.044 46.1671 46.2257
3 9 131.412 33.0971 33.0797
3 10 94.562 20.8914 20.8231
3 11 57.0809 12.6528 12.5916
3 12 47.4112 11.2247 11.1178
3 13 33.2006 8.16918 8.05977
3 14 21.2783 4.94149 4.8078
3 15 48.3845 12.1059 12.0582
4 0 0.0379363 0.0497252 0.00143917
4 1 137.389 34.5992 34.6318
4 2 667.165 151.203 151.516
4 3 637.475 125.999 126.244
4 4 516.753 104.932 105.144
4 5 339.573 66.5324 66.6603
4 6 230.633 46.8878 46.9592
4 7 153.427 41.292 41.3474
4 8 87.6463 19.6225 19.5476
4 9 48.8747 11.5488 11.4911
4 10 34.0634 8.30268 8.23419
4 11 19.6227 4.73048 4.60663
4 12 16.2266 4.40976 4.31214
4 13 9.06404 2.21391 2.06462
4 14 9.16289 2.4139 2.28346
4 15 22.5683 9.44014 9.32031
5 0 0 0.152266 0
5 1 2.45408 1.74012 1.55435
5 2 110.866 66.4664 66.5515
5 3 944.758 584.2 585.688
5 4 2050.96 1165.91 1168.24
5 5 2873.81 1508.27 1510.55
5 6 3291.33 1748.08 1750.31
5 7 3299.07 1840.85 1843.37
5 8 2962.67 1687.85 1690.49
5 9 2464.92 1418.32 1420.88
5 10 1951.72 1085.09 1087.29
5 11 1534.2 851.441 853.342
5 12 1104.13 594.745 596.174
5 13 770.192 378.626 379.574
5 14 562.952 296.275 297.023
5 15 1304.45 726.337 728.026
6 0 3.9873 1.55744 1.4166
6 1 15.8735 12.0922 12.0109
6 2 830.058 396.499 397.477
6 3 1703.04 775.905 777.421
6 4 1997.91 901.353 902.966
6 5 1964.13 869.666 871.22
6 6 1903.46 950.607 952.463
6 7 1648.77 816.941 818.646
6 8 1317.58 578.711 579.963
6 9 1091.79 548.856 550.16
6 10 846.82 443.673 444.794
6 11 648.752 361.014 361.954
6 12 466.148 253.536 254.176
6 13 327.663 159.908 160.279
6 14 225.35 101.617 101.817
6 15 497.812 239.211 239.83
