3.4 0
1 0 55.6459 7.4063 7.28859
1 1 0.00159025 0.0111109 2.52889e-06
2 0 149.974 26.1808 26.1913
2 1 0 0.152266 0
3 0 0 0.152266 0
3 1 6.48554 1.30919 1.16665
3 2 154.633 29.271 29.2798
3 3 384.868 83.6206 83.7941
3 4 510.424 97.7174 97.914
3 5 443.587 80.8623 81.0142
3 6 385.668 77.0113 77.1632
3 7 269.792 54.4329 54.5204
3 8 194.077 46.1675 46.2258
3 9 131.431 33.097 33.0797
3 10 94.5749 20.8916 20.8232
3 11 57.0875 12.6528 12.5916
3 12 47.4163 11.2248 11.1178
3 13 33.2045 8.16917 8.05979
3 14 21.2795 4.94148 4.8078
3 15 48.3874 12.1059 12.0582
4 0 0.0379363 0.0497252 0.00143917
4 1 137.429 34.5989 34.6319
4 2 667.383 151.205 151.516
4 3 637.68 125.997 126.245
4 4 516.901 104.934 105.145
4 5 339.661 66.5319 66.6606
4 6 230.681 46.8867 46.9594
4 7 153.452 41.2924 41.3475
4 8 87.6587 19.6224 19.5476
4 9 48.8804 11.5488 11.4911
4 10 34.0664 8.30266 8.2342
4 11 19.6251 4.7305 4.60664
4 12 16.2277 4.40975 4.31214
4 13 9.06463 2.2139 2.06462
4 14 9.1632 2.4139 2.28346
4 15 22.5685 9.4401 9.32031
5 0 0 0.152266 0
5 1 2.45408 1.74012 1.55435
5 2 110.866 66.4664 66.5515
5 3 944.761 584.2 585.688
5 4 2050.97 1165.91 1168.24
5 5 2873.82 1508.27 1510.55
5 6 3291.34 1748.08 1750.31
5 7 3299.09 1840.85 1843.37
5 8 2962.68 1687.86 1690.49
5 9 2464.93 1418.32 1420.88
5 10 1951.72 1085.09 1087.29
5 11 1534.2 851.441 853.342
5 12 1104.13 594.745 596.174
5 13 770.195 378.626 379.574
5 14 562.953 296.275 297.023
5 15 1304.45 726.337 728.026
6 0 3.9873 1.55744 1.4166
6 1 15.8736 12.0922 12.0109
6 2 830.061 396.499 397.477
6 3 1703.05 775.905 777.421
6 4 1997.93 901.354 902.966
6 5 1964.15 869.666 871.22
6 6 1903.47 950.608 952.463
6 7 1648.78 816.941 818.646
6 8 1317.58 578.711 579.963
6 9 1091.79 548.856 550.16
6 10 846.823 443.673 444.794
6 11 648.754 361.014 361.954
6 12 466.15 253.536 254.176
6 13 327.664 159.908 160.279
6 14 225.35 101.617 101.817
6 15 497.813 239.211 239.83
