3.5 0
1 0 56.0987 7.4078 7.29026
1 1 0.00163702 0.01122 2.67984e-06
2 0 150.947 26.1845 26.1949
2 1 0 0.152266 0
3 0 0 0.152266 0
3 1 6.48677 1.3092 1.16666
3 2 154.676 29.2714 29.28
3 3 384.982 83.622 83.7945
3 4 510.569 97.719 97.9145
3 5 443.699 80.8635 81.0146
3 6 385.751 77.0105 77.1635
3 7 269.845 54.4325 54.5206
3 8 194.11 46.1672 46.2259
3 9 131.449 33.0968 33.0798
3 10 94.5877 20.8917 20.8232
3 11 57.0941 12.6528 12.5916
3 12 47.4214 11.2248 11.1179
3 13 33.2084 8.16921 8.0598
3 14 21.2808 4.94149 4.80781
3 15 48.3903 12.1059 12.0582
4 0 0.0379363 0.0497252 0.00143917
4 1 137.47 34.5994 34.6321
4 2 667.6 151.204 151.517
4 3 637.884 125.999 126.246
4 4 517.048 104.936 105.145
4 5 339.749 66.5329 66.661
4 6 230.729 46.8872 46.9595
4 7 153.478 41.2922 41.3476
4 8 87.6711 19.6223 19.5477
4 9 48.8861 11.5488 11.4911
4 10 34.0694 8.30269 8.23422
4 11 19.6274 4.7305 4.60665
4 12 16.2289 4.40976 4.31215
4 13 9.06523 2.21391 2.06463
4 14 9.16351 2.4139 2.28346
4 15 22.5687 9.4401 9.32031
5 0 0 0.152266 0
5 1 2.45408 1.74012 1.55435
5 2 110.866 66.4664 66.5515
5 3 944.764 584.2 585.688
5 4 2050.97 1165.91 1168.24
5 5 2873.83 1508.27 1510.55
5 6 3291.36 1748.08 1750.31
5 7 3299.1 1840.85 1843.37
5 8 2962.69 1687.86 1690.49
5 9 2464.94 1418.32 1420.88
5 10 1951.73 1085.09 1087.29
5 11 1534.21 851.441 853.342
5 12 1104.13 594.745 596.174
5 13 770.197 378.626 379.574
5 14 562.954 296.275 297.023
5 15 1304.46 726.337 728.026
6 0 3.9873 1.55744 1.4166
6 1 15.8736 12.0922 12.0109
6 2 830.063 396.499 397.477
6 3 1703.06 775.905 777.421
6 4 1997.94 901.354 902.966
6 5 1964.16 869.666 871.22
6 6 1903.48 950.608 952.463
6 7 1648.79 816.942 818.646
6 8 1317.59 578.711 579.963
6 9 1091.8 548.857 550.16
6 10 846.827 443.674 444.794
6 11 648.755 361.014 361.954
6 12 466.152 253.536 254.176
6 13 327.665 159.908 160.279
6 14 225.35 101.617 101.817
6 15 497.814 239.211 239.83
