3.6 0
1 0 56.5515 7.40948 7.29199
1 1 0.00168379 0.0113303 2.83516e-06
2 0 151.919 26.1882 26.1986
2 1 0 0.152266 0
3 0 0 0.152266 0
3 1 6.48801 1.30921 1.16666
3 2 154.718 29.2715 29.2801
3 3 385.096 83.6215 83.795
3 4 510.714 97.7207 97.9151
3 5 443.811 80.8647 81.015
3 6 385.833 77.0114 77.1638
3 7 269.897 54.4331 54.5208
3 8 194.142 46.1676 46.226
3 9 131.468 33.0971 33.0799
3 10 94.6006 20.8917 20.8233
3 11 57.1007 12.6528 12.5917
3 12 47.4265 11.2247 11.1179
3 13 33.2122 8.16921 8.05982
3 14 21.282 4.9415 4.80781
3 15 48.3932 12.106 12.0582
4 0 0.0379363 0.0497252 0.00143917
4 1 137.51 34.5995 34.6322
4 2 667.818 151.207 151.518
4 3 638.089 126.002 126.247
4 4 517.196 104.937 105.146
4 5 339.836 66.5338 66.6613
4 6 230.777 46.8878 46.9597
4 7 153.504 41.2925 41.3477
4 8 87.6835 19.6225 19.5477
4 9 48.8917 11.5488 11.4912
4 10 34.0724 8.30273 8.23423
4 11 19.6298 4.7305 4.60666
4 12 16.23 4.40977 4.31215
4 13 9.06582 2.2139 2.06463
4 14 9.16381 2.4139 2.28346
4 15 22.5688 9.4401 9.32031
5 0 0 0.152266 0
5 1 2.45408 1.74012 1.55435
5 2 110.866 66.4664 66.5515
5 3 944.767 584.2 585.688
5 4 2050.98 1165.91 1168.24
5 5 2873.84 1508.27 1510.55
5 6 3291.37 1748.08 1750.31
5 7 3299.11 1840.85 1843.37
5 8 2962.7 1687.86 1690.49
5 9 2464.95 1418.32 1420.88
5 10 1951.74 1085.09 1087.29
5 11 1534.21 851.441 853.342
5 12 1104.14 594.745 596.174
5 13 770.199 378.626 379.574
5 14 562.955 296.275 297.023
5 15 1304.46 726.337 728.026
6 0 3.9873 1.55744 1.4166
6 1 15.8737 12.0922 12.0109
6 2 830.066 396.499 397.477
6 3 1703.07 775.905 777.421
6 4 1997.95 901.354 902.966
6 5 1964.17 869.667 871.221
6 6 1903.5 950.608 952.463
6 7 1648.8 816.942 818.646
6 8 1317.6 578.711 579.963
6 9 1091.8 548.857 550.16
6 10 846.83 443.674 444.794
6 11 648.757 361.014 361.954
6 12 466.153 253.536 254.176
6 13 327.666 159.908 160.279
6 14 225.351 101.617 101.817
6 15 497.815 239.211 239.83
