3.7 0
1 0 57.0043 7.41118 7.29376
1 1 0.00173057 0.0114417 2.99486e-06
2 0 152.891 26.1915 26.2025
2 1 0 0.152266 0
3 0 0 0.152266 0
3 1 6.48924 1.3092 1.16667
3 2 154.761 29.2715 29.2803
3 3 385.211 83.6229 83.7954
3 4 510.858 97.7223 97.9156
3 5 443.923 80.8639 81.0154
3 6 385.915 77.0124 77.1641
3 7 269.949 54.4326 54.521
3 8 194.175 46.1673 46.2262
3 9 131.487 33.0973 33.0799
3 10 94.6135 20.8916 20.8233
3 11 57.1074 12.6528 12.5917
3 12 47.4316 11.2248 11.1179
3 13 33.2161 8.1692 8.05983
3 14 21.2832 4.94152 4.80782
3 15 48.396 12.106 12.0582
4 0 0.0379363 0.0497252 0.00143917
4 1 137.55 34.5996 34.6324
4 2 668.036 151.205 151.519
4 3 638.294 126.004 126.248
4 4 517.343 104.939 105.146
4 5 339.924 66.5334 66.6617
4 6 230.824 46.8883 46.9599
4 7 153.53 41.2929 41.3478
4 8 87.696 19.6226 19.5478
4 9 48.8974 11.5489 11.4912
4 10 34.0754 8.30271 8.23424
4 11 19.6321 4.73053 4.60666
4 12 16.2312 4.40979 4.31215
4 13 9.06641 2.21391 2.06463
4 14 9.16412 2.4139 2.28347
4 15 22.569 9.44011 9.32031
5 0 0 0.152266 0
5 1 2.45408 1.74012 1.55435
5 2 110.866 66.4664 66.5515
5 3 944.77 584.2 585.688
5 4 2050.99 1165.91 1168.24
5 5 2873.85 1508.27 1510.55
5 6 3291.38 1748.08 1750.31
5 7 3299.12 1840.85 1843.37
5 8 2962.71 1687.86 1690.49
5 9 2464.96 1418.32 1420.88
5 10 1951.74 1085.09 1087.29
5 11 1534.22 851.441 853.342
5 12 1104.14 594.745 596.174
5 13 770.202 378.627 379.574
5 14 562.957 296.275 297.023
5 15 1304.46 726.337 728.026
6 0 3.9873 1.55744 1.4166
6 1 15.8737 12.0922 12.0109
6 2 830.069 396.499 397.477
6 3 1703.07 775.905 777.421
6 4 1997.96 901.355 902.966
6 5 1964.19 869.667 871.221
6 6 1903.51 950.609 952.463
6 7 1648.81 816.942 818.646
6 8 1317.6 578.711 579.963
6 9 1091.81 548.857 550.16
6 10 846.834 443.674 444.794
6 11 648.759 361.015 361.954
6 12 466.155 253.536 254.176
6 13 327.667 159.908 160.279
6 14 225.351 101.617 101.817
6 15 497.816 239.211 239.83
