3.8 0
1 0 57.4571 7.4129 7.29558
1 1 0.00177734 0.0115542 3.15893e-06
2 0 153.864 26.1957 26.2064
2 1 0 0.152266 0
3 0 0 0.152266 0
3 1 6.49047 1.30921 1.16667
3 2 154.804 29.2719 29.2805
3 3 385.325 83.6225 83.7959
3 4 511.003 97.7213 97.9162
3 5 444.035 80.863 81.0159
3 6 385.998 77.0133 77.1645
3 7 270.001 54.4333 54.5212
3 8 194.208 46.1678 46.2263
3 9 131.506 33.0971 33.08
3 10 94.6263 20.8917 20.8234
3 11 57.114 12.6529 12.5917
3 12 47.4367 11.2248 11.1179
3 13 33.22 8.16925 8.05985
3 14 21.2844 4.9415 4.80782
3 15 48.3989 12.106 12.0582
4 0 0.0379363 0.0497252 0.00143917
4 1 137.59 34.6001 34.6326
4 2 668.254 151.208 151.52
4 3 638.499 126.003 126.248
4 4 517.491 104.935 105.147
4 5 340.012 66.533 66.662
4 6 230.872 46.8889 46.9601
4 7 153.556 41.2922 41.3479
4 8 87.7084 19.6226 19.5478
4 9 48.9031 11.5489 11.4912
4 10 34.0784 8.30269 8.23425
4 11 19.6344 4.73053 4.60667
4 12 16.2323 4.40976 4.31216
4 13 9.06701 2.2139 2.06463
4 14 9.16442 2.4139 2.28347
4 15 22.5691 9.44011 9.32031
5 0 0 0.152266 0
5 1 2.45408 1.74012 1.55435
5 2 110.866 66.4664 66.5515
5 3 944.773 584.2 585.688
5 4 2051 1165.91 1168.24
5 5 2873.86 1508.27 1510.55
5 6 3291.39 1748.08 1750.31
5 7 3299.13 1840.85 1843.37
5 8 2962.72 1687.86 1690.49
5 9 2464.97 1418.32 1420.88
5 10 1951.75 1085.09 1087.29
5 11 1534.22 851.441 853.342
5 12 1104.15 594.745 596.174
5 13 770.204 378.627 379.574
5 14 562.958 296.275 297.023
5 15 1304.46 726.337 728.026
6 0 3.9873 1.55744 1.4166
6 1 15.8738 12.0922 12.0109
6 2 830.071 396.499 397.477
6 3 1703.08 775.905 777.421
6 4 1997.98 901.355 902.966
6 5 1964.2 869.667 871.221
6 6 1903.52 950.609 952.463
6 7 1648.82 816.942 818.646
6 8 1317.61 578.711 579.963
6 9 1091.81 548.857 550.16
6 10 846.837 443.674 444.794
6 11 648.761 361.015 361.954
6 12 466.157 253.536 254.176
6 13 327.668 159.908 160.279
6 14 225.351 101.617 101.817
6 15 497.817 239.211 239.83
