3.9 0
1 0 57.9098 7.41464 7.29745
1 1 0.00182411 0.0116674 3.32738e-06
2 0 154.836 26.1995 26.2104
2 1 0 0.152266 0
3 0 0 0.152266 0
3 1 6.4917 1.30921 1.16668
3 2 154.846 29.272 29.2807
3 3 385.439 83.6221 83.7963
3 4 511.148 97.723 97.9168
3 5 444.146 80.8643 81.0163
3 6 386.08 77.0143 77.1648
3 7 270.054 54.4339 54.5214
3 8 194.241 46.1682 46.2264
3 9 131.524 33.0974 33.0801
3 10 94.6392 20.8919 20.8234
3 11 57.1206 12.6529 12.5917
3 12 47.4418 11.2248 11.1179
3 13 33.2238 8.16929 8.05986
3 14 21.2857 4.94151 4.80783
3 15 48.4018 12.106 12.0582
4 0 0.0379363 0.0497252 0.00143917
4 1 137.63 34.5998 34.6327
4 2 668.472 151.211 151.521
4 3 638.703 126.002 126.249
4 4 517.639 104.937 105.147
4 5 340.1 66.534 66.6624
4 6 230.92 46.8878 46.9603
4 7 153.581 41.2926 41.348
4 8 87.7208 19.6225 19.5479
4 9 48.9088 11.5489 11.4912
4 10 34.0814 8.30273 8.23426
4 11 19.6368 4.73055 4.60668
4 12 16.2335 4.40977 4.31216
4 13 9.0676 2.21391 2.06464
4 14 9.16473 2.4139 2.28347
4 15 22.5693 9.44011 9.32031
5 0 0 0.152266 0
5 1 2.45408 1.74012 1.55435
5 2 110.866 66.4664 66.5515
5 3 944.776 584.2 585.688
5 4 2051 1165.91 1168.24
5 5 2873.87 1508.27 1510.55
5 6 3291.41 1748.08 1750.31
5 7 3299.14 1840.85 1843.37
5 8 2962.73 1687.86 1690.49
5 9 2464.97 1418.33 1420.88
5 10 1951.76 1085.09 1087.29
5 11 1534.23 851.441 853.342
5 12 1104.15 594.745 596.174
5 13 770.207 378.627 379.574
5 14 562.959 296.275 297.023
5 15 1304.47 726.337 728.026
6 0 3.9873 1.55744 1.4166
6 1 15.8738 12.0922 12.0109
6 2 830.074 396.499 397.477
6 3 1703.09 775.906 777.421
6 4 1997.99 901.355 902.966
6 5 1964.21 869.668 871.221
6 6 1903.53 950.609 952.463
6 7 1648.83 816.943 818.646
6 8 1317.62 578.711 579.963
6 9 1091.82 548.857 550.16
6 10 846.841 443.674 444.794
6 11 648.763 361.015 361.954
6 12 466.158 253.536 254.176
6 13 327.669 159.908 160.279
6 14 225.352 101.617 101.817
6 15 497.818 239.211 239.83
