0.4 0
1 0 42.0626 7.38189 7.26093
1 1 0.000187088 0.00960559 3.5002e-08
2 0 120.803 26.124 26.1317
2 1 0 0.152266 0
3 0 0 0.152266 0
3 1 6.44859 1.30915 1.16658
3 2 153.352 29.2687 29.2772
3 3 381.445 83.6142 83.7871
3 4 506.075 97.71 97.9051
3 5 440.23 80.8545 81.0073
3 6 383.197 77.0049 77.1582
3 7 268.226 54.4292 54.5172
3 8 193.093 46.1651 46.2238
3 9 130.87 33.0959 33.0786
3 10 94.189 20.891 20.8224
3 11 56.8894 12.6524 12.5912
3 12 47.2635 11.2244 11.1175
3 13 33.0885 8.16897 8.05955
3 14 21.2428 4.94143 4.80773
3 15 48.3009 12.1058 12.058
4 0 0.0379363 0.0497252 0.00143917
4 1 136.225 34.5972 34.6295
4 2 660.85 151.189 151.503
4 3 631.538 125.985 126.233
4 4 512.473 104.926 105.136
4 5 337.023 66.5269 66.6553
4 6 229.248 46.8844 46.9564
4 7 152.679 41.2903 41.3459
4 8 87.2861 19.6216 19.5469
4 9 48.7102 11.5485 11.4908
4 10 33.9762 8.30253 8.23402
4 11 19.5549 4.73038 4.6065
4 12 16.1931 4.40971 4.31207
4 13 9.04683 2.21389 2.06459
4 14 9.15402 2.41388 2.28344
4 15 22.5639 9.44011 9.3203
5 0 0 0.152266 0
5 1 2.45408 1.74012 1.55435
5 2 110.861 66.4663 66.5515
5 3 944.674 584.21 585.688
5 4 2050.74 1165.94 1168.24
5 5 2873.48 1508.26 1510.55
5 6 3290.96 1748.07 1750.31
5 7 3298.75 1840.84 1843.37
5 8 2962.36 1687.85 1690.49
5 9 2464.67 1418.32 1420.88
5 10 1951.54 1085.09 1087.28
5 11 1534.05 851.437 853.342
5 12 1104 594.742 596.174
5 13 770.123 378.625 379.574
5 14 562.915 296.274 297.023
5 15 1304.37 726.335 728.026
6 0 3.9873 1.55744 1.4166
6 1 15.8722 12.0922 12.0109
6 2 829.98 396.497 397.477
6 3 1702.82 775.9 777.42
6 4 1997.55 901.346 902.965
6 5 1963.74 869.658 871.22
6 6 1903.1 950.629 952.462
6 7 1648.47 816.96 818.645
6 8 1317.39 578.723 579.962
6 9 1091.63 548.853 550.16
6 10 846.719 443.68 444.794
6 11 648.696 361.013 361.954
6 12 466.1 253.535 254.176
6 13 327.633 159.909 160.279
6 14 225.34 101.617 101.817
6 15 497.783 239.21 239.83
