4 0
1 0 58.3626 7.4164 7.29936
1 1 0.00187088 0.0117814 3.5002e-06
2 0 155.809 26.2037 26.2145
2 1 0 0.152266 0
3 0 0 0.152266 0
3 1 6.49293 1.30922 1.16668
3 2 154.889 29.272 29.2808
3 3 385.553 83.6235 83.7968
3 4 511.293 97.7221 97.9174
3 5 444.258 80.8655 81.0168
3 6 386.162 77.0117 77.1652
3 7 270.106 54.4345 54.5216
3 8 194.274 46.1679 46.2266
3 9 131.543 33.0972 33.0802
3 10 94.6521 20.892 20.8235
3 11 57.1272 12.6529 12.5918
3 12 47.4469 11.2249 11.118
3 13 33.2277 8.16923 8.05988
3 14 21.2869 4.94153 4.80783
3 15 48.4047 12.106 12.0583
4 0 0.0379363 0.0497252 0.00143917
4 1 137.67 34.6004 34.6329
4 2 668.689 151.21 151.522
4 3 638.908 126.004 126.25
4 4 517.786 104.939 105.148
4 5 340.188 66.535 66.6627
4 6 230.968 46.8884 46.9605
4 7 153.607 41.2929 41.3481
4 8 87.7332 19.6227 19.5479
4 9 48.9144 11.5489 11.4912
4 10 34.0844 8.30276 8.23427
4 11 19.6391 4.73053 4.60669
4 12 16.2346 4.40978 4.31217
4 13 9.06819 2.21392 2.06464
4 14 9.16504 2.4139 2.28347
4 15 22.5694 9.44011 9.32031
5 0 0 0.152266 0
5 1 2.45408 1.74012 1.55435
5 2 110.867 66.4664 66.5515
5 3 944.778 584.2 585.688
5 4 2051.01 1165.91 1168.24
5 5 2873.88 1508.27 1510.55
5 6 3291.42 1748.08 1750.31
5 7 3299.15 1840.85 1843.37
5 8 2962.74 1687.86 1690.49
5 9 2464.98 1418.33 1420.88
5 10 1951.76 1085.09 1087.29
5 11 1534.23 851.442 853.342
5 12 1104.16 594.745 596.174
5 13 770.209 378.627 379.574
5 14 562.96 296.275 297.023
5 15 1304.47 726.337 728.026
6 0 3.9873 1.55744 1.4166
6 1 15.8739 12.0922 12.0109
6 2 830.077 396.499 397.477
6 3 1703.1 775.906 777.421
6 4 1998 901.355 902.966
6 5 1964.23 869.668 871.221
6 6 1903.55 950.609 952.463
6 7 1648.84 816.943 818.646
6 8 1317.62 578.712 579.963
6 9 1091.82 548.857 550.16
6 10 846.844 443.674 444.794
6 11 648.765 361.015 361.954
6 12 466.16 253.536 254.176
6 13 327.67 159.908 160.279
6 14 225.352 101.617 101.817
6 15 497.819 239.211 239.83
