4.1 0
1 0 58.8154 7.41834 7.30133
1 1 0.00191765 0.0118958 3.6774e-06
2 0 156.781 26.2079 26.2188
2 1 0 0.152266 0
3 0 0 0.152266 0
3 1 6.49416 1.30922 1.16669
3 2 154.932 29.2725 29.281
3 3 385.667 83.6249 83.7973
3 4 511.438 97.7238 97.9181
3 5 444.37 80.8668 81.0173
3 6 386.245 77.0127 77.1655
3 7 270.158 54.4341 54.5218
3 8 194.306 46.1676 46.2267
3 9 131.562 33.0975 33.0803
3 10 94.6649 20.892 20.8236
3 11 57.1338 12.6529 12.5918
3 12 47.452 11.2248 11.118
3 13 33.2316 8.16928 8.0599
3 14 21.2881 4.94154 4.80784
3 15 48.4076 12.1061 12.0583
4 0 0.0379363 0.0497252 0.00143917
4 1 137.71 34.6001 34.6331
4 2 668.907 151.208 151.523
4 3 639.113 126.007 126.251
4 4 517.934 104.941 105.149
4 5 340.276 66.536 66.6631
4 6 231.015 46.8889 46.9607
4 7 153.633 41.2933 41.3482
4 8 87.7456 19.6226 19.548
4 9 48.9201 11.549 11.4913
4 10 34.0874 8.3028 8.23429
4 11 19.6415 4.73055 4.6067
4 12 16.2358 4.4098 4.31217
4 13 9.06879 2.21392 2.06464
4 14 9.16534 2.4139 2.28347
4 15 22.5696 9.44012 9.32032
5 0 0 0.152266 0
5 1 2.45408 1.74012 1.55435
5 2 110.867 66.4664 66.5515
5 3 944.781 584.201 585.689
5 4 2051.02 1165.91 1168.24
5 5 2873.89 1508.27 1510.55
5 6 3291.43 1748.08 1750.31
5 7 3299.16 1840.85 1843.37
5 8 2962.75 1687.86 1690.49
5 9 2464.99 1418.33 1420.88
5 10 1951.77 1085.09 1087.29
5 11 1534.24 851.442 853.342
5 12 1104.16 594.745 596.174
5 13 770.211 378.627 379.574
5 14 562.962 296.275 297.023
5 15 1304.47 726.337 728.026
6 0 3.9873 1.55744 1.4166
6 1 15.8739 12.0922 12.0109
6 2 830.079 396.499 397.477
6 3 1703.1 775.906 777.421
6 4 1998.01 901.356 902.966
6 5 1964.24 869.668 871.221
6 6 1903.56 950.61 952.463
6 7 1648.85 816.943 818.646
6 8 1317.63 578.712 579.963
6 9 1091.83 548.857 550.16
6 10 846.848 443.674 444.794
6 11 648.767 361.015 361.954
6 12 466.162 253.536 254.176
6 13 327.671 159.908 160.279
6 14 225.352 101.617 101.817
6 15 497.82 239.211 239.83
