4.2 0
1 0 59.2682 7.42022 7.30334
1 1 0.00196443 0.0120108 3.85897e-06
2 0 157.753 26.2122 26.2231
2 1 0 0.152266 0
3 0 0 0.152266 0
3 1 6.4954 1.30923 1.16669
3 2 154.975 29.2725 29.2812
3 3 385.781 83.6246 83.7978
3 4 511.583 97.7255 97.9187
3 5 444.482 80.866 81.0178
3 6 386.327 77.0137 77.1659
3 7 270.21 54.4336 54.5221
3 8 194.339 46.1681 46.2269
3 9 131.58 33.0978 33.0803
3 10 94.6778 20.8919 20.8236
3 11 57.1404 12.653 12.5918
3 12 47.4571 11.2249 11.118
3 13 33.2354 8.16933 8.05992
3 14 21.2893 4.94153 4.80784
3 15 48.4104 12.106 12.0583
4 0 0.0379363 0.0497252 0.00143917
4 1 137.751 34.6006 34.6332
4 2 669.125 151.211 151.523
4 3 639.318 126.009 126.252
4 4 518.081 104.94 105.149
4 5 340.364 66.5342 66.6635
4 6 231.063 46.8895 46.9609
4 7 153.659 41.2926 41.3483
4 8 87.758 19.6228 19.548
4 9 48.9258 11.5489 11.4913
4 10 34.0905 8.30273 8.2343
4 11 19.6438 4.73058 4.60671
4 12 16.2369 4.40979 4.31218
4 13 9.06938 2.21392 2.06464
4 14 9.16565 2.41391 2.28347
4 15 22.5697 9.44012 9.32032
5 0 0 0.152266 0
5 1 2.45408 1.74012 1.55435
5 2 110.867 66.4664 66.5515
5 3 944.784 584.201 585.689
5 4 2051.02 1165.91 1168.24
5 5 2873.91 1508.27 1510.55
5 6 3291.44 1748.08 1750.31
5 7 3299.18 1840.85 1843.37
5 8 2962.76 1687.86 1690.49
5 9 2465 1418.33 1420.88
5 10 1951.77 1085.09 1087.29
5 11 1534.24 851.442 853.342
5 12 1104.17 594.746 596.174
5 13 770.214 378.627 379.574
5 14 562.963 296.275 297.023
5 15 1304.48 726.337 728.026
6 0 3.9873 1.55744 1.4166
6 1 15.874 12.0922 12.0109
6 2 830.082 396.499 397.477
6 3 1703.11 775.906 777.421
6 4 1998.03 901.356 902.967
6 5 1964.25 869.668 871.221
6 6 1903.57 950.61 952.463
6 7 1648.86 816.943 818.646
6 8 1317.64 578.712 579.963
6 9 1091.84 548.857 550.16
6 10 846.851 443.674 444.794
6 11 648.769 361.015 361.954
6 12 466.163 253.536 254.176
6 13 327.672 159.908 160.279
6 14 225.353 101.617 101.817
6 15 497.821 239.211 239.83
