4.3 0
1 0 59.7209 7.42212 7.3054
1 1 0.0020112 0.0121259 4.04492e-06
2 0 158.726 26.2166 26.2276
2 1 0 0.152266 0
3 0 0 0.152266 0
3 1 6.49663 1.30923 1.1667
3 2 155.017 29.2726 29.2814
3 3 385.895 83.6242 83.7984
3 4 511.728 97.7246 97.9194
3 5 444.594 80.8652 81.0183
3 6 386.41 77.0147 77.1663
3 7 270.262 54.4343 54.5223
3 8 194.372 46.1685 46.227
3 9 131.599 33.0976 33.0804
3 10 94.6906 20.892 20.8237
3 11 57.147 12.653 12.5919
3 12 47.4622 11.2249 11.118
3 13 33.2393 8.16932 8.05993
3 14 21.2906 4.94151 4.80785
3 15 48.4133 12.106 12.0583
4 0 0.0379363 0.0497252 0.00143917
4 1 137.791 34.6007 34.6334
4 2 669.343 151.214 151.525
4 3 639.522 126.008 126.253
4 4 518.229 104.939 105.15
4 5 340.452 66.5352 66.6639
4 6 231.111 46.8884 46.9612
4 7 153.684 41.293 41.3485
4 8 87.7705 19.6229 19.5481
4 9 48.9314 11.549 11.4913
4 10 34.0935 8.30276 8.23431
4 11 19.6461 4.73055 4.60672
4 12 16.2381 4.4098 4.31218
4 13 9.06997 2.21391 2.06465
4 14 9.16595 2.4139 2.28347
4 15 22.5699 9.44012 9.32032
5 0 0 0.152266 0
5 1 2.45408 1.74012 1.55435
5 2 110.867 66.4664 66.5515
5 3 944.787 584.201 585.689
5 4 2051.03 1165.91 1168.24
5 5 2873.92 1508.27 1510.55
5 6 3291.46 1748.08 1750.31
5 7 3299.19 1840.85 1843.37
5 8 2962.77 1687.86 1690.49
5 9 2465.01 1418.33 1420.88
5 10 1951.78 1085.09 1087.29
5 11 1534.25 851.442 853.342
5 12 1104.17 594.746 596.174
5 13 770.216 378.627 379.574
5 14 562.964 296.275 297.023
5 15 1304.48 726.337 728.026
6 0 3.9873 1.55744 1.4166
6 1 15.874 12.0922 12.0109
6 2 830.085 396.5 397.477
6 3 1703.12 775.906 777.421
6 4 1998.04 901.356 902.967
6 5 1964.27 869.669 871.221
6 6 1903.58 950.61 952.464
6 7 1648.87 816.944 818.646
6 8 1317.64 578.712 579.963
6 9 1091.84 548.858 550.16
6 10 846.855 443.674 444.794
6 11 648.771 361.015 361.954
6 12 466.165 253.536 254.176
6 13 327.673 159.908 160.279
6 14 225.353 101.617 101.817
6 15 497.822 239.211 239.83
