4.4 0
1 0 60.1737 7.42421 7.30752
1 1 0.00205797 0.0122412 4.23524e-06
2 0 159.698 26.2209 26.2321
2 1 0 0.152266 0
3 0 0 0.152266 0
3 1 6.49786 1.30923 1.16671
3 2 155.06 29.2731 29.2816
3 3 386.009 83.6256 83.7989
3 4 511.873 97.7263 97.9201
3 5 444.706 80.8665 81.0188
3 6 386.492 77.0157 77.1666
3 7 270.315 54.4349 54.5225
3 8 194.405 46.169 46.2272
3 9 131.618 33.0979 33.0805
3 10 94.7035 20.8922 20.8237
3 11 57.1536 12.6531 12.5919
3 12 47.4673 11.2249 11.1181
3 13 33.2432 8.16932 8.05995
3 14 21.2918 4.94153 4.80785
3 15 48.4162 12.1061 12.0583
4 0 0.0379363 0.0497252 0.00143917
4 1 137.831 34.6008 34.6336
4 2 669.56 151.213 151.526
4 3 639.727 126.007 126.254
4 4 518.377 104.941 105.151
4 5 340.54 66.5363 66.6643
4 6 231.159 46.889 46.9614
4 7 153.71 41.2934 41.3486
4 8 87.7829 19.6229 19.5482
4 9 48.9371 11.5491 11.4914
4 10 34.0965 8.3028 8.23433
4 11 19.6485 4.73058 4.60673
4 12 16.2392 4.4098 4.31219
4 13 9.07057 2.21392 2.06465
4 14 9.16626 2.4139 2.28347
4 15 22.57 9.44013 9.32032
5 0 0 0.152266 0
5 1 2.45408 1.74012 1.55435
5 2 110.867 66.4664 66.5515
5 3 944.79 584.189 585.689
5 4 2051.04 1165.91 1168.24
5 5 2873.93 1508.27 1510.55
5 6 3291.47 1748.09 1750.31
5 7 3299.2 1840.85 1843.37
5 8 2962.79 1687.86 1690.49
5 9 2465.02 1418.33 1420.88
5 10 1951.79 1085.09 1087.29
5 11 1534.25 851.442 853.342
5 12 1104.17 594.746 596.174
5 13 770.219 378.627 379.574
5 14 562.966 296.275 297.023
5 15 1304.48 726.338 728.026
6 0 3.9873 1.55744 1.4166
6 1 15.8741 12.0922 12.0109
6 2 830.087 396.5 397.477
6 3 1703.13 775.906 777.421
6 4 1998.05 901.357 902.967
6 5 1964.28 869.669 871.221
6 6 1903.6 950.611 952.464
6 7 1648.88 816.944 818.646
6 8 1317.65 578.712 579.963
6 9 1091.85 548.858 550.16
6 10 846.858 443.674 444.794
6 11 648.773 361.015 361.954
6 12 466.167 253.536 254.176
6 13 327.674 159.908 160.279
6 14 225.353 101.617 101.817
6 15 497.823 239.211 239.83
