4.5 0
1 0 60.6265 7.42624 7.30967
1 1 0.00210474 0.0123565 4.42994e-06
2 0 160.67 26.2257 26.2368
2 1 0 0.152266 0
3 0 0 0.152266 0
3 1 6.49909 1.30924 1.16671
3 2 155.103 29.2731 29.2818
3 3 386.123 83.6271 83.7994
3 4 512.018 97.7255 97.9207
3 5 444.818 80.8678 81.0194
3 6 386.574 77.0149 77.167
3 7 270.367 54.4356 54.5228
3 8 194.438 46.1687 46.2273
3 9 131.636 33.0977 33.0806
3 10 94.7164 20.8924 20.8238
3 11 57.1602 12.653 12.5919
3 12 47.4724 11.225 11.1181
3 13 33.247 8.16937 8.05997
3 14 21.293 4.94154 4.80786
3 15 48.4191 12.106 12.0583
4 0 0.0379363 0.0497252 0.00143917
4 1 137.871 34.601 34.6338
4 2 669.778 151.211 151.527
4 3 639.932 126.009 126.255
4 4 518.524 104.943 105.151
4 5 340.628 66.5374 66.6648
4 6 231.206 46.8896 46.9616
4 7 153.736 41.2938 41.3487
4 8 87.7953 19.6228 19.5482
4 9 48.9428 11.5491 11.4914
4 10 34.0995 8.30284 8.23434
4 11 19.6508 4.73058 4.60674
4 12 16.2404 4.40981 4.31219
4 13 9.07116 2.21393 2.06465
4 14 9.16656 2.41391 2.28348
4 15 22.5702 9.44013 9.32032
5 0 0 0.152266 0
5 1 2.45408 1.74012 1.55435
5 2 110.867 66.4664 66.5515
5 3 944.793 584.189 585.689
5 4 2051.05 1165.91 1168.24
5 5 2873.94 1508.27 1510.55
5 6 3291.48 1748.09 1750.31
5 7 3299.21 1840.85 1843.37
5 8 2962.8 1687.86 1690.49
5 9 2465.03 1418.33 1420.88
5 10 1951.79 1085.09 1087.29
5 11 1534.26 851.442 853.342
5 12 1104.18 594.746 596.174
5 13 770.221 378.627 379.574
5 14 562.967 296.275 297.023
5 15 1304.48 726.338 728.026
6 0 3.9873 1.55744 1.4166
6 1 15.8741 12.0922 12.0109
6 2 830.09 396.5 397.477
6 3 1703.13 775.907 777.421
6 4 1998.06 901.357 902.967
6 5 1964.29 869.669 871.221
6 6 1903.61 950.611 952.464
6 7 1648.89 816.944 818.647
6 8 1317.66 578.712 579.963
6 9 1091.85 548.858 550.16
6 10 846.862 443.674 444.794
6 11 648.775 361.015 361.954
6 12 466.168 253.536 254.176
6 13 327.675 159.908 160.279
6 14 225.354 101.617 101.817
6 15 497.824 239.211 239.83
