4.6 0
1 0 61.0793 7.42828 7.31188
1 1 0.00215151 0.012472 4.62901e-06
2 0 161.643 26.2306 26.2415
2 1 0 0.152266 0
3 0 0 0.152266 0
3 1 6.50032 1.30925 1.16672
3 2 155.145 29.2732 29.282
3 3 386.238 83.6268 83.8
3 4 512.163 97.7273 97.9214
3 5 444.93 80.8691 81.0199
3 6 386.657 77.0142 77.1674
3 7 270.419 54.4362 54.5231
3 8 194.47 46.1685 46.2275
3 9 131.655 33.098 33.0807
3 10 94.7292 20.8921 20.8238
3 11 57.1668 12.6531 12.592
3 12 47.4775 11.225 11.1181
3 13 33.2509 8.16936 8.05999
3 14 21.2942 4.94156 4.80786
3 15 48.422 12.1061 12.0583
4 0 0.0379363 0.0497252 0.00143917
4 1 137.911 34.6011 34.634
4 2 669.996 151.214 151.528
4 3 640.136 126.012 126.256
4 4 518.672 104.944 105.152
4 5 340.715 66.537 66.6652
4 6 231.254 46.8902 46.9618
4 7 153.762 41.2931 41.3488
4 8 87.8077 19.623 19.5483
4 9 48.9485 11.549 11.4914
4 10 34.1025 8.30282 8.23436
4 11 19.6532 4.73061 4.60675
4 12 16.2416 4.4098 4.3122
4 13 9.07175 2.21393 2.06465
4 14 9.16687 2.41391 2.28348
4 15 22.5703 9.44013 9.32032
5 0 0 0.152266 0
5 1 2.45408 1.74012 1.55435
5 2 110.867 66.4664 66.5515
5 3 944.796 584.19 585.689
5 4 2051.05 1165.91 1168.24
5 5 2873.95 1508.27 1510.55
5 6 3291.5 1748.09 1750.31
5 7 3299.22 1840.85 1843.37
5 8 2962.81 1687.86 1690.49
5 9 2465.04 1418.33 1420.88
5 10 1951.8 1085.09 1087.29
5 11 1534.26 851.442 853.342
5 12 1104.18 594.746 596.174
5 13 770.223 378.627 379.574
5 14 562.968 296.275 297.023
5 15 1304.49 726.338 728.026
6 0 3.9873 1.55744 1.4166
6 1 15.8742 12.0922 12.0109
6 2 830.093 396.5 397.477
6 3 1703.14 775.907 777.421
6 4 1998.08 901.357 902.967
6 5 1964.31 869.67 871.221
6 6 1903.62 950.611 952.464
6 7 1648.9 816.944 818.647
6 8 1317.66 578.712 579.963
6 9 1091.86 548.858 550.16
6 10 846.865 443.674 444.794
6 11 648.777 361.015 361.954
6 12 466.17 253.532 254.176
6 13 327.676 159.908 160.279
6 14 225.354 101.617 101.817
6 15 497.825 239.211 239.83
