4.7 0
1 0 61.5321 7.43044 7.31414
1 1 0.00219829 0.0125874 4.83246e-06
2 0 162.615 26.235 26.2464
2 1 0 0.152266 0
3 0 0 0.152266 0
3 1 6.50155 1.30925 1.16672
3 2 155.188 29.2737 29.2822
3 3 386.352 83.6265 83.8006
3 4 512.308 97.7291 97.9222
3 5 445.042 80.8684 81.0205
3 6 386.739 77.0153 77.1678
3 7 270.471 54.4348 54.5233
3 8 194.503 46.1689 46.2276
3 9 131.674 33.0978 33.0808
3 10 94.7421 20.8922 20.8239
3 11 57.1734 12.6532 12.592
3 12 47.4825 11.225 11.1181
3 13 33.2548 8.16941 8.06001
3 14 21.2955 4.94157 4.80787
3 15 48.4249 12.1061 12.0583
4 0 0.0379363 0.0497252 0.00143917
4 1 137.951 34.6012 34.6342
4 2 670.214 151.217 151.529
4 3 640.341 126.014 126.257
4 4 518.819 104.944 105.153
4 5 340.803 66.5366 66.6656
4 6 231.302 46.8899 46.9621
4 7 153.788 41.2935 41.3489
4 8 87.8201 19.6231 19.5484
4 9 48.9541 11.5491 11.4914
4 10 34.1055 8.30286 8.23437
4 11 19.6555 4.73061 4.60677
4 12 16.2427 4.40982 4.3122
4 13 9.07235 2.21393 2.06466
4 14 9.16718 2.41391 2.28348
4 15 22.5705 9.44013 9.32032
5 0 0 0.152266 0
5 1 2.45408 1.74012 1.55435
5 2 110.868 66.4665 66.5515
5 3 944.799 584.19 585.689
5 4 2051.06 1165.91 1168.24
5 5 2873.96 1508.27 1510.55
5 6 3291.51 1748.09 1750.31
5 7 3299.23 1840.85 1843.37
5 8 2962.82 1687.86 1690.49
5 9 2465.04 1418.33 1420.88
5 10 1951.8 1085.09 1087.29
5 11 1534.27 851.443 853.342
5 12 1104.19 594.746 596.174
5 13 770.226 378.627 379.574
5 14 562.969 296.275 297.024
5 15 1304.49 726.338 728.026
6 0 3.9873 1.55744 1.4166
6 1 15.8742 12.0922 12.0109
6 2 830.095 396.5 397.477
6 3 1703.15 775.907 777.421
6 4 1998.09 901.357 902.967
6 5 1964.32 869.67 871.221
6 6 1903.63 950.612 952.464
6 7 1648.91 816.945 818.647
6 8 1317.67 578.713 579.963
6 9 1091.86 548.858 550.16
6 10 846.869 443.675 444.794
6 11 648.778 361.015 361.954
6 12 466.172 253.533 254.176
6 13 327.677 159.908 160.279
6 14 225.354 101.617 101.817
6 15 497.826 239.211 239.83
