4.8 0
1 0 61.9848 7.43271 7.31644
1 1 0.00224506 0.0127029 5.04029e-06
2 0 163.587 26.24 26.2513
2 1 0 0.152266 0
3 0 0 0.152266 0
3 1 6.50279 1.30926 1.16673
3 2 155.231 29.2737 29.2825
3 3 386.466 83.628 83.8011
3 4 512.453 97.7282 97.9229
3 5 445.154 80.8677 81.021
3 6 386.821 77.0163 77.1683
3 7 270.524 54.4354 54.5236
3 8 194.536 46.1694 46.2278
3 9 131.693 33.0981 33.0809
3 10 94.755 20.8924 20.824
3 11 57.18 12.6532 12.592
3 12 47.4876 11.225 11.1182
3 13 33.2586 8.16941 8.06003
3 14 21.2967 4.94158 4.80788
3 15 48.4278 12.1061 12.0584
4 0 0.0379363 0.0497252 0.00143917
4 1 137.991 34.6018 34.6344
4 2 670.431 151.22 151.53
4 3 640.546 126.01 126.258
4 4 518.967 104.945 105.154
4 5 340.891 66.5377 66.6661
4 6 231.35 46.8897 46.9623
4 7 153.813 41.2939 41.3491
4 8 87.8326 19.6233 19.5484
4 9 48.9598 11.5492 11.4915
4 10 34.1085 8.30285 8.23439
4 11 19.6578 4.73061 4.60678
4 12 16.2439 4.40983 4.31221
4 13 9.07294 2.21393 2.06466
4 14 9.16748 2.41392 2.28348
4 15 22.5707 9.44014 9.32032
5 0 0 0.152266 0
5 1 2.45408 1.74012 1.55435
5 2 110.868 66.4665 66.5515
5 3 944.802 584.19 585.689
5 4 2051.07 1165.91 1168.24
5 5 2873.97 1508.27 1510.55
5 6 3291.52 1748.09 1750.31
5 7 3299.24 1840.85 1843.37
5 8 2962.83 1687.86 1690.49
5 9 2465.05 1418.33 1420.88
5 10 1951.81 1085.09 1087.29
5 11 1534.27 851.443 853.342
5 12 1104.19 594.746 596.174
5 13 770.228 378.627 379.574
5 14 562.971 296.275 297.024
5 15 1304.49 726.338 728.026
6 0 3.9873 1.55744 1.4166
6 1 15.8742 12.0922 12.0109
6 2 830.098 396.5 397.477
6 3 1703.16 775.907 777.421
6 4 1998.1 901.358 902.967
6 5 1964.33 869.67 871.221
6 6 1903.65 950.612 952.464
6 7 1648.92 816.945 818.647
6 8 1317.68 578.713 579.963
6 9 1091.87 548.858 550.16
6 10 846.872 443.675 444.794
6 11 648.78 361.015 361.954
6 12 466.173 253.533 254.176
6 13 327.678 159.908 160.279
6 14 225.355 101.617 101.817
6 15 497.827 239.211 239.83
