4.9 0
1 0 62.4376 7.43491 7.3188
1 1 0.00229183 0.0128182 5.25248e-06
2 0 164.56 26.2445 26.2564
2 1 0 0.152266 0
3 0 0 0.152266 0
3 1 6.50402 1.30926 1.16674
3 2 155.274 29.2738 29.2827
3 3 386.58 83.6295 83.8017
3 4 512.598 97.73 97.9237
3 5 445.266 80.869 81.0216
3 6 386.904 77.0174 77.1687
3 7 270.576 54.4361 54.5239
3 8 194.569 46.1698 46.228
3 9 131.711 33.0984 33.081
3 10 94.7678 20.8926 20.824
3 11 57.1866 12.6532 12.5921
3 12 47.4927 11.2251 11.1182
3 13 33.2625 8.16941 8.06005
3 14 21.2979 4.94154 4.80788
3 15 48.4306 12.1062 12.0584
4 0 0.0379363 0.0497252 0.00143917
4 1 138.032 34.6015 34.6346
4 2 670.649 151.223 151.531
4 3 640.751 126.012 126.259
4 4 519.115 104.945 105.154
4 5 340.979 66.5388 66.6665
4 6 231.398 46.8903 46.9626
4 7 153.839 41.2942 41.3492
4 8 87.845 19.623 19.5485
4 9 48.9655 11.5491 11.4915
4 10 34.1115 8.30289 8.2344
4 11 19.6602 4.73064 4.60679
4 12 16.245 4.40983 4.31221
4 13 9.07353 2.21393 2.06466
4 14 9.16779 2.41392 2.28348
4 15 22.5708 9.44014 9.32032
5 0 0 0.152266 0
5 1 2.45408 1.74012 1.55435
5 2 110.868 66.4665 66.5515
5 3 944.805 584.19 585.689
5 4 2051.08 1165.91 1168.24
5 5 2873.98 1508.27 1510.55
5 6 3291.53 1748.09 1750.31
5 7 3299.25 1840.85 1843.37
5 8 2962.84 1687.86 1690.49
5 9 2465.06 1418.33 1420.88
5 10 1951.82 1085.09 1087.29
5 11 1534.28 851.443 853.342
5 12 1104.2 594.746 596.174
5 13 770.23 378.627 379.574
5 14 562.972 296.275 297.024
5 15 1304.5 726.338 728.026
6 0 3.9873 1.55744 1.4166
6 1 15.8743 12.0922 12.0109
6 2 830.101 396.5 397.477
6 3 1703.16 775.907 777.421
6 4 1998.11 901.358 902.967
6 5 1964.35 869.671 871.221
6 6 1903.66 950.612 952.464
6 7 1648.93 816.945 818.647
6 8 1317.68 578.713 579.963
6 9 1091.87 548.858 550.16
6 10 846.876 443.675 444.794
6 11 648.782 361.015 361.954
6 12 466.175 253.533 254.176
6 13 327.68 159.908 160.279
6 14 225.355 101.617 101.817
6 15 497.828 239.211 239.83
