0.5 0
1 0 42.5154 7.38198 7.26115
1 1 0.00023386 0.00960235 5.46906e-08
2 0 121.776 26.1243 26.1322
2 1 0 0.152266 0
3 0 0 0.152266 0
3 1 6.44982 1.30915 1.16658
3 2 153.394 29.2686 29.2772
3 3 381.559 83.6134 83.7872
3 4 506.22 97.7111 97.9052
3 5 440.342 80.8554 81.0074
3 6 383.279 77.0056 77.1582
3 7 268.278 54.4297 54.5172
3 8 193.126 46.1654 46.2238
3 9 130.889 33.096 33.0786
3 10 94.2019 20.8909 20.8224
3 11 56.896 12.6524 12.5912
3 12 47.2686 11.2245 11.1175
3 13 33.0924 8.16895 8.05955
3 14 21.244 4.94144 4.80773
3 15 48.3038 12.1058 12.058
4 0 0.0379363 0.0497252 0.00143917
4 1 136.265 34.5968 34.6295
4 2 661.067 151.191 151.503
4 3 631.743 125.986 126.233
4 4 512.62 104.924 105.136
4 5 337.111 66.5262 66.6553
4 6 229.296 46.8839 46.9565
4 7 152.705 41.2906 41.3459
4 8 87.2986 19.6217 19.5469
4 9 48.7159 11.5485 11.4908
4 10 33.9793 8.30256 8.23402
4 11 19.5572 4.73037 4.6065
4 12 16.1943 4.40972 4.31208
4 13 9.04742 2.21388 2.06459
4 14 9.15433 2.41388 2.28344
4 15 22.564 9.44011 9.3203
5 0 0 0.152266 0
5 1 2.45408 1.74012 1.55435
5 2 110.861 66.4663 66.5515
5 3 944.677 584.21 585.688
5 4 2050.75 1165.94 1168.24
5 5 2873.49 1508.26 1510.55
5 6 3290.97 1748.07 1750.31
5 7 3298.76 1840.84 1843.37
5 8 2962.37 1687.85 1690.49
5 9 2464.67 1418.32 1420.88
5 10 1951.54 1085.09 1087.28
5 11 1534.05 851.437 853.342
5 12 1104 594.742 596.174
5 13 770.125 378.625 379.574
5 14 562.917 296.274 297.023
5 15 1304.37 726.335 728.026
6 0 3.9873 1.55744 1.4166
6 1 15.8722 12.0922 12.0109
6 2 829.983 396.497 397.477
6 3 1702.83 775.9 777.42
6 4 1997.56 901.346 902.965
6 5 1963.75 869.658 871.22
6 6 1903.11 950.629 952.462
6 7 1648.48 816.96 818.645
6 8 1317.39 578.723 579.962
6 9 1091.64 548.853 550.16
6 10 846.722 443.68 444.794
6 11 648.698 361.013 361.954
6 12 466.102 253.535 254.176
6 13 327.634 159.909 160.279
6 14 225.34 101.617 101.817
6 15 497.784 239.21 239.83
