5 0
1 0 62.8904 7.43722 7.3212
1 1 0.0023386 0.0129333 5.46906e-06
2 0 165.532 26.2499 26.2616
2 1 0 0.152266 0
3 0 0 0.152266 0
3 1 6.50525 1.30927 1.16674
3 2 155.316 29.2743 29.2829
3 3 386.694 83.6274 83.8024
3 4 512.743 97.7318 97.9244
3 5 445.378 80.8704 81.0222
3 6 386.986 77.0184 77.1691
3 7 270.628 54.4368 54.5241
3 8 194.602 46.1689 46.2281
3 9 131.73 33.0982 33.0811
3 10 94.7807 20.8925 20.8241
3 11 57.1932 12.6532 12.5921
3 12 47.4978 11.2252 11.1182
3 13 33.2664 8.16946 8.06007
3 14 21.2991 4.94156 4.80789
3 15 48.4335 12.1061 12.0584
4 0 0.0379363 0.0497252 0.00143917
4 1 138.072 34.6021 34.6348
4 2 670.867 151.218 151.532
4 3 640.955 126.015 126.26
4 4 519.262 104.947 105.155
4 5 341.067 66.5399 66.667
4 6 231.445 46.891 46.9628
4 7 153.865 41.2941 41.3494
4 8 87.8574 19.6232 19.5485
4 9 48.9712 11.5491 11.4915
4 10 34.1145 8.30287 8.23442
4 11 19.6625 4.73062 4.6068
4 12 16.2462 4.40982 4.31222
4 13 9.07413 2.21394 2.06466
4 14 9.16809 2.41391 2.28348
4 15 22.571 9.44014 9.32032
5 0 0 0.152266 0
5 1 2.45408 1.74012 1.55435
5 2 110.868 66.4665 66.5515
5 3 944.807 584.19 585.689
5 4 2051.08 1165.91 1168.24
5 5 2873.99 1508.27 1510.55
5 6 3291.55 1748.09 1750.31
5 7 3299.27 1840.85 1843.37
5 8 2962.85 1687.86 1690.49
5 9 2465.07 1418.33 1420.88
5 10 1951.82 1085.09 1087.29
5 11 1534.28 851.443 853.342
5 12 1104.2 594.746 596.174
5 13 770.233 378.627 379.574
5 14 562.973 296.275 297.024
5 15 1304.5 726.338 728.026
6 0 3.9873 1.55744 1.4166
6 1 15.8743 12.0922 12.0109
6 2 830.104 396.5 397.477
6 3 1703.17 775.908 777.421
6 4 1998.13 901.358 902.967
6 5 1964.36 869.671 871.221
6 6 1903.67 950.613 952.464
6 7 1648.94 816.945 818.647
6 8 1317.69 578.713 579.963
6 9 1091.88 548.846 550.16
6 10 846.879 443.675 444.794
6 11 648.784 361.015 361.954
6 12 466.177 253.533 254.176
6 13 327.681 159.908 160.279
6 14 225.355 101.617 101.817
6 15 497.829 239.211 239.83
