5.1 0
1 0 63.3432 7.43965 7.32365
1 1 0.00238537 0.0130482 5.69001e-06
2 0 166.505 26.255 26.2669
2 1 0 0.152266 0
3 0 0 0.152266 0
3 1 6.50648 1.30927 1.16675
3 2 155.359 29.2744 29.2831
3 3 386.808 83.6289 83.803
3 4 512.888 97.7311 97.9252
3 5 445.489 80.8718 81.0228
3 6 387.069 77.0177 77.1696
3 7 270.68 54.4374 54.5244
3 8 194.634 46.1694 46.2283
3 9 131.749 33.0985 33.0812
3 10 94.7935 20.8924 20.8242
3 11 57.1998 12.6533 12.5921
3 12 47.5029 11.2251 11.1182
3 13 33.2702 8.16946 8.06009
3 14 21.3004 4.94157 4.8079
3 15 48.4364 12.1062 12.0584
4 0 0.0379363 0.0497252 0.00143917
4 1 138.112 34.6023 34.635
4 2 671.085 151.221 151.533
4 3 641.16 126.018 126.261
4 4 519.41 104.946 105.156
4 5 341.155 66.5396 66.6675
4 6 231.493 46.8916 46.9631
4 7 153.891 41.294 41.3495
4 8 87.8698 19.6234 19.5486
4 9 48.9768 11.5492 11.4915
4 10 34.1175 8.30291 8.23444
4 11 19.6649 4.73065 4.60681
4 12 16.2473 4.40983 4.31223
4 13 9.07472 2.21393 2.06467
4 14 9.1684 2.41391 2.28349
4 15 22.5711 9.44015 9.32032
5 0 0 0.152266 0
5 1 2.45408 1.74012 1.55435
5 2 110.868 66.4665 66.5515
5 3 944.81 584.19 585.689
5 4 2051.09 1165.91 1168.24
5 5 2874.01 1508.28 1510.55
5 6 3291.56 1748.09 1750.31
5 7 3299.28 1840.85 1843.37
5 8 2962.86 1687.86 1690.49
5 9 2465.08 1418.33 1420.88
5 10 1951.83 1085.09 1087.29
5 11 1534.29 851.443 853.342
5 12 1104.21 594.747 596.174
5 13 770.235 378.627 379.574
5 14 562.974 296.275 297.024
5 15 1304.5 726.338 728.026
6 0 3.9873 1.55744 1.4166
6 1 15.8744 12.0922 12.0109
6 2 830.106 396.5 397.477
6 3 1703.18 775.908 777.421
6 4 1998.14 901.359 902.967
6 5 1964.38 869.671 871.221
6 6 1903.68 950.613 952.464
6 7 1648.95 816.946 818.647
6 8 1317.7 578.713 579.963
6 9 1091.88 548.846 550.16
6 10 846.883 443.675 444.794
6 11 648.786 361.015 361.954
6 12 466.178 253.533 254.176
6 13 327.682 159.908 160.279
6 14 225.356 101.617 101.817
6 15 497.83 239.211 239.83
