5.2 0
1 0 63.796 7.44201 7.32615
1 1 0.00243215 0.0131629 5.91533e-06
2 0 167.477 26.2605 26.2723
2 1 0 0.152266 0
3 0 0 0.152266 0
3 1 6.50771 1.30928 1.16676
3 2 155.402 29.2749 29.2834
3 3 386.922 83.6305 83.8036
3 4 513.033 97.733 97.926
3 5 445.601 80.8732 81.0235
3 6 387.151 77.017 77.17
3 7 270.732 54.437 54.5247
3 8 194.667 46.1698 46.2285
3 9 131.767 33.0984 33.0813
3 10 94.8064 20.8926 20.8242
3 11 57.2064 12.6534 12.5922
3 12 47.508 11.2251 11.1183
3 13 33.2741 8.16946 8.06011
3 14 21.3016 4.94159 4.8079
3 15 48.4393 12.1061 12.0584
4 0 0.0379363 0.0497252 0.00143917
4 1 138.152 34.6024 34.6353
4 2 671.303 151.224 151.535
4 3 641.365 126.02 126.262
4 4 519.557 104.948 105.157
4 5 341.243 66.5393 66.6679
4 6 231.541 46.8914 46.9634
4 7 153.917 41.2944 41.3496
4 8 87.8822 19.6235 19.5487
4 9 48.9825 11.5493 11.4916
4 10 34.1205 8.30295 8.23445
4 11 19.6672 4.73068 4.60682
4 12 16.2485 4.40985 4.31223
4 13 9.07531 2.21394 2.06467
4 14 9.16871 2.41391 2.28349
4 15 22.5713 9.44015 9.32032
5 0 0 0.152266 0
5 1 2.45408 1.74012 1.55435
5 2 110.868 66.4665 66.5515
5 3 944.813 584.19 585.689
5 4 2051.1 1165.91 1168.24
5 5 2874.02 1508.28 1510.55
5 6 3291.57 1748.09 1750.31
5 7 3299.29 1840.85 1843.37
5 8 2962.87 1687.86 1690.49
5 9 2465.09 1418.33 1420.88
5 10 1951.84 1085.09 1087.29
5 11 1534.3 851.443 853.342
5 12 1104.21 594.747 596.174
5 13 770.238 378.627 379.574
5 14 562.976 296.275 297.024
5 15 1304.5 726.338 728.026
6 0 3.9873 1.55744 1.4166
6 1 15.8744 12.0922 12.0109
6 2 830.109 396.5 397.477
6 3 1703.19 775.908 777.421
6 4 1998.15 901.359 902.967
6 5 1964.39 869.672 871.221
6 6 1903.7 950.613 952.464
6 7 1648.96 816.946 818.647
6 8 1317.7 578.713 579.963
6 9 1091.89 548.846 550.16
6 10 846.886 443.675 444.794
6 11 648.788 361.015 361.954
6 12 466.18 253.533 254.176
6 13 327.683 159.908 160.279
6 14 225.356 101.617 101.817
6 15 497.831 239.211 239.83
