5.3 0
1 0 64.2487 7.44439 7.3287
1 1 0.00247892 0.0132773 6.14504e-06
2 0 168.449 26.2656 26.2777
2 1 0 0.152266 0
3 0 0 0.152266 0
3 1 6.50894 1.30928 1.16676
3 2 155.444 29.2746 29.2836
3 3 387.036 83.6321 83.8042
3 4 513.178 97.7322 97.9268
3 5 445.713 80.8704 81.0241
3 6 387.233 77.0181 77.1705
3 7 270.785 54.4367 54.525
3 8 194.7 46.1703 46.2287
3 9 131.786 33.0987 33.0814
3 10 94.8193 20.8928 20.8243
3 11 57.213 12.6533 12.5922
3 12 47.5131 11.2252 11.1183
3 13 33.2779 8.16951 8.06014
3 14 21.3028 4.9416 4.80791
3 15 48.4422 12.1062 12.0584
4 0 0.0379363 0.0497252 0.00143917
4 1 138.192 34.603 34.6355
4 2 671.52 151.227 151.536
4 3 641.57 126.016 126.263
4 4 519.705 104.95 105.158
4 5 341.331 66.5404 66.6684
4 6 231.589 46.8912 46.9636
4 7 153.942 41.2948 41.3498
4 8 87.8946 19.6233 19.5487
4 9 48.9882 11.5493 11.4916
4 10 34.1235 8.30294 8.23447
4 11 19.6695 4.73068 4.60684
4 12 16.2496 4.40986 4.31224
4 13 9.07591 2.21394 2.06467
4 14 9.16901 2.41391 2.28349
4 15 22.5714 9.44015 9.32032
5 0 0 0.152266 0
5 1 2.45408 1.74012 1.55435
5 2 110.868 66.4665 66.5515
5 3 944.816 584.19 585.689
5 4 2051.11 1165.91 1168.24
5 5 2874.03 1508.28 1510.55
5 6 3291.58 1748.09 1750.31
5 7 3299.3 1840.85 1843.37
5 8 2962.88 1687.86 1690.49
5 9 2465.1 1418.33 1420.88
5 10 1951.84 1085.1 1087.29
5 11 1534.3 851.443 853.342
5 12 1104.21 594.747 596.174
5 13 770.24 378.627 379.574
5 14 562.977 296.275 297.024
5 15 1304.51 726.338 728.026
6 0 3.9873 1.55744 1.4166
6 1 15.8745 12.0922 12.0109
6 2 830.112 396.5 397.477
6 3 1703.19 775.908 777.421
6 4 1998.16 901.359 902.967
6 5 1964.4 869.672 871.222
6 6 1903.71 950.614 952.464
6 7 1648.97 816.946 818.647
6 8 1317.71 578.713 579.963
6 9 1091.89 548.846 550.16
6 10 846.89 443.675 444.794
6 11 648.79 361.015 361.954
6 12 466.182 253.533 254.176
6 13 327.684 159.908 160.279
6 14 225.356 101.617 101.817
6 15 497.832 239.211 239.83
