5.4 0
1 0 64.7015 7.44689 7.33129
1 1 0.00252569 0.0133914 6.37911e-06
2 0 169.422 26.2712 26.2833
2 1 0 0.152266 0
3 0 0 0.152266 0
3 1 6.51018 1.3093 1.16677
3 2 155.487 29.2751 29.2839
3 3 387.15 83.63 83.8049
3 4 513.323 97.7341 97.9277
3 5 445.825 80.8718 81.0247
3 6 387.316 77.0192 77.171
3 7 270.837 54.4374 54.5253
3 8 194.733 46.1708 46.2289
3 9 131.805 33.0989 33.0815
3 10 94.8321 20.8927 20.8244
3 11 57.2196 12.6534 12.5922
3 12 47.5182 11.2252 11.1183
3 13 33.2818 8.16956 8.06016
3 14 21.304 4.94159 4.80792
3 15 48.4451 12.1062 12.0584
4 0 0.0379363 0.0497252 0.00143917
4 1 138.232 34.6027 34.6357
4 2 671.738 151.23 151.537
4 3 641.774 126.018 126.265
4 4 519.853 104.949 105.158
4 5 341.419 66.5416 66.669
4 6 231.636 46.8918 46.9639
4 7 153.968 41.2946 41.3499
4 8 87.9071 19.6235 19.5488
4 9 48.9938 11.5493 11.4916
4 10 34.1265 8.30292 8.23449
4 11 19.6719 4.73068 4.60685
4 12 16.2508 4.40984 4.31225
4 13 9.0765 2.21395 2.06468
4 14 9.16932 2.41392 2.28349
4 15 22.5716 9.44015 9.32032
5 0 0 0.152266 0
5 1 2.45408 1.74012 1.55435
5 2 110.869 66.4665 66.5515
5 3 944.819 584.19 585.689
5 4 2051.11 1165.91 1168.24
5 5 2874.04 1508.28 1510.55
5 6 3291.6 1748.09 1750.31
5 7 3299.31 1840.85 1843.37
5 8 2962.89 1687.86 1690.49
5 9 2465.11 1418.33 1420.88
5 10 1951.85 1085.1 1087.29
5 11 1534.31 851.444 853.343
5 12 1104.22 594.733 596.174
5 13 770.242 378.627 379.574
5 14 562.978 296.275 297.024
5 15 1304.51 726.338 728.026
6 0 3.9873 1.55744 1.4166
6 1 15.8745 12.0922 12.0109
6 2 830.114 396.5 397.477
6 3 1703.2 775.908 777.421
6 4 1998.18 901.359 902.967
6 5 1964.42 869.672 871.222
6 6 1903.72 950.614 952.464
6 7 1648.98 816.946 818.647
6 8 1317.72 578.714 579.963
6 9 1091.9 548.846 550.16
6 10 846.893 443.675 444.794
6 11 648.792 361.015 361.954
6 12 466.183 253.533 254.176
6 13 327.685 159.908 160.279
6 14 225.357 101.617 101.817
6 15 497.833 239.211 239.83
