5.5 0
1 0 65.1543 7.44951 7.33394
1 1 0.00257246 0.0135051 6.61756e-06
2 0 170.394 26.2773 26.289
2 1 0 0.152266 0
3 0 0 0.152266 0
3 1 6.51141 1.3093 1.16678
3 2 155.53 29.2757 29.2841
3 3 387.265 83.6316 83.8056
3 4 513.468 97.736 97.9285
3 5 445.937 80.8733 81.0254
3 6 387.398 77.0203 77.1714
3 7 270.889 54.4381 54.5256
3 8 194.765 46.1699 46.2291
3 9 131.823 33.0988 33.0816
3 10 94.845 20.8929 20.8245
3 11 57.2262 12.6534 12.5923
3 12 47.5233 11.2252 11.1184
3 13 33.2857 8.16951 8.06018
3 14 21.3053 4.9416 4.80792
3 15 48.4479 12.1062 12.0585
4 0 0.0379363 0.0497252 0.00143917
4 1 138.272 34.6033 34.6359
4 2 671.956 151.225 151.538
4 3 641.979 126.021 126.266
4 4 520 104.951 105.159
4 5 341.507 66.5413 66.6695
4 6 231.684 46.8924 46.9642
4 7 153.994 41.2945 41.3501
4 8 87.9195 19.6236 19.5489
4 9 48.9995 11.5493 11.4917
4 10 34.1295 8.30296 8.2345
4 11 19.6742 4.73069 4.60686
4 12 16.2519 4.40985 4.31225
4 13 9.07709 2.21395 2.06468
4 14 9.16962 2.41392 2.28349
4 15 22.5717 9.44016 9.32033
5 0 0 0.152266 0
5 1 2.45408 1.74012 1.55435
5 2 110.869 66.4665 66.5515
5 3 944.822 584.19 585.689
5 4 2051.12 1165.91 1168.24
5 5 2874.05 1508.28 1510.55
5 6 3291.61 1748.09 1750.31
5 7 3299.32 1840.85 1843.37
5 8 2962.9 1687.86 1690.49
5 9 2465.11 1418.33 1420.88
5 10 1951.85 1085.1 1087.29
5 11 1534.31 851.444 853.343
5 12 1104.22 594.734 596.174
5 13 770.245 378.628 379.574
5 14 562.979 296.276 297.024
5 15 1304.51 726.338 728.026
6 0 3.9873 1.55744 1.4166
6 1 15.8746 12.0922 12.0109
6 2 830.117 396.5 397.477
6 3 1703.21 775.908 777.421
6 4 1998.19 901.36 902.967
6 5 1964.43 869.672 871.222
6 6 1903.73 950.614 952.464
6 7 1648.99 816.947 818.647
6 8 1317.72 578.714 579.963
6 9 1091.91 548.846 550.16
6 10 846.897 443.675 444.794
6 11 648.794 361.015 361.954
6 12 466.185 253.533 254.176
6 13 327.686 159.908 160.279
6 14 225.357 101.617 101.817
6 15 497.834 239.211 239.83
