5.6 0
1 0 65.6071 7.45206 7.33663
1 1 0.00261923 0.0136184 6.86039e-06
2 0 171.366 26.283 26.2948
2 1 0 0.152266 0
3 0 0 0.152266 0
3 1 6.51264 1.3093 1.16679
3 2 155.573 29.2753 29.2844
3 3 387.379 83.6332 83.8063
3 4 513.613 97.7353 97.9294
3 5 446.049 80.8747 81.026
3 6 387.48 77.0196 77.1719
3 7 270.941 54.4377 54.5259
3 8 194.798 46.1703 46.2293
3 9 131.842 33.0987 33.0817
3 10 94.8578 20.8928 20.8245
3 11 57.2329 12.6534 12.5923
3 12 47.5284 11.2252 11.1184
3 13 33.2895 8.16956 8.0602
3 14 21.3065 4.94162 4.80793
3 15 48.4508 12.1063 12.0585
4 0 0.0379363 0.0497252 0.00143917
4 1 138.313 34.6031 34.6362
4 2 672.174 151.228 151.54
4 3 642.184 126.024 126.267
4 4 520.148 104.95 105.16
4 5 341.595 66.5424 66.67
4 6 231.732 46.8922 46.9645
4 7 154.02 41.295 41.3502
4 8 87.9319 19.6238 19.549
4 9 49.0052 11.5493 11.4917
4 10 34.1325 8.303 8.23452
4 11 19.6766 4.73072 4.60688
4 12 16.2531 4.40987 4.31226
4 13 9.07769 2.21395 2.06468
4 14 9.16993 2.41392 2.28349
4 15 22.5719 9.44016 9.32033
5 0 0 0.152266 0
5 1 2.45408 1.74012 1.55435
5 2 110.869 66.4665 66.5515
5 3 944.825 584.19 585.689
5 4 2051.13 1165.91 1168.24
5 5 2874.06 1508.28 1510.55
5 6 3291.62 1748.09 1750.31
5 7 3299.33 1840.85 1843.37
5 8 2962.91 1687.86 1690.49
5 9 2465.12 1418.33 1420.88
5 10 1951.86 1085.1 1087.29
5 11 1534.32 851.444 853.343
5 12 1104.23 594.734 596.174
5 13 770.247 378.628 379.574
5 14 562.981 296.276 297.024
5 15 1304.52 726.338 728.026
6 0 3.9873 1.55744 1.4166
6 1 15.8746 12.0922 12.0109
6 2 830.12 396.5 397.477
6 3 1703.22 775.909 777.421
6 4 1998.2 901.36 902.967
6 5 1964.44 869.673 871.222
6 6 1903.75 950.614 952.464
6 7 1649 816.947 818.647
6 8 1317.73 578.714 579.963
6 9 1091.91 548.846 550.161
6 10 846.9 443.675 444.795
6 11 648.796 361.015 361.954
6 12 466.187 253.533 254.176
6 13 327.687 159.908 160.279
6 14 225.358 101.617 101.817
6 15 497.835 239.211 239.83
