5.7 0
1 0 66.0598 7.45473 7.33937
1 1 0.00266601 0.0137314 7.10759e-06
2 0 172.339 26.2887 26.3007
2 1 0 0.152266 0
3 0 0 0.152266 0
3 1 6.51387 1.30931 1.16679
3 2 155.615 29.2759 29.2846
3 3 387.493 83.6348 83.8069
3 4 513.758 97.7373 97.9303
3 5 446.161 80.8762 81.0267
3 6 387.563 77.0207 77.1724
3 7 270.994 54.4384 54.5262
3 8 194.831 46.1708 46.2295
3 9 131.861 33.099 33.0818
3 10 94.8707 20.893 20.8246
3 11 57.2395 12.6535 12.5924
3 12 47.5335 11.2253 11.1184
3 13 33.2934 8.16962 8.06023
3 14 21.3077 4.94161 4.80794
3 15 48.4537 12.1063 12.0585
4 0 0.0379363 0.0497252 0.00143917
4 1 138.353 34.6037 34.6364
4 2 672.391 151.232 151.541
4 3 642.388 126.023 126.268
4 4 520.295 104.952 105.161
4 5 341.682 66.5422 66.6705
4 6 231.78 46.8929 46.9648
4 7 154.045 41.2954 41.3504
4 8 87.9443 19.6238 19.5491
4 9 49.0109 11.5494 11.4917
4 10 34.1355 8.30304 8.23454
4 11 19.6789 4.73072 4.60689
4 12 16.2542 4.40988 4.31226
4 13 9.07828 2.21395 2.06469
4 14 9.17024 2.41393 2.2835
4 15 22.572 9.44016 9.32033
5 0 0 0.152266 0
5 1 2.45408 1.74012 1.55435
5 2 110.869 66.4665 66.5515
5 3 944.828 584.19 585.689
5 4 2051.14 1165.91 1168.24
5 5 2874.07 1508.28 1510.55
5 6 3291.64 1748.09 1750.31
5 7 3299.34 1840.85 1843.37
5 8 2962.92 1687.86 1690.49
5 9 2465.13 1418.33 1420.88
5 10 1951.87 1085.1 1087.29
5 11 1534.32 851.444 853.343
5 12 1104.23 594.734 596.174
5 13 770.25 378.628 379.574
5 14 562.982 296.276 297.024
5 15 1304.52 726.339 728.026
6 0 3.9873 1.55744 1.4166
6 1 15.8747 12.0922 12.0109
6 2 830.122 396.5 397.477
6 3 1703.22 775.909 777.421
6 4 1998.21 901.36 902.968
6 5 1964.46 869.673 871.222
6 6 1903.76 950.615 952.464
6 7 1649.01 816.947 818.647
6 8 1317.74 578.714 579.963
6 9 1091.92 548.847 550.161
6 10 846.904 443.675 444.795
6 11 648.798 361.016 361.954
6 12 466.188 253.533 254.176
6 13 327.688 159.908 160.279
6 14 225.358 101.617 101.817
6 15 497.836 239.211 239.83
