5.8 0
1 0 66.5126 7.45742 7.34216
1 1 0.00271278 0.0138438 7.35917e-06
2 0 173.311 26.295 26.3068
2 1 0 0.152266 0
3 0 0 0.152266 0
3 1 6.5151 1.30931 1.1668
3 2 155.658 29.2764 29.2849
3 3 387.607 83.6346 83.8076
3 4 513.903 97.7365 97.9312
3 5 446.273 80.8755 81.0274
3 6 387.645 77.0201 77.1729
3 7 271.046 54.4392 54.5266
3 8 194.864 46.1713 46.2297
3 9 131.88 33.0993 33.0819
3 10 94.8836 20.8929 20.8247
3 11 57.2461 12.6536 12.5924
3 12 47.5386 11.2253 11.1184
3 13 33.2973 8.16962 8.06025
3 14 21.3089 4.94162 4.80794
3 15 48.4566 12.1063 12.0585
4 0 0.0379363 0.0497252 0.00143917
4 1 138.393 34.6039 34.6367
4 2 672.609 151.235 151.542
4 3 642.593 126.022 126.27
4 4 520.443 104.954 105.162
4 5 341.77 66.5434 66.6711
4 6 231.827 46.8927 46.9651
4 7 154.071 41.2952 41.3505
4 8 87.9567 19.6237 19.5491
4 9 49.0165 11.5494 11.4918
4 10 34.1385 8.30297 8.23456
4 11 19.6812 4.73073 4.6069
4 12 16.2554 4.40988 4.31227
4 13 9.07887 2.21396 2.06469
4 14 9.17054 2.41393 2.2835
4 15 22.5722 9.44017 9.32033
5 0 0 0.152266 0
5 1 2.45408 1.74012 1.55435
5 2 110.869 66.4665 66.5515
5 3 944.831 584.191 585.689
5 4 2051.14 1165.91 1168.24
5 5 2874.08 1508.28 1510.55
5 6 3291.65 1748.09 1750.31
5 7 3299.36 1840.85 1843.37
5 8 2962.93 1687.86 1690.49
5 9 2465.14 1418.33 1420.88
5 10 1951.87 1085.1 1087.29
5 11 1534.33 851.444 853.343
5 12 1104.24 594.734 596.174
5 13 770.252 378.628 379.574
5 14 562.983 296.276 297.024
5 15 1304.52 726.339 728.026
6 0 3.9873 1.55744 1.4166
6 1 15.8747 12.0922 12.0109
6 2 830.125 396.5 397.477
6 3 1703.23 775.909 777.421
6 4 1998.23 901.361 902.968
6 5 1964.47 869.673 871.222
6 6 1903.77 950.615 952.464
6 7 1649.02 816.947 818.647
6 8 1317.74 578.714 579.963
6 9 1091.92 548.847 550.161
6 10 846.907 443.676 444.795
6 11 648.799 361.016 361.954
6 12 466.19 253.533 254.176
6 13 327.689 159.908 160.279
6 14 225.358 101.617 101.817
6 15 497.837 239.211 239.83
