5.9 0
1 0 66.9654 7.46014 7.345
1 1 0.00275955 0.0139559 7.61512e-06
2 0 174.283 26.3008 26.3129
2 1 0 0.152266 0
3 0 0 0.152266 0
3 1 6.51633 1.30932 1.16681
3 2 155.701 29.2761 29.2852
3 3 387.721 83.6344 83.8084
3 4 514.048 97.7385 97.9321
3 5 446.385 80.877 81.0281
3 6 387.728 77.0213 77.1734
3 7 271.098 54.4389 54.5269
3 8 194.897 46.1718 46.2299
3 9 131.898 33.0995 33.0821
3 10 94.8964 20.8931 20.8248
3 11 57.2527 12.6535 12.5924
3 12 47.5437 11.2254 11.1185
3 13 33.3011 8.16962 8.06028
3 14 21.3102 4.94161 4.80795
3 15 48.4595 12.1062 12.0585
4 0 0.0379363 0.0497252 0.00143917
4 1 138.433 34.6041 34.6369
4 2 672.827 151.234 151.544
4 3 642.798 126.025 126.271
4 4 520.591 104.954 105.163
4 5 341.858 66.5431 66.6716
4 6 231.875 46.8934 46.9654
4 7 154.097 41.2951 41.3507
4 8 87.9692 19.6239 19.5492
4 9 49.0222 11.5495 11.4918
4 10 34.1415 8.30302 8.23458
4 11 19.6836 4.73076 4.60692
4 12 16.2565 4.40987 4.31228
4 13 9.07947 2.21397 2.06469
4 14 9.17085 2.41393 2.2835
4 15 22.5723 9.44017 9.32033
5 0 0 0.152266 0
5 1 2.45408 1.74012 1.55435
5 2 110.869 66.4665 66.5515
5 3 944.834 584.191 585.689
5 4 2051.15 1165.91 1168.24
5 5 2874.09 1508.28 1510.55
5 6 3291.66 1748.09 1750.31
5 7 3299.37 1840.86 1843.37
5 8 2962.95 1687.86 1690.49
5 9 2465.15 1418.33 1420.88
5 10 1951.88 1085.1 1087.29
5 11 1534.33 851.444 853.343
5 12 1104.24 594.734 596.174
5 13 770.254 378.628 379.574
5 14 562.984 296.276 297.024
5 15 1304.52 726.339 728.026
6 0 3.9873 1.55744 1.4166
6 1 15.8748 12.0922 12.0109
6 2 830.128 396.501 397.477
6 3 1703.24 775.909 777.421
6 4 1998.24 901.361 902.968
6 5 1964.48 869.674 871.222
6 6 1903.78 950.615 952.465
6 7 1649.03 816.948 818.647
6 8 1317.75 578.714 579.963
6 9 1091.93 548.847 550.161
6 10 846.911 443.676 444.795
6 11 648.801 361.016 361.954
6 12 466.192 253.533 254.176
6 13 327.69 159.908 160.279
6 14 225.359 101.617 101.817
6 15 497.838 239.211 239.83
