0.6 0
1 0 42.9681 7.38212 7.26141
1 1 0.000280632 0.00959904 7.87545e-08
2 0 122.748 26.1248 26.1328
2 1 0 0.152266 0
3 0 0 0.152266 0
3 1 6.45105 1.30915 1.16658
3 2 153.437 29.2689 29.2773
3 3 381.673 83.6126 83.7872
3 4 506.365 97.7097 97.9053
3 5 440.454 80.8562 81.0074
3 6 383.362 77.0063 77.1583
3 7 268.33 54.4301 54.5172
3 8 193.159 46.165 46.2238
3 9 130.907 33.0958 33.0786
3 10 94.2147 20.891 20.8224
3 11 56.9026 12.6524 12.5912
3 12 47.2737 11.2244 11.1175
3 13 33.0962 8.16898 8.05955
3 14 21.2452 4.94142 4.80773
3 15 48.3066 12.1058 12.058
4 0 0.0379363 0.0497252 0.00143917
4 1 136.305 34.5971 34.6295
4 2 661.285 151.189 151.503
4 3 631.947 125.984 126.233
4 4 512.768 104.925 105.136
4 5 337.199 66.5269 66.6554
4 6 229.343 46.8843 46.9565
4 7 152.73 41.2909 41.346
4 8 87.311 19.6218 19.5469
4 9 48.7216 11.5485 11.4908
4 10 33.9823 8.30247 8.23402
4 11 19.5596 4.73039 4.6065
4 12 16.1954 4.40971 4.31208
4 13 9.04802 2.21388 2.06459
4 14 9.15463 2.41389 2.28344
4 15 22.5642 9.44012 9.3203
5 0 0 0.152266 0
5 1 2.45408 1.74012 1.55435
5 2 110.862 66.4663 66.5515
5 3 944.68 584.21 585.688
5 4 2050.76 1165.94 1168.24
5 5 2873.51 1508.26 1510.55
5 6 3290.99 1748.07 1750.31
5 7 3298.77 1840.84 1843.37
5 8 2962.38 1687.85 1690.49
5 9 2464.68 1418.32 1420.88
5 10 1951.55 1085.09 1087.28
5 11 1534.06 851.437 853.342
5 12 1104.01 594.742 596.174
5 13 770.128 378.625 379.574
5 14 562.918 296.274 297.023
5 15 1304.37 726.335 728.026
6 0 3.9873 1.55744 1.4166
6 1 15.8723 12.0922 12.0109
6 2 829.986 396.497 397.477
6 3 1702.84 775.901 777.42
6 4 1997.58 901.347 902.965
6 5 1963.77 869.658 871.22
6 6 1903.12 950.629 952.462
6 7 1648.49 816.96 818.645
6 8 1317.4 578.723 579.962
6 9 1091.64 548.853 550.16
6 10 846.726 443.68 444.794
6 11 648.7 361.013 361.954
6 12 466.103 253.535 254.176
6 13 327.635 159.909 160.279
6 14 225.34 101.617 101.817
6 15 497.785 239.21 239.83
