6 0
1 0 67.4182 7.46288 7.34789
1 1 0.00280632 0.0140675 7.87545e-06
2 0 175.256 26.3071 26.3191
2 1 0 0.152266 0
3 0 0 0.152266 0
3 1 6.51757 1.30933 1.16682
3 2 155.743 29.2767 29.2854
3 3 387.835 83.6361 83.8091
3 4 514.193 97.7405 97.933
3 5 446.497 80.8764 81.0288
3 6 387.81 77.0224 77.174
3 7 271.15 54.4396 54.5272
3 8 194.929 46.1709 46.2301
3 9 131.917 33.099 33.0822
3 10 94.9093 20.8933 20.8249
3 11 57.2593 12.6535 12.5925
3 12 47.5488 11.2253 11.1185
3 13 33.305 8.16967 8.0603
3 14 21.3114 4.94163 4.80796
3 15 48.4624 12.1063 12.0585
4 0 0.0379363 0.0497252 0.00143917
4 1 138.473 34.6042 34.6372
4 2 673.045 151.233 151.545
4 3 643.003 126.028 126.272
4 4 520.738 104.953 105.164
4 5 341.946 66.5443 66.6722
4 6 231.923 46.8932 46.9657
4 7 154.123 41.2956 41.3509
4 8 87.9816 19.6239 19.5493
4 9 49.0279 11.5495 11.4918
4 10 34.1445 8.30306 8.2346
4 11 19.6859 4.73076 4.60693
4 12 16.2577 4.40989 4.31228
4 13 9.08006 2.21396 2.0647
4 14 9.17115 2.41393 2.2835
4 15 22.5725 9.44017 9.32033
5 0 0 0.152266 0
5 1 2.45408 1.74012 1.55435
5 2 110.869 66.4665 66.5515
5 3 944.836 584.191 585.689
5 4 2051.16 1165.91 1168.24
5 5 2874.1 1508.28 1510.56
5 6 3291.67 1748.09 1750.31
5 7 3299.38 1840.86 1843.37
5 8 2962.96 1687.86 1690.49
5 9 2465.16 1418.33 1420.88
5 10 1951.89 1085.1 1087.29
5 11 1534.34 851.444 853.343
5 12 1104.25 594.734 596.174
5 13 770.257 378.628 379.574
5 14 562.986 296.276 297.024
5 15 1304.53 726.339 728.026
6 0 3.9873 1.55744 1.4166
6 1 15.8748 12.0922 12.0109
6 2 830.13 396.501 397.478
6 3 1703.25 775.909 777.422
6 4 1998.25 901.361 902.968
6 5 1964.5 869.674 871.222
6 6 1903.8 950.616 952.465
6 7 1649.04 816.948 818.647
6 8 1317.76 578.715 579.963
6 9 1091.93 548.847 550.161
6 10 846.914 443.676 444.795
6 11 648.803 361.016 361.954
6 12 466.193 253.533 254.176
6 13 327.691 159.908 160.279
6 14 225.359 101.617 101.817
6 15 497.839 239.211 239.83
