6.1 0
1 0 67.871 7.46575 7.35083
1 1 0.00285309 0.0141786 8.14015e-06
2 0 176.228 26.313 26.3254
2 1 0 0.152266 0
3 0 0 0.152266 0
3 1 6.5188 1.30934 1.16682
3 2 155.786 29.2772 29.2857
3 3 387.949 83.6359 83.8098
3 4 514.338 97.7425 97.9339
3 5 446.608 80.8779 81.0295
3 6 387.892 77.0236 77.1745
3 7 271.202 54.4392 54.5275
3 8 194.962 46.1714 46.2303
3 9 131.936 33.0993 33.0823
3 10 94.9222 20.8933 20.8249
3 11 57.2659 12.6536 12.5925
3 12 47.5539 11.2254 11.1185
3 13 33.3089 8.16967 8.06033
3 14 21.3126 4.94164 4.80797
3 15 48.4652 12.1063 12.0586
4 0 0.0379363 0.0497252 0.00143917
4 1 138.513 34.6045 34.6374
4 2 673.262 151.236 151.547
4 3 643.207 126.031 126.273
4 4 520.886 104.955 105.165
4 5 342.034 66.5455 66.6727
4 6 231.971 46.8939 46.966
4 7 154.149 41.296 41.351
4 8 87.994 19.624 19.5494
4 9 49.0335 11.5495 11.4919
4 10 34.1475 8.3031 8.23462
4 11 19.6883 4.73077 4.60695
4 12 16.2589 4.4099 4.31229
4 13 9.08065 2.21397 2.0647
4 14 9.17146 2.41393 2.2835
4 15 22.5727 9.44014 9.32033
5 0 0 0.152266 0
5 1 2.45408 1.74012 1.55435
5 2 110.87 66.4665 66.5515
5 3 944.839 584.191 585.689
5 4 2051.17 1165.91 1168.24
5 5 2874.12 1508.28 1510.56
5 6 3291.69 1748.09 1750.31
5 7 3299.39 1840.86 1843.37
5 8 2962.97 1687.86 1690.49
5 9 2465.17 1418.33 1420.88
5 10 1951.89 1085.1 1087.29
5 11 1534.34 851.445 853.343
5 12 1104.25 594.734 596.174
5 13 770.259 378.628 379.574
5 14 562.987 296.276 297.024
5 15 1304.53 726.339 728.026
6 0 3.9873 1.55744 1.4166
6 1 15.8749 12.0922 12.0109
6 2 830.133 396.501 397.478
6 3 1703.25 775.91 777.422
6 4 1998.26 901.362 902.968
6 5 1964.51 869.674 871.222
6 6 1903.81 950.616 952.465
6 7 1649.05 816.948 818.647
6 8 1317.76 578.715 579.964
6 9 1091.94 548.847 550.161
6 10 846.918 443.676 444.795
6 11 648.805 361.016 361.954
6 12 466.195 253.533 254.176
6 13 327.692 159.908 160.279
6 14 225.359 101.617 101.817
6 15 497.84 239.211 239.83
