6.2 0
1 0 68.3237 7.46855 7.35381
1 1 0.00289987 0.0142891 8.40923e-06
2 0 177.201 26.3194 26.3318
2 1 0 0.152266 0
3 0 0 0.152266 0
3 1 6.52003 1.30934 1.16683
3 2 155.829 29.2774 29.286
3 3 388.063 83.6376 83.8106
3 4 514.483 97.7419 97.9349
3 5 446.72 80.8794 81.0303
3 6 387.975 77.0229 77.175
3 7 271.255 54.44 54.5279
3 8 194.995 46.1719 46.2305
3 9 131.954 33.0996 33.0824
3 10 94.935 20.8932 20.825
3 11 57.2725 12.6537 12.5926
3 12 47.5589 11.2254 11.1186
3 13 33.3127 8.16973 8.06036
3 14 21.3139 4.94166 4.80797
3 15 48.4681 12.1063 12.0586
4 0 0.0379363 0.0497252 0.00143917
4 1 138.553 34.6046 34.6377
4 2 673.48 151.24 151.548
4 3 643.412 126.03 126.275
4 4 521.033 104.957 105.166
4 5 342.122 66.5453 66.6733
4 6 232.019 46.8946 46.9663
4 7 154.174 41.2959 41.3512
4 8 88.0064 19.624 19.5494
4 9 49.0392 11.5496 11.4919
4 10 34.1506 8.30309 8.23464
4 11 19.6906 4.7308 4.60696
4 12 16.26 4.4099 4.3123
4 13 9.08125 2.21397 2.0647
4 14 9.17177 2.41393 2.2835
4 15 22.5728 9.44014 9.32033
5 0 0 0.152266 0
5 1 2.45408 1.74012 1.55435
5 2 110.87 66.4665 66.5515
5 3 944.842 584.191 585.689
5 4 2051.17 1165.91 1168.24
5 5 2874.13 1508.28 1510.56
5 6 3291.7 1748.02 1750.31
5 7 3299.4 1840.86 1843.37
5 8 2962.98 1687.86 1690.49
5 9 2465.18 1418.33 1420.88
5 10 1951.9 1085.1 1087.29
5 11 1534.35 851.445 853.343
5 12 1104.25 594.734 596.174
5 13 770.262 378.628 379.574
5 14 562.988 296.276 297.024
5 15 1304.53 726.339 728.026
6 0 3.9873 1.55744 1.4166
6 1 15.8749 12.0922 12.0109
6 2 830.136 396.501 397.478
6 3 1703.26 775.91 777.422
6 4 1998.28 901.362 902.968
6 5 1964.52 869.675 871.222
6 6 1903.82 950.616 952.465
6 7 1649.06 816.948 818.648
6 8 1317.77 578.715 579.964
6 9 1091.94 548.847 550.161
6 10 846.921 443.676 444.795
6 11 648.807 361.016 361.954
6 12 466.197 253.533 254.176
6 13 327.693 159.908 160.279
6 14 225.36 101.617 101.817
6 15 497.841 239.212 239.83
