6.3 0
1 0 68.7765 7.47157 7.35684
1 1 0.00294664 0.0143993 8.68268e-06
2 0 178.173 26.3259 26.3384
2 1 0 0.152266 0
3 0 0 0.152266 0
3 1 6.52126 1.30935 1.16684
3 2 155.871 29.2775 29.2863
3 3 388.178 83.6375 83.8114
3 4 514.628 97.7413 97.9359
3 5 446.832 80.8809 81.031
3 6 388.057 77.0241 77.1756
3 7 271.307 54.4407 54.5282
3 8 195.028 46.1724 46.2307
3 9 131.973 33.0999 33.0825
3 10 94.9479 20.8934 20.8251
3 11 57.2791 12.6538 12.5926
3 12 47.564 11.2255 11.1186
3 13 33.3166 8.16974 8.06038
3 14 21.3151 4.94168 4.80798
3 15 48.471 12.1064 12.0586
4 0 0.0379363 0.0497252 0.00143917
4 1 138.594 34.6053 34.638
4 2 673.698 151.243 151.549
4 3 643.617 126.029 126.276
4 4 521.181 104.959 105.167
4 5 342.21 66.5451 66.6739
4 6 232.066 46.8944 46.9666
4 7 154.2 41.2958 41.3514
4 8 88.0188 19.6242 19.5495
4 9 49.0449 11.5495 11.492
4 10 34.1536 8.30308 8.23466
4 11 19.6929 4.7308 4.60698
4 12 16.2612 4.40991 4.31231
4 13 9.08184 2.21397 2.06471
4 14 9.17207 2.41393 2.28351
4 15 22.573 9.44014 9.32033
5 0 0 0.152266 0
5 1 2.45408 1.74012 1.55435
5 2 110.87 66.4665 66.5515
5 3 944.845 584.191 585.689
5 4 2051.18 1165.91 1168.24
5 5 2874.14 1508.28 1510.56
5 6 3291.71 1748.02 1750.31
5 7 3299.41 1840.86 1843.37
5 8 2962.99 1687.86 1690.49
5 9 2465.19 1418.33 1420.88
5 10 1951.9 1085.1 1087.29
5 11 1534.35 851.445 853.343
5 12 1104.26 594.735 596.174
5 13 770.264 378.628 379.574
5 14 562.989 296.276 297.024
5 15 1304.54 726.339 728.026
6 0 3.9873 1.55744 1.4166
6 1 15.875 12.0922 12.0109
6 2 830.138 396.501 397.478
6 3 1703.27 775.91 777.422
6 4 1998.29 901.362 902.968
6 5 1964.54 869.675 871.222
6 6 1903.83 950.617 952.465
6 7 1649.07 816.949 818.648
6 8 1317.77 578.715 579.964
6 9 1091.95 548.847 550.161
6 10 846.925 443.676 444.795
6 11 648.809 361.016 361.954
6 12 466.198 253.533 254.176
6 13 327.694 159.908 160.279
6 14 225.36 101.618 101.817
6 15 497.842 239.212 239.83
