6.4 0
1 0 69.2293 7.47451 7.35993
1 1 0.00299341 0.0145088 8.96051e-06
2 0 179.145 26.3324 26.345
2 1 0 0.152266 0
3 0 0 0.152266 0
3 1 6.52249 1.30936 1.16685
3 2 155.914 29.2776 29.2866
3 3 388.292 83.6392 83.8121
3 4 514.773 97.7433 97.9369
3 5 446.944 80.8804 81.0318
3 6 388.139 77.0235 77.1762
3 7 271.359 54.4404 54.5286
3 8 195.061 46.1722 46.2309
3 9 131.992 33.1002 33.0827
3 10 94.9608 20.8936 20.8252
3 11 57.2857 12.6537 12.5927
3 12 47.5691 11.2256 11.1187
3 13 33.3205 8.16974 8.06041
3 14 21.3163 4.94169 4.80799
3 15 48.4739 12.1064 12.0586
4 0 0.0379363 0.0497252 0.00143917
4 1 138.634 34.6055 34.6382
4 2 673.916 151.242 151.551
4 3 643.822 126.032 126.278
4 4 521.329 104.959 105.168
4 5 342.298 66.5463 66.6745
4 6 232.114 46.8943 46.967
4 7 154.226 41.2962 41.3516
4 8 88.0312 19.6242 19.5496
4 9 49.0506 11.5496 11.492
4 10 34.1566 8.30312 8.23467
4 11 19.6953 4.73084 4.60699
4 12 16.2623 4.40993 4.31231
4 13 9.08243 2.21397 2.06471
4 14 9.17238 2.41393 2.28351
4 15 22.5731 9.44015 9.32033
5 0 0 0.152266 0
5 1 2.45408 1.74012 1.55435
5 2 110.87 66.4665 66.5516
5 3 944.848 584.191 585.689
5 4 2051.19 1165.91 1168.24
5 5 2874.15 1508.28 1510.56
5 6 3291.72 1748.02 1750.31
5 7 3299.42 1840.86 1843.37
5 8 2963 1687.86 1690.49
5 9 2465.19 1418.33 1420.88
5 10 1951.91 1085.1 1087.29
5 11 1534.36 851.445 853.343
5 12 1104.26 594.735 596.174
5 13 770.266 378.628 379.574
5 14 562.991 296.276 297.024
5 15 1304.54 726.339 728.026
6 0 3.9873 1.55744 1.4166
6 1 15.875 12.0922 12.0109
6 2 830.141 396.501 397.478
6 3 1703.28 775.91 777.422
6 4 1998.3 901.362 902.968
6 5 1964.55 869.675 871.223
6 6 1903.85 950.617 952.465
6 7 1649.08 816.949 818.648
6 8 1317.78 578.715 579.964
6 9 1091.95 548.848 550.161
6 10 846.928 443.676 444.795
6 11 648.811 361.016 361.954
6 12 466.2 253.533 254.176
6 13 327.695 159.908 160.279
6 14 225.36 101.618 101.817
6 15 497.843 239.212 239.83
