6.5 0
1 0 69.6821 7.47759 7.36306
1 1 0.00304018 0.0146179 9.24271e-06
2 0 180.118 26.3395 26.3518
2 1 0 0.152266 0
3 0 0 0.152266 0
3 1 6.52372 1.30937 1.16686
3 2 155.957 29.2782 29.2869
3 3 388.406 83.639 83.8129
3 4 514.918 97.7454 97.9379
3 5 447.056 80.8819 81.0326
3 6 388.222 77.0247 77.1767
3 7 271.411 54.4412 54.529
3 8 195.093 46.1727 46.2312
3 9 132.01 33.0997 33.0828
3 10 94.9736 20.8938 20.8253
3 11 57.2923 12.6538 12.5927
3 12 47.5742 11.2255 11.1187
3 13 33.3243 8.1698 8.06044
3 14 21.3175 4.94165 4.808
3 15 48.4768 12.1064 12.0586
4 0 0.0379363 0.0497252 0.00143917
4 1 138.674 34.6057 34.6385
4 2 674.134 151.241 151.552
4 3 644.026 126.035 126.279
4 4 521.476 104.958 105.169
4 5 342.386 66.5476 66.6751
4 6 232.162 46.8949 46.9673
4 7 154.252 41.2966 41.3517
4 8 88.0437 19.6244 19.5497
4 9 49.0562 11.5497 11.492
4 10 34.1596 8.30317 8.2347
4 11 19.6976 4.73082 4.60701
4 12 16.2635 4.40993 4.31232
4 13 9.08303 2.21398 2.06472
4 14 9.17268 2.41394 2.28351
4 15 22.5733 9.44015 9.32034
5 0 0 0.152266 0
5 1 2.45408 1.74012 1.55435
5 2 110.87 66.4665 66.5516
5 3 944.851 584.191 585.689
5 4 2051.19 1165.91 1168.24
5 5 2874.16 1508.28 1510.56
5 6 3291.74 1748.02 1750.31
5 7 3299.43 1840.86 1843.37
5 8 2963.01 1687.86 1690.49
5 9 2465.2 1418.33 1420.88
5 10 1951.92 1085.1 1087.29
5 11 1534.36 851.445 853.343
5 12 1104.27 594.735 596.174
5 13 770.269 378.628 379.574
5 14 562.992 296.276 297.024
5 15 1304.54 726.339 728.026
6 0 3.9873 1.55744 1.4166
6 1 15.875 12.0922 12.0109
6 2 830.144 396.501 397.478
6 3 1703.28 775.91 777.422
6 4 1998.31 901.363 902.968
6 5 1964.56 869.676 871.223
6 6 1903.86 950.617 952.465
6 7 1649.09 816.949 818.648
6 8 1317.79 578.715 579.964
6 9 1091.96 548.848 550.161
6 10 846.932 443.676 444.795
6 11 648.813 361.016 361.954
6 12 466.202 253.533 254.176
6 13 327.696 159.908 160.279
6 14 225.361 101.618 101.817
6 15 497.844 239.212 239.83
