6.6 0
1 0 70.1349 7.48069 7.36623
1 1 0.00308695 0.0147264 9.52929e-06
2 0 181.09 26.3461 26.3586
2 1 0 0.152266 0
3 0 0 0.152266 0
3 1 6.52496 1.30938 1.16687
3 2 156 29.2784 29.2872
3 3 388.52 83.6407 83.8137
3 4 515.062 97.7474 97.9389
3 5 447.168 80.8814 81.0334
3 6 388.304 77.0259 77.1773
3 7 271.464 54.4409 54.5293
3 8 195.126 46.1726 46.2314
3 9 132.029 33.1 33.0829
3 10 94.9865 20.8937 20.8254
3 11 57.2989 12.6539 12.5927
3 12 47.5793 11.2255 11.1187
3 13 33.3282 8.16985 8.06046
3 14 21.3188 4.94167 4.80801
3 15 48.4797 12.1064 12.0587
4 0 0.0379363 0.0497252 0.00143917
4 1 138.714 34.6059 34.6388
4 2 674.351 151.245 151.554
4 3 644.231 126.038 126.28
4 4 521.624 104.96 105.17
4 5 342.474 66.5488 66.6758
4 6 232.21 46.8956 46.9676
4 7 154.278 41.2965 41.3519
4 8 88.0561 19.6245 19.5498
4 9 49.0619 11.5498 11.4921
4 10 34.1626 8.30316 8.23472
4 11 19.7 4.73085 4.60702
4 12 16.2646 4.40992 4.31233
4 13 9.08362 2.21398 2.06472
4 14 9.17299 2.41394 2.28351
4 15 22.5734 9.44015 9.32034
5 0 0 0.152266 0
5 1 2.45408 1.74012 1.55435
5 2 110.87 66.4665 66.5516
5 3 944.854 584.191 585.689
5 4 2051.2 1165.91 1168.24
5 5 2874.17 1508.28 1510.56
5 6 3291.75 1748.02 1750.31
5 7 3299.45 1840.86 1843.37
5 8 2963.02 1687.86 1690.49
5 9 2465.21 1418.33 1420.88
5 10 1951.92 1085.1 1087.29
5 11 1534.37 851.445 853.343
5 12 1104.27 594.735 596.174
5 13 770.271 378.628 379.574
5 14 562.993 296.276 297.024
5 15 1304.54 726.339 728.026
6 0 3.9873 1.55744 1.4166
6 1 15.8751 12.0922 12.0109
6 2 830.146 396.501 397.478
6 3 1703.29 775.91 777.422
6 4 1998.33 901.363 902.968
6 5 1964.58 869.676 871.223
6 6 1903.87 950.618 952.465
6 7 1649.1 816.95 818.648
6 8 1317.79 578.715 579.964
6 9 1091.97 548.848 550.161
6 10 846.935 443.676 444.795
6 11 648.815 361.016 361.954
6 12 466.203 253.533 254.176
6 13 327.697 159.908 160.279
6 14 225.361 101.618 101.817
6 15 497.845 239.212 239.83
