6.7 0
1 0 70.5876 7.48382 7.36946
1 1 0.00313373 0.0148344 9.82024e-06
2 0 182.062 26.3527 26.3656
2 1 0 0.152266 0
3 0 0 0.152266 0
3 1 6.52619 1.30938 1.16688
3 2 156.042 29.2785 29.2875
3 3 388.634 83.6425 83.8145
3 4 515.207 97.7469 97.9399
3 5 447.28 80.883 81.0342
3 6 388.386 77.0271 77.1779
3 7 271.516 54.4416 54.5297
3 8 195.159 46.1731 46.2316
3 9 132.048 33.1003 33.0831
3 10 94.9993 20.8937 20.8255
3 11 57.3055 12.654 12.5928
3 12 47.5844 11.2256 11.1188
3 13 33.3321 8.1698 8.06049
3 14 21.32 4.94169 4.80802
3 15 48.4825 12.1064 12.0587
4 0 0.0379363 0.0497252 0.00143917
4 1 138.754 34.6061 34.6391
4 2 674.569 151.248 151.556
4 3 644.436 126.037 126.282
4 4 521.772 104.962 105.171
4 5 342.562 66.5472 66.6764
4 6 232.257 46.8963 46.968
4 7 154.303 41.297 41.3521
4 8 88.0685 19.6245 19.5499
4 9 49.0676 11.5497 11.4921
4 10 34.1656 8.3032 8.23474
4 11 19.7023 4.73088 4.60704
4 12 16.2658 4.40994 4.31234
4 13 9.08422 2.21399 2.06472
4 14 9.1733 2.41394 2.28352
4 15 22.5736 9.44015 9.32034
5 0 0 0.152266 0
5 1 2.45408 1.74012 1.55435
5 2 110.871 66.4665 66.5516
5 3 944.857 584.191 585.689
5 4 2051.21 1165.91 1168.24
5 5 2874.18 1508.28 1510.56
5 6 3291.76 1748.02 1750.31
5 7 3299.46 1840.86 1843.37
5 8 2963.03 1687.87 1690.49
5 9 2465.22 1418.33 1420.88
5 10 1951.93 1085.1 1087.29
5 11 1534.37 851.445 853.343
5 12 1104.28 594.735 596.175
5 13 770.274 378.628 379.574
5 14 562.994 296.276 297.024
5 15 1304.55 726.339 728.026
6 0 3.9873 1.55744 1.4166
6 1 15.8751 12.0922 12.0109
6 2 830.149 396.501 397.478
6 3 1703.3 775.911 777.422
6 4 1998.34 901.363 902.968
6 5 1964.59 869.676 871.223
6 6 1903.88 950.618 952.465
6 7 1649.11 816.95 818.648
6 8 1317.8 578.716 579.964
6 9 1091.97 548.848 550.161
6 10 846.939 443.676 444.795
6 11 648.817 361.016 361.954
6 12 466.205 253.533 254.176
6 13 327.698 159.908 160.279
6 14 225.361 101.618 101.817
6 15 497.846 239.212 239.83
