6.8 0
1 0 71.0404 7.48698 7.37274
1 1 0.0031805 0.0149418 1.01156e-05
2 0 183.035 26.3599 26.3726
2 1 0 0.152266 0
3 0 0 0.152266 0
3 1 6.52742 1.3094 1.16689
3 2 156.085 29.2791 29.2878
3 3 388.748 83.6424 83.8154
3 4 515.352 97.7464 97.941
3 5 447.392 80.8845 81.035
3 6 388.469 77.0265 77.1785
3 7 271.568 54.4424 54.5301
3 8 195.192 46.1736 46.2319
3 9 132.067 33.1006 33.0832
3 10 95.0122 20.8939 20.8256
3 11 57.3121 12.6539 12.5928
3 12 47.5895 11.2257 11.1188
3 13 33.3359 8.16986 8.06052
3 14 21.3212 4.9417 4.80802
3 15 48.4854 12.1064 12.0587
4 0 0.0379363 0.0497252 0.00143917
4 1 138.794 34.6068 34.6394
4 2 674.787 151.247 151.557
4 3 644.641 126.037 126.283
4 4 521.919 104.965 105.172
4 5 342.649 66.5485 66.677
4 6 232.305 46.8954 46.9683
4 7 154.329 41.2969 41.3523
4 8 88.0809 19.6245 19.55
4 9 49.0732 11.5498 11.4922
4 10 34.1686 8.30325 8.23476
4 11 19.7046 4.73086 4.60706
4 12 16.2669 4.40995 4.31235
4 13 9.08481 2.21399 2.06473
4 14 9.1736 2.41394 2.28352
4 15 22.5737 9.44016 9.32034
5 0 0 0.152266 0
5 1 2.45408 1.74012 1.55435
5 2 110.871 66.4665 66.5516
5 3 944.86 584.191 585.689
5 4 2051.22 1165.91 1168.24
5 5 2874.19 1508.28 1510.56
5 6 3291.78 1748.02 1750.31
5 7 3299.47 1840.86 1843.37
5 8 2963.04 1687.87 1690.49
5 9 2465.23 1418.33 1420.88
5 10 1951.93 1085.1 1087.29
5 11 1534.38 851.446 853.343
5 12 1104.28 594.735 596.175
5 13 770.276 378.628 379.574
5 14 562.996 296.276 297.024
5 15 1304.55 726.339 728.026
6 0 3.9873 1.55744 1.4166
6 1 15.8752 12.0922 12.0109
6 2 830.152 396.501 397.478
6 3 1703.31 775.911 777.422
6 4 1998.35 901.364 902.968
6 5 1964.6 869.677 871.223
6 6 1903.9 950.618 952.465
6 7 1649.12 816.95 818.648
6 8 1317.81 578.716 579.964
6 9 1091.98 548.848 550.161
6 10 846.942 443.676 444.795
6 11 648.819 361.016 361.954
6 12 466.207 253.533 254.176
6 13 327.699 159.909 160.279
6 14 225.362 101.618 101.817
6 15 497.847 239.212 239.83
