6.9 0
1 0 71.4932 7.49017 7.37606
1 1 0.00322727 0.0150486 1.04153e-05
2 0 184.007 26.3667 26.3798
2 1 0 0.152266 0
3 0 0 0.152266 0
3 1 6.52865 1.3094 1.16689
3 2 156.128 29.2797 29.2881
3 3 388.862 83.6423 83.8162
3 4 515.497 97.7485 97.942
3 5 447.504 80.884 81.0358
3 6 388.551 77.0277 77.1791
3 7 271.62 54.4432 54.5305
3 8 195.225 46.1734 46.2321
3 9 132.085 33.1005 33.0833
3 10 95.0251 20.8941 20.8257
3 11 57.3187 12.6539 12.5929
3 12 47.5946 11.2257 11.1188
3 13 33.3398 8.16992 8.06055
3 14 21.3224 4.94172 4.80803
3 15 48.4883 12.1065 12.0587
4 0 0.0379363 0.0497252 0.00143917
4 1 138.834 34.6066 34.6397
4 2 675.005 151.246 151.559
4 3 644.845 126.04 126.285
4 4 522.067 104.964 105.173
4 5 342.737 66.5498 66.6777
4 6 232.353 46.8961 46.9687
4 7 154.355 41.2973 41.3525
4 8 88.0933 19.6247 19.5501
4 9 49.0789 11.5499 11.4922
4 10 34.1716 8.30324 8.23478
4 11 19.707 4.73089 4.60707
4 12 16.2681 4.40997 4.31235
4 13 9.0854 2.21399 2.06473
4 14 9.17391 2.41394 2.28352
4 15 22.5739 9.44016 9.32034
5 0 0 0.152266 0
5 1 2.45408 1.74012 1.55435
5 2 110.871 66.4665 66.5516
5 3 944.863 584.192 585.689
5 4 2051.22 1165.91 1168.24
5 5 2874.2 1508.28 1510.56
5 6 3291.79 1748.02 1750.31
5 7 3299.48 1840.86 1843.37
5 8 2963.05 1687.87 1690.49
5 9 2465.24 1418.33 1420.88
5 10 1951.94 1085.1 1087.29
5 11 1534.38 851.446 853.343
5 12 1104.29 594.735 596.175
5 13 770.278 378.628 379.574
5 14 562.997 296.276 297.024
5 15 1304.55 726.339 728.026
6 0 3.9873 1.55744 1.4166
6 1 15.8752 12.0922 12.0109
6 2 830.154 396.501 397.478
6 3 1703.31 775.911 777.422
6 4 1998.36 901.364 902.969
6 5 1964.62 869.677 871.223
6 6 1903.91 950.619 952.465
6 7 1649.13 816.95 818.648
6 8 1317.81 578.716 579.964
6 9 1091.98 548.848 550.161
6 10 846.945 443.677 444.795
6 11 648.821 361.016 361.954
6 12 466.208 253.533 254.176
6 13 327.7 159.909 160.279
6 14 225.362 101.618 101.817
6 15 497.848 239.212 239.83
