0.7 0
1 0 43.4209 7.38233 7.26173
1 1 0.000327404 0.00959591 1.07194e-07
2 0 123.721 26.1253 26.1335
2 1 0 0.152266 0
3 0 0 0.152266 0
3 1 6.45229 1.30915 1.16658
3 2 153.48 29.2688 29.2773
3 3 381.787 83.6136 83.7873
3 4 506.51 97.7109 97.9053
3 5 440.565 80.855 81.0075
3 6 383.444 77.007 77.1583
3 7 268.382 54.4295 54.5173
3 8 193.191 46.1653 46.2238
3 9 130.926 33.096 33.0786
3 10 94.2276 20.8909 20.8224
3 11 56.9092 12.6524 12.5912
3 12 47.2788 11.2245 11.1175
3 13 33.1001 8.16896 8.05955
3 14 21.2464 4.94143 4.80773
3 15 48.3095 12.1058 12.058
4 0 0.0379363 0.0497252 0.00143917
4 1 136.346 34.5967 34.6296
4 2 661.503 151.187 151.503
4 3 632.152 125.982 126.233
4 4 512.915 104.927 105.136
4 5 337.287 66.5276 66.6554
4 6 229.391 46.8847 46.9565
4 7 152.756 41.2912 41.346
4 8 87.3234 19.6217 19.5469
4 9 48.7273 11.5485 11.4908
4 10 33.9853 8.3025 8.23403
4 11 19.5619 4.73041 4.6065
4 12 16.1966 4.4097 4.31208
4 13 9.04861 2.21389 2.06459
4 14 9.15494 2.41389 2.28344
4 15 22.5643 9.44012 9.3203
5 0 0 0.152266 0
5 1 2.45408 1.74012 1.55435
5 2 110.862 66.4663 66.5515
5 3 944.682 584.21 585.688
5 4 2050.77 1165.94 1168.24
5 5 2873.52 1508.26 1510.55
5 6 3291 1748.07 1750.31
5 7 3298.78 1840.84 1843.37
5 8 2962.39 1687.85 1690.49
5 9 2464.69 1418.32 1420.88
5 10 1951.56 1085.09 1087.28
5 11 1534.06 851.437 853.342
5 12 1104.01 594.742 596.174
5 13 770.13 378.625 379.574
5 14 562.919 296.274 297.023
5 15 1304.38 726.335 728.026
6 0 3.9873 1.55744 1.4166
6 1 15.8723 12.0922 12.0109
6 2 829.988 396.497 397.477
6 3 1702.85 775.901 777.42
6 4 1997.59 901.347 902.965
6 5 1963.78 869.659 871.22
6 6 1903.14 950.63 952.462
6 7 1648.5 816.96 818.645
6 8 1317.41 578.723 579.962
6 9 1091.65 548.853 550.16
6 10 846.729 443.68 444.794
6 11 648.702 361.013 361.954
6 12 466.105 253.535 254.176
6 13 327.636 159.909 160.279
6 14 225.341 101.617 101.817
6 15 497.786 239.21 239.83
