7 0
1 0 71.946 7.49349 7.37943
1 1 0.00327404 0.015155 1.07194e-05
2 0 184.979 26.374 26.387
2 1 0 0.152266 0
3 0 0 0.152266 0
3 1 6.52988 1.30941 1.1669
3 2 156.17 29.2794 29.2884
3 3 388.976 83.6441 83.8171
3 4 515.642 97.7506 97.9431
3 5 447.616 80.8856 81.0366
3 6 388.634 77.0272 77.1797
3 7 271.672 54.4429 54.5308
3 8 195.257 46.1739 46.2324
3 9 132.104 33.1004 33.0835
3 10 95.0379 20.894 20.8258
3 11 57.3253 12.654 12.5929
3 12 47.5997 11.2257 11.1189
3 13 33.3437 8.16993 8.06058
3 14 21.3237 4.94171 4.80804
3 15 48.4912 12.1065 12.0587
4 0 0.0379363 0.0497252 0.00143917
4 1 138.875 34.6072 34.64
4 2 675.222 151.25 151.56
4 3 645.05 126.043 126.286
4 4 522.214 104.963 105.174
4 5 342.825 66.551 66.6783
4 6 232.401 46.8968 46.969
4 7 154.381 41.2972 41.3527
4 8 88.1058 19.6249 19.5502
4 9 49.0846 11.5498 11.4922
4 10 34.1746 8.30323 8.2348
4 11 19.7093 4.73093 4.60709
4 12 16.2692 4.40994 4.31236
4 13 9.086 2.21399 2.06474
4 14 9.17421 2.41395 2.28352
4 15 22.574 9.44016 9.32034
5 0 0 0.152266 0
5 1 2.45408 1.74012 1.55435
5 2 110.871 66.4665 66.5516
5 3 944.866 584.192 585.689
5 4 2051.23 1165.91 1168.24
5 5 2874.22 1508.28 1510.56
5 6 3291.8 1748.02 1750.31
5 7 3299.49 1840.86 1843.37
5 8 2963.06 1687.87 1690.49
5 9 2465.25 1418.33 1420.88
5 10 1951.95 1085.1 1087.29
5 11 1534.39 851.446 853.343
5 12 1104.29 594.735 596.175
5 13 770.281 378.628 379.574
5 14 562.998 296.276 297.024
5 15 1304.56 726.34 728.027
6 0 3.9873 1.55744 1.4166
6 1 15.8753 12.0922 12.0109
6 2 830.157 396.501 397.478
6 3 1703.32 775.911 777.422
6 4 1998.38 901.364 902.969
6 5 1964.63 869.677 871.223
6 6 1903.92 950.619 952.466
6 7 1649.14 816.951 818.648
6 8 1317.82 578.716 579.964
6 9 1091.99 548.848 550.161
6 10 846.949 443.677 444.795
6 11 648.823 361.016 361.954
6 12 466.21 253.534 254.176
6 13 327.701 159.909 160.279
6 14 225.362 101.618 101.817
6 15 497.849 239.212 239.83
