7.1 0
1 0 72.3987 7.49673 7.38286
1 1 0.00332081 0.0152607 1.10278e-05
2 0 185.952 26.3813 26.3944
2 1 0 0.152266 0
3 0 0 0.152266 0
3 1 6.53111 1.30942 1.16691
3 2 156.213 29.28 29.2887
3 3 389.09 83.6459 83.8179
3 4 515.787 97.7527 97.9442
3 5 447.727 80.8872 81.0375
3 6 388.716 77.0285 77.1803
3 7 271.725 54.4426 54.5312
3 8 195.29 46.1738 46.2326
3 9 132.123 33.1007 33.0836
3 10 95.0508 20.8942 20.8258
3 11 57.3319 12.6541 12.593
3 12 47.6048 11.2257 11.1189
3 13 33.3475 8.16993 8.06061
3 14 21.3249 4.94172 4.80805
3 15 48.4941 12.1066 12.0588
4 0 0.0379363 0.0497252 0.00143917
4 1 138.915 34.607 34.6403
4 2 675.44 151.253 151.562
4 3 645.255 126.046 126.288
4 4 522.362 104.966 105.175
4 5 342.913 66.5509 66.679
4 6 232.448 46.8975 46.9694
4 7 154.406 41.2977 41.3529
4 8 88.1182 19.6251 19.5503
4 9 49.0903 11.5499 11.4923
4 10 34.1776 8.30327 8.23483
4 11 19.7117 4.73093 4.60711
4 12 16.2704 4.40996 4.31237
4 13 9.08659 2.214 2.06474
4 14 9.17452 2.41395 2.28352
4 15 22.5742 9.44017 9.32034
5 0 0 0.152266 0
5 1 2.45408 1.74012 1.55435
5 2 110.871 66.4665 66.5516
5 3 944.868 584.192 585.689
5 4 2051.24 1165.91 1168.24
5 5 2874.23 1508.28 1510.56
5 6 3291.81 1748.02 1750.31
5 7 3299.5 1840.86 1843.37
5 8 2963.07 1687.87 1690.49
5 9 2465.26 1418.33 1420.88
5 10 1951.95 1085.1 1087.29
5 11 1534.39 851.446 853.343
5 12 1104.29 594.736 596.175
5 13 770.283 378.629 379.574
5 14 562.999 296.276 297.024
5 15 1304.56 726.34 728.027
6 0 3.9873 1.55744 1.4166
6 1 15.8753 12.0922 12.0109
6 2 830.16 396.501 397.478
6 3 1703.33 775.911 777.422
6 4 1998.39 901.365 902.969
6 5 1964.64 869.678 871.223
6 6 1903.93 950.619 952.466
6 7 1649.15 816.951 818.648
6 8 1317.83 578.716 579.964
6 9 1091.99 548.849 550.161
6 10 846.952 443.677 444.795
6 11 648.824 361.016 361.954
6 12 466.212 253.534 254.176
6 13 327.702 159.909 160.279
6 14 225.363 101.618 101.817
6 15 497.85 239.212 239.83
