7.2 0
1 0 72.8515 7.5001 7.38633
1 1 0.00336759 0.0153659 1.13406e-05
2 0 186.924 26.3887 26.4019
2 1 0 0.152266 0
3 0 0 0.152266 0
3 1 6.53235 1.30942 1.16692
3 2 156.256 29.2802 29.2891
3 3 389.205 83.6459 83.8188
3 4 515.932 97.7496 97.9453
3 5 447.839 80.8868 81.0383
3 6 388.798 77.0297 77.1809
3 7 271.777 54.4434 54.5316
3 8 195.323 46.1743 46.2329
3 9 132.141 33.101 33.0838
3 10 95.0636 20.8942 20.8259
3 11 57.3385 12.6541 12.593
3 12 47.6099 11.2258 11.119
3 13 33.3514 8.17 8.06064
3 14 21.3261 4.94174 4.80806
3 15 48.497 12.1065 12.0588
4 0 0.0379363 0.0497252 0.00143917
4 1 138.955 34.6077 34.6406
4 2 675.658 151.257 151.564
4 3 645.459 126.045 126.29
4 4 522.51 104.968 105.176
4 5 343.001 66.5508 66.6796
4 6 232.496 46.8982 46.9697
4 7 154.432 41.2976 41.3531
4 8 88.1306 19.6248 19.5504
4 9 49.0959 11.5499 11.4923
4 10 34.1806 8.30332 8.23485
4 11 19.714 4.73094 4.60712
4 12 16.2715 4.40998 4.31238
4 13 9.08718 2.214 2.06474
4 14 9.17482 2.41395 2.28353
4 15 22.5744 9.44017 9.32034
5 0 0 0.152266 0
5 1 2.45408 1.74012 1.55435
5 2 110.871 66.4666 66.5516
5 3 944.871 584.192 585.689
5 4 2051.25 1165.92 1168.24
5 5 2874.24 1508.28 1510.56
5 6 3291.83 1748.02 1750.31
5 7 3299.51 1840.86 1843.37
5 8 2963.08 1687.87 1690.49
5 9 2465.26 1418.33 1420.88
5 10 1951.96 1085.1 1087.29
5 11 1534.4 851.446 853.343
5 12 1104.3 594.736 596.175
5 13 770.286 378.629 379.574
5 14 563.001 296.276 297.024
5 15 1304.56 726.34 728.027
6 0 3.9873 1.55744 1.4166
6 1 15.8754 12.0922 12.0109
6 2 830.162 396.501 397.478
6 3 1703.34 775.912 777.422
6 4 1998.4 901.365 902.969
6 5 1964.66 869.678 871.223
6 6 1903.95 950.62 952.466
6 7 1649.16 816.951 818.648
6 8 1317.83 578.716 579.964
6 9 1092 548.849 550.161
6 10 846.956 443.677 444.795
6 11 648.826 361.016 361.954
6 12 466.213 253.534 254.176
6 13 327.703 159.909 160.279
6 14 225.363 101.618 101.817
6 15 497.851 239.212 239.83
