7.3 0
1 0 73.3043 7.50362 7.38984
1 1 0.00341436 0.0154705 1.16578e-05
2 0 187.897 26.3962 26.4095
2 1 0 0.152266 0
3 0 0 0.152266 0
3 1 6.53358 1.30943 1.16693
3 2 156.299 29.2804 29.2894
3 3 389.319 83.6458 83.8197
3 4 516.077 97.7518 97.9465
3 5 447.951 80.8884 81.0392
3 6 388.881 77.0292 77.1816
3 7 271.829 54.4442 54.5321
3 8 195.356 46.1742 46.2331
3 9 132.16 33.1009 33.0839
3 10 95.0765 20.8944 20.826
3 11 57.3451 12.6542 12.5931
3 12 47.615 11.2258 11.119
3 13 33.3553 8.17 8.06067
3 14 21.3273 4.94173 4.80807
3 15 48.4998 12.1065 12.0588
4 0 0.0379363 0.0497252 0.00143917
4 1 138.995 34.6084 34.6409
4 2 675.876 151.256 151.565
4 3 645.664 126.045 126.291
4 4 522.657 104.97 105.178
4 5 343.089 66.5521 66.6803
4 6 232.544 46.8981 46.9701
4 7 154.458 41.2975 41.3532
4 8 88.143 19.625 19.5504
4 9 49.1016 11.55 11.4924
4 10 34.1836 8.30337 8.23487
4 11 19.7163 4.73095 4.60714
4 12 16.2727 4.41 4.31239
4 13 9.08777 2.21401 2.06475
4 14 9.17513 2.41396 2.28353
4 15 22.5745 9.44017 9.32034
5 0 0 0.152266 0
5 1 2.45408 1.74012 1.55435
5 2 110.871 66.4666 66.5516
5 3 944.874 584.192 585.689
5 4 2051.25 1165.92 1168.24
5 5 2874.25 1508.28 1510.56
5 6 3291.84 1748.02 1750.31
5 7 3299.52 1840.86 1843.37
5 8 2963.09 1687.87 1690.49
5 9 2465.27 1418.33 1420.88
5 10 1951.97 1085.1 1087.29
5 11 1534.4 851.446 853.343
5 12 1104.3 594.736 596.175
5 13 770.288 378.629 379.574
5 14 563.002 296.276 297.024
5 15 1304.56 726.34 728.027
6 0 3.9873 1.55744 1.4166
6 1 15.8754 12.0922 12.0109
6 2 830.165 396.502 397.478
6 3 1703.34 775.912 777.422
6 4 1998.41 901.365 902.969
6 5 1964.67 869.678 871.223
6 6 1903.96 950.62 952.466
6 7 1649.17 816.951 818.648
6 8 1317.84 578.717 579.964
6 9 1092 548.849 550.161
6 10 846.959 443.677 444.795
6 11 648.828 361.016 361.954
6 12 466.215 253.534 254.176
6 13 327.704 159.909 160.279
6 14 225.363 101.618 101.817
6 15 497.852 239.212 239.83
