7.4 0
1 0 73.7571 7.50694 7.39341
1 1 0.00346113 0.0155746 1.19794e-05
2 0 188.869 26.4042 26.4172
2 1 0 0.152266 0
3 0 0 0.152266 0
3 1 6.53481 1.30945 1.16694
3 2 156.341 29.281 29.2897
3 3 389.433 83.6476 83.8206
3 4 516.222 97.754 97.9476
3 5 448.063 80.8879 81.0401
3 6 388.963 77.0304 77.1822
3 7 271.881 54.445 54.5325
3 8 195.389 46.1747 46.2334
3 9 132.179 33.1013 33.0841
3 10 95.0894 20.8944 20.8261
3 11 57.3517 12.6542 12.5931
3 12 47.6201 11.2259 11.119
3 13 33.3591 8.17006 8.0607
3 14 21.3286 4.94175 4.80808
3 15 48.5027 12.1066 12.0588
4 0 0.0379363 0.0497252 0.00143917
4 1 139.035 34.6082 34.6412
4 2 676.093 151.256 151.567
4 3 645.869 126.048 126.293
4 4 522.805 104.97 105.179
4 5 343.177 66.5534 66.681
4 6 232.592 46.898 46.9705
4 7 154.484 41.298 41.3534
4 8 88.1554 19.6252 19.5506
4 9 49.1073 11.55 11.4924
4 10 34.1866 8.3033 8.2349
4 11 19.7187 4.73098 4.60716
4 12 16.2739 4.40999 4.3124
4 13 9.08837 2.21401 2.06475
4 14 9.17544 2.41395 2.28353
4 15 22.5747 9.44018 9.32035
5 0 0 0.152266 0
5 1 2.45408 1.74012 1.55435
5 2 110.872 66.4666 66.5516
5 3 944.877 584.192 585.689
5 4 2051.26 1165.92 1168.24
5 5 2874.26 1508.28 1510.56
5 6 3291.85 1748.02 1750.31
5 7 3299.54 1840.86 1843.37
5 8 2963.11 1687.87 1690.49
5 9 2465.28 1418.33 1420.88
5 10 1951.97 1085.1 1087.29
5 11 1534.41 851.447 853.343
5 12 1104.31 594.736 596.175
5 13 770.29 378.629 379.574
5 14 563.003 296.276 297.024
5 15 1304.57 726.34 728.027
6 0 3.9873 1.55744 1.4166
6 1 15.8755 12.0922 12.0109
6 2 830.168 396.502 397.478
6 3 1703.35 775.912 777.422
6 4 1998.43 901.366 902.969
6 5 1964.69 869.679 871.224
6 6 1903.97 950.62 952.466
6 7 1649.18 816.952 818.648
6 8 1317.85 578.717 579.964
6 9 1092.01 548.849 550.161
6 10 846.963 443.677 444.795
6 11 648.83 361.016 361.954
6 12 466.217 253.534 254.176
6 13 327.706 159.909 160.279
6 14 225.364 101.618 101.817
6 15 497.853 239.212 239.83
