7.5 0
1 0 74.2099 7.51051 7.39703
1 1 0.0035079 0.015678 1.23054e-05
2 0 189.841 26.4118 26.4249
2 1 0 0.152266 0
3 0 0 0.152266 0
3 1 6.53604 1.30945 1.16695
3 2 156.384 29.2812 29.2901
3 3 389.547 83.6495 83.8215
3 4 516.367 97.7562 97.9488
3 5 448.175 80.8896 81.041
3 6 389.046 77.0317 77.1829
3 7 271.934 54.4458 54.5329
3 8 195.421 46.1752 46.2336
3 9 132.197 33.1012 33.0842
3 10 95.1022 20.8946 20.8262
3 11 57.3584 12.6543 12.5932
3 12 47.6252 11.2259 11.1191
3 13 33.363 8.17007 8.06073
3 14 21.3298 4.94177 4.80809
3 15 48.5056 12.1065 12.0588
4 0 0.0379363 0.0497252 0.00143917
4 1 139.075 34.6089 34.6415
4 2 676.311 151.259 151.569
4 3 646.074 126.051 126.294
4 4 522.952 104.969 105.18
4 5 343.265 66.5547 66.6817
4 6 232.64 46.8988 46.9709
4 7 154.51 41.2985 41.3537
4 8 88.1679 19.6254 19.5506
4 9 49.1129 11.5501 11.4925
4 10 34.1896 8.30335 8.23492
4 11 19.721 4.73102 4.60718
4 12 16.275 4.40999 4.3124
4 13 9.08896 2.21402 2.06476
4 14 9.17574 2.41396 2.28353
4 15 22.5748 9.44013 9.32035
5 0 0 0.152266 0
5 1 2.45408 1.74012 1.55435
5 2 110.872 66.4661 66.5516
5 3 944.88 584.192 585.689
5 4 2051.27 1165.92 1168.24
5 5 2874.27 1508.28 1510.56
5 6 3291.86 1748.02 1750.31
5 7 3299.55 1840.86 1843.37
5 8 2963.12 1687.87 1690.49
5 9 2465.29 1418.29 1420.88
5 10 1951.98 1085.1 1087.29
5 11 1534.41 851.447 853.343
5 12 1104.31 594.736 596.175
5 13 770.293 378.629 379.574
5 14 563.004 296.276 297.024
5 15 1304.57 726.34 728.027
6 0 3.9873 1.55744 1.4166
6 1 15.8755 12.0922 12.0109
6 2 830.17 396.502 397.478
6 3 1703.36 775.912 777.422
6 4 1998.44 901.366 902.969
6 5 1964.7 869.679 871.224
6 6 1903.98 950.621 952.466
6 7 1649.19 816.952 818.649
6 8 1317.85 578.717 579.964
6 9 1092.01 548.849 550.161
6 10 846.966 443.677 444.795
6 11 648.832 361.017 361.954
6 12 466.218 253.534 254.176
6 13 327.707 159.909 160.279
6 14 225.364 101.618 101.817
6 15 497.854 239.212 239.83
