7.6 0
1 0 74.6626 7.51411 7.40069
1 1 0.00355468 0.0157809 1.26357e-05
2 0 190.814 26.4199 26.4328
2 1 0 0.152266 0
3 0 0 0.152266 0
3 1 6.53727 1.30946 1.16696
3 2 156.427 29.2814 29.2904
3 3 389.661 83.6495 83.8224
3 4 516.512 97.7584 97.9499
3 5 448.287 80.8913 81.0419
3 6 389.128 77.033 77.1836
3 7 271.986 54.4445 54.5333
3 8 195.454 46.1751 46.2339
3 9 132.216 33.1015 33.0844
3 10 95.1151 20.8948 20.8263
3 11 57.365 12.6543 12.5932
3 12 47.6303 11.226 11.1191
3 13 33.3669 8.17008 8.06076
3 14 21.331 4.94176 4.8081
3 15 48.5085 12.1066 12.0589
4 0 0.0379363 0.0497252 0.00143917
4 1 139.115 34.6087 34.6418
4 2 676.529 151.263 151.571
4 3 646.278 126.054 126.296
4 4 523.1 104.972 105.181
4 5 343.353 66.5532 66.6824
4 6 232.687 46.8995 46.9713
4 7 154.535 41.2984 41.3539
4 8 88.1803 19.6254 19.5508
4 9 49.1186 11.5502 11.4925
4 10 34.1926 8.3034 8.23494
4 11 19.7234 4.731 4.6072
4 12 16.2762 4.41001 4.31241
4 13 9.08955 2.21402 2.06476
4 14 9.17605 2.41395 2.28354
4 15 22.575 9.44014 9.32035
5 0 0 0.152266 0
5 1 2.45408 1.74012 1.55435
5 2 110.872 66.4661 66.5516
5 3 944.883 584.192 585.689
5 4 2051.28 1165.92 1168.24
5 5 2874.28 1508.28 1510.56
5 6 3291.88 1748.02 1750.31
5 7 3299.56 1840.86 1843.37
5 8 2963.13 1687.87 1690.49
5 9 2465.3 1418.29 1420.88
5 10 1951.98 1085.1 1087.29
5 11 1534.42 851.447 853.343
5 12 1104.32 594.736 596.175
5 13 770.295 378.629 379.574
5 14 563.006 296.276 297.024
5 15 1304.57 726.34 728.027
6 0 3.9873 1.55744 1.4166
6 1 15.8756 12.0922 12.0109
6 2 830.173 396.502 397.478
6 3 1703.37 775.912 777.422
6 4 1998.45 901.366 902.969
6 5 1964.71 869.68 871.224
6 6 1904 950.621 952.466
6 7 1649.2 816.952 818.649
6 8 1317.86 578.717 579.964
6 9 1092.02 548.849 550.161
6 10 846.97 443.677 444.795
6 11 648.834 361.017 361.954
6 12 466.22 253.534 254.176
6 13 327.708 159.909 160.279
6 14 225.364 101.618 101.817
6 15 497.855 239.212 239.83
