7.7 0
1 0 75.1154 7.51763 7.4044
1 1 0.00360145 0.0158832 1.29704e-05
2 0 191.786 26.4275 26.4408
2 1 0 0.152266 0
3 0 0 0.152266 0
3 1 6.53851 1.30947 1.16697
3 2 156.469 29.282 29.2908
3 3 389.775 83.6495 83.8234
3 4 516.657 97.758 97.9511
3 5 448.399 80.893 81.0428
3 6 389.21 77.0325 77.1842
3 7 272.038 54.4454 54.5337
3 8 195.487 46.1757 46.2342
3 9 132.235 33.1018 33.0845
3 10 95.128 20.8947 20.8265
3 11 57.3716 12.6544 12.5933
3 12 47.6354 11.226 11.1192
3 13 33.3707 8.17014 8.0608
3 14 21.3322 4.94178 4.80811
3 15 48.5114 12.1066 12.0589
4 0 0.0379363 0.0497252 0.00143917
4 1 139.156 34.6094 34.6422
4 2 676.747 151.262 151.572
4 3 646.483 126.054 126.298
4 4 523.248 104.974 105.182
4 5 343.441 66.5545 66.6832
4 6 232.735 46.8994 46.9717
4 7 154.561 41.2983 41.3541
4 8 88.1927 19.6254 19.5509
4 9 49.1243 11.5501 11.4925
4 10 34.1956 8.30345 8.23497
4 11 19.7257 4.73104 4.60721
4 12 16.2773 4.41003 4.31242
4 13 9.09015 2.21402 2.06477
4 14 9.17635 2.41395 2.28354
4 15 22.5751 9.44014 9.32035
5 0 0 0.152266 0
5 1 2.45408 1.74012 1.55435
5 2 110.872 66.4661 66.5516
5 3 944.886 584.192 585.689
5 4 2051.28 1165.92 1168.24
5 5 2874.29 1508.28 1510.56
5 6 3291.89 1748.02 1750.31
5 7 3299.57 1840.86 1843.37
5 8 2963.14 1687.87 1690.49
5 9 2465.31 1418.29 1420.88
5 10 1951.99 1085.1 1087.29
5 11 1534.42 851.447 853.343
5 12 1104.32 594.736 596.175
5 13 770.298 378.629 379.574
5 14 563.007 296.276 297.024
5 15 1304.58 726.34 728.027
6 0 3.9873 1.55744 1.4166
6 1 15.8756 12.0922 12.0109
6 2 830.176 396.502 397.478
6 3 1703.37 775.913 777.423
6 4 1998.46 901.367 902.969
6 5 1964.73 869.68 871.224
6 6 1904.01 950.622 952.466
6 7 1649.21 816.953 818.649
6 8 1317.87 578.717 579.964
6 9 1092.02 548.85 550.161
6 10 846.973 443.677 444.795
6 11 648.836 361.017 361.954
6 12 466.222 253.534 254.176
6 13 327.709 159.909 160.279
6 14 225.365 101.618 101.817
6 15 497.856 239.212 239.83
