7.8 0
1 0 75.5682 7.52129 7.40816
1 1 0.00364822 0.015985 1.33095e-05
2 0 192.758 26.4358 26.4489
2 1 0 0.152266 0
3 0 0 0.152266 0
3 1 6.53974 1.30948 1.16698
3 2 156.512 29.2822 29.2911
3 3 389.889 83.6513 83.8243
3 4 516.802 97.7576 97.9523
3 5 448.511 80.8926 81.0437
3 6 389.293 77.0338 77.1849
3 7 272.09 54.4462 54.5342
3 8 195.52 46.1755 46.2344
3 9 132.253 33.1017 33.0847
3 10 95.1408 20.8949 20.8266
3 11 57.3782 12.6545 12.5934
3 12 47.6404 11.226 11.1192
3 13 33.3746 8.1702 8.06083
3 14 21.3335 4.94179 4.80812
3 15 48.5143 12.1066 12.0589
4 0 0.0379363 0.0497252 0.00143917
4 1 139.196 34.6096 34.6425
4 2 676.965 151.266 151.574
4 3 646.688 126.057 126.299
4 4 523.395 104.976 105.184
4 5 343.529 66.5559 66.6839
4 6 232.783 46.9002 46.9721
4 7 154.587 41.2988 41.3543
4 8 88.2051 19.6256 19.551
4 9 49.13 11.5502 11.4926
4 10 34.1986 8.30344 8.23499
4 11 19.728 4.73104 4.60723
4 12 16.2785 4.41002 4.31243
4 13 9.09074 2.21403 2.06477
4 14 9.17666 2.41396 2.28354
4 15 22.5753 9.44014 9.32035
5 0 0 0.152266 0
5 1 2.45408 1.74012 1.55435
5 2 110.872 66.4661 66.5516
5 3 944.889 584.192 585.689
5 4 2051.29 1165.92 1168.24
5 5 2874.3 1508.28 1510.56
5 6 3291.9 1748.02 1750.31
5 7 3299.58 1840.86 1843.37
5 8 2963.15 1687.87 1690.49
5 9 2465.32 1418.29 1420.88
5 10 1952 1085.1 1087.29
5 11 1534.43 851.447 853.343
5 12 1104.33 594.736 596.175
5 13 770.3 378.629 379.574
5 14 563.008 296.276 297.024
5 15 1304.58 726.34 728.027
6 0 3.9873 1.55744 1.4166
6 1 15.8757 12.0922 12.0109
6 2 830.178 396.502 397.478
6 3 1703.38 775.913 777.423
6 4 1998.48 901.367 902.969
6 5 1964.74 869.68 871.224
6 6 1904.02 950.622 952.466
6 7 1649.22 816.953 818.649
6 8 1317.87 578.717 579.964
6 9 1092.03 548.85 550.161
6 10 846.977 443.677 444.795
6 11 648.838 361.017 361.954
6 12 466.223 253.534 254.176
6 13 327.71 159.909 160.279
6 14 225.365 101.618 101.817
6 15 497.857 239.212 239.83
