7.9 0
1 0 76.021 7.52498 7.41197
1 1 0.00369499 0.0160862 1.3653e-05
2 0 193.731 26.4436 26.4571
2 1 0 0.152266 0
3 0 0 0.152266 0
3 1 6.54097 1.30949 1.16699
3 2 156.555 29.2829 29.2915
3 3 390.003 83.6532 83.8253
3 4 516.947 97.7599 97.9536
3 5 448.623 80.8922 81.0447
3 6 389.375 77.0333 77.1856
3 7 272.142 54.447 54.5346
3 8 195.553 46.1761 46.2347
3 9 132.272 33.1021 33.0848
3 10 95.1537 20.8949 20.8267
3 11 57.3848 12.6545 12.5934
3 12 47.6455 11.2261 11.1192
3 13 33.3785 8.17016 8.06086
3 14 21.3347 4.94181 4.80813
3 15 48.5171 12.1066 12.0589
4 0 0.0379363 0.0497252 0.00143917
4 1 139.236 34.6099 34.6428
4 2 677.182 151.265 151.576
4 3 646.892 126.056 126.301
4 4 523.543 104.976 105.185
4 5 343.616 66.5573 66.6846
4 6 232.831 46.9001 46.9725
4 7 154.613 41.2993 41.3545
4 8 88.2175 19.6256 19.5511
4 9 49.1356 11.5503 11.4926
4 10 34.2016 8.30343 8.23502
4 11 19.7304 4.73106 4.60725
4 12 16.2796 4.41004 4.31244
4 13 9.09134 2.21403 2.06478
4 14 9.17697 2.41396 2.28354
4 15 22.5754 9.44015 9.32035
5 0 0 0.152266 0
5 1 2.45408 1.74012 1.55435
5 2 110.872 66.4661 66.5516
5 3 944.892 584.192 585.689
5 4 2051.3 1165.92 1168.24
5 5 2874.32 1508.28 1510.56
5 6 3291.92 1748.03 1750.31
5 7 3299.59 1840.86 1843.37
5 8 2963.16 1687.87 1690.49
5 9 2465.33 1418.29 1420.88
5 10 1952 1085.1 1087.29
5 11 1534.43 851.447 853.343
5 12 1104.33 594.737 596.175
5 13 770.302 378.629 379.575
5 14 563.009 296.276 297.024
5 15 1304.58 726.34 728.027
6 0 3.9873 1.55744 1.4166
6 1 15.8757 12.0922 12.0109
6 2 830.181 396.502 397.478
6 3 1703.39 775.913 777.423
6 4 1998.49 901.367 902.97
6 5 1964.75 869.681 871.224
6 6 1904.03 950.622 952.466
6 7 1649.23 816.953 818.649
6 8 1317.88 578.718 579.964
6 9 1092.04 548.85 550.161
6 10 846.98 443.678 444.795
6 11 648.84 361.017 361.954
6 12 466.225 253.534 254.176
6 13 327.711 159.907 160.279
6 14 225.365 101.618 101.817
6 15 497.858 239.212 239.83
