0.8 0
1 0 43.8737 7.38254 7.26209
1 1 0.000374176 0.00959314 1.40008e-07
2 0 124.693 26.1259 26.1342
2 1 0 0.152266 0
3 0 0 0.152266 0
3 1 6.45352 1.30915 1.16658
3 2 153.522 29.2687 29.2773
3 3 381.901 83.6147 83.7874
3 4 506.655 97.7121 97.9055
3 5 440.677 80.8539 81.0076
3 6 383.526 77.0059 77.1584
3 7 268.435 54.4289 54.5173
3 8 193.224 46.1656 46.2239
3 9 130.945 33.0958 33.0786
3 10 94.2405 20.891 20.8225
3 11 56.9158 12.6524 12.5912
3 12 47.2839 11.2244 11.1175
3 13 33.104 8.16899 8.05956
3 14 21.2477 4.94144 4.80773
3 15 48.3124 12.1058 12.058
4 0 0.0379363 0.0497252 0.00143917
4 1 136.386 34.5971 34.6296
4 2 661.721 151.189 151.504
4 3 632.357 125.984 126.233
4 4 513.063 104.925 105.136
4 5 337.375 66.5283 66.6555
4 6 229.439 46.8851 46.9566
4 7 152.782 41.2904 41.346
4 8 87.3358 19.6216 19.5469
4 9 48.7329 11.5485 11.4908
4 10 33.9883 8.30253 8.23403
4 11 19.5643 4.73038 4.60651
4 12 16.1977 4.40971 4.31208
4 13 9.0492 2.21389 2.06459
4 14 9.15524 2.41389 2.28345
4 15 22.5645 9.44012 9.3203
5 0 0 0.152266 0
5 1 2.45408 1.74012 1.55435
5 2 110.862 66.4663 66.5515
5 3 944.685 584.21 585.688
5 4 2050.77 1165.94 1168.24
5 5 2873.53 1508.26 1510.55
5 6 3291.01 1748.07 1750.31
5 7 3298.79 1840.84 1843.37
5 8 2962.4 1687.85 1690.49
5 9 2464.7 1418.32 1420.88
5 10 1951.56 1085.09 1087.28
5 11 1534.07 851.438 853.342
5 12 1104.01 594.742 596.174
5 13 770.132 378.625 379.574
5 14 562.92 296.274 297.023
5 15 1304.38 726.335 728.026
6 0 3.9873 1.55744 1.4166
6 1 15.8724 12.0922 12.0109
6 2 829.991 396.498 397.477
6 3 1702.85 775.901 777.42
6 4 1997.6 901.347 902.965
6 5 1963.8 869.659 871.22
6 6 1903.15 950.63 952.462
6 7 1648.51 816.96 818.645
6 8 1317.41 578.723 579.962
6 9 1091.65 548.853 550.16
6 10 846.733 443.68 444.794
6 11 648.704 361.013 361.954
6 12 466.107 253.535 254.176
6 13 327.637 159.909 160.279
6 14 225.341 101.617 101.817
6 15 497.787 239.21 239.83
