8 0
1 0 76.4738 7.52882 7.41583
1 1 0.00374176 0.0161868 1.40008e-05
2 0 194.703 26.4524 26.4655
2 1 0 0.152266 0
3 0 0 0.152266 0
3 1 6.5422 1.3095 1.167
3 2 156.598 29.2831 29.2918
3 3 390.117 83.6551 83.8263
3 4 517.092 97.7622 97.9548
3 5 448.735 80.8939 81.0456
3 6 389.457 77.0346 77.1863
3 7 272.195 54.4478 54.5351
3 8 195.585 46.1766 46.235
3 9 132.291 33.102 33.085
3 10 95.1665 20.8951 20.8268
3 11 57.3914 12.6545 12.5935
3 12 47.6506 11.2261 11.1193
3 13 33.3823 8.17022 8.06089
3 14 21.3359 4.9418 4.80814
3 15 48.52 12.1067 12.059
4 0 0.0379363 0.0497252 0.00143917
4 1 139.276 34.6102 34.6432
4 2 677.4 151.269 151.578
4 3 647.097 126.06 126.303
4 4 523.69 104.976 105.186
4 5 343.704 66.5587 66.6854
4 6 232.878 46.9009 46.9729
4 7 154.639 41.2997 41.3547
4 8 88.2299 19.6258 19.5512
4 9 49.1413 11.5504 11.4927
4 10 34.2047 8.30348 8.23505
4 11 19.7327 4.73109 4.60727
4 12 16.2808 4.41006 4.31245
4 13 9.09193 2.21404 2.06478
4 14 9.17727 2.41397 2.28355
4 15 22.5756 9.44015 9.32035
5 0 0 0.152266 0
5 1 2.45408 1.74012 1.55435
5 2 110.872 66.4661 66.5516
5 3 944.895 584.193 585.689
5 4 2051.31 1165.92 1168.24
5 5 2874.33 1508.28 1510.56
5 6 3291.93 1748.03 1750.31
5 7 3299.6 1840.86 1843.37
5 8 2963.17 1687.87 1690.49
5 9 2465.33 1418.29 1420.88
5 10 1952.01 1085.1 1087.29
5 11 1534.44 851.447 853.344
5 12 1104.33 594.737 596.175
5 13 770.305 378.629 379.575
5 14 563.011 296.276 297.024
5 15 1304.58 726.34 728.027
6 0 3.9873 1.55744 1.4166
6 1 15.8757 12.0922 12.0109
6 2 830.184 396.502 397.478
6 3 1703.4 775.913 777.423
6 4 1998.5 901.368 902.97
6 5 1964.77 869.681 871.224
6 6 1904.05 950.623 952.466
6 7 1649.24 816.953 818.649
6 8 1317.89 578.718 579.964
6 9 1092.04 548.85 550.161
6 10 846.984 443.678 444.795
6 11 648.842 361.017 361.954
6 12 466.227 253.534 254.176
6 13 327.712 159.907 160.279
6 14 225.366 101.618 101.817
6 15 497.859 239.212 239.83
