8.1 0
1 0 76.9265 7.53268 7.41974
1 1 0.00378854 0.0162868 1.4353e-05
2 0 195.675 26.4603 26.4739
2 1 0 0.152266 0
3 0 0 0.152266 0
3 1 6.54343 1.30951 1.16701
3 2 156.64 29.2833 29.2922
3 3 390.232 83.6533 83.8272
3 4 517.237 97.7645 97.9561
3 5 448.846 80.8956 81.0466
3 6 389.54 77.0359 77.187
3 7 272.247 54.4476 54.5355
3 8 195.618 46.1765 46.2353
3 9 132.31 33.1023 33.0851
3 10 95.1794 20.8953 20.8269
3 11 57.398 12.6546 12.5935
3 12 47.6557 11.2261 11.1193
3 13 33.3862 8.17029 8.06093
3 14 21.3371 4.94179 4.80815
3 15 48.5229 12.1067 12.059
4 0 0.0379363 0.0497252 0.00143917
4 1 139.316 34.6109 34.6435
4 2 677.618 151.269 151.58
4 3 647.302 126.063 126.305
4 4 523.838 104.978 105.187
4 5 343.792 66.5572 66.6861
4 6 232.926 46.9016 46.9733
4 7 154.664 41.2992 41.3549
4 8 88.2424 19.6258 19.5513
4 9 49.147 11.5503 11.4927
4 10 34.2077 8.30353 8.23507
4 11 19.735 4.7311 4.60729
4 12 16.2819 4.41006 4.31246
4 13 9.09252 2.21404 2.06479
4 14 9.17758 2.41397 2.28355
4 15 22.5757 9.44015 9.32035
5 0 0 0.152266 0
5 1 2.45408 1.74012 1.55435
5 2 110.873 66.4661 66.5516
5 3 944.898 584.193 585.689
5 4 2051.31 1165.92 1168.24
5 5 2874.34 1508.28 1510.56
5 6 3291.94 1748.03 1750.31
5 7 3299.61 1840.86 1843.37
5 8 2963.18 1687.87 1690.49
5 9 2465.34 1418.29 1420.88
5 10 1952.01 1085.1 1087.29
5 11 1534.44 851.448 853.344
5 12 1104.34 594.737 596.175
5 13 770.307 378.629 379.575
5 14 563.012 296.276 297.024
5 15 1304.59 726.341 728.027
6 0 3.9873 1.55744 1.4166
6 1 15.8758 12.0922 12.0109
6 2 830.186 396.502 397.478
6 3 1703.4 775.913 777.423
6 4 1998.51 901.368 902.97
6 5 1964.78 869.681 871.224
6 6 1904.06 950.623 952.467
6 7 1649.25 816.954 818.649
6 8 1317.89 578.718 579.964
6 9 1092.05 548.85 550.161
6 10 846.987 443.678 444.795
6 11 648.844 361.017 361.955
6 12 466.228 253.534 254.176
6 13 327.713 159.907 160.279
6 14 225.366 101.618 101.817
6 15 497.861 239.212 239.83
