8.2 0
1 0 77.3793 7.53646 7.42369
1 1 0.00383531 0.0163863 1.47096e-05
2 0 196.648 26.4688 26.4824
2 1 0 0.152266 0
3 0 0 0.152266 0
3 1 6.54466 1.30952 1.16703
3 2 156.683 29.2839 29.2926
3 3 390.346 83.6552 83.8282
3 4 517.382 97.7641 97.9573
3 5 448.958 80.8973 81.0476
3 6 389.622 77.0373 77.1877
3 7 272.299 54.4474 54.536
3 8 195.651 46.1764 46.2356
3 9 132.328 33.1022 33.0853
3 10 95.1923 20.8953 20.827
3 11 57.4046 12.6547 12.5936
3 12 47.6608 11.2262 11.1194
3 13 33.3901 8.1703 8.06096
3 14 21.3384 4.94181 4.80816
3 15 48.5258 12.1068 12.059
4 0 0.0379363 0.0497252 0.00143917
4 1 139.356 34.6107 34.6439
4 2 677.836 151.272 151.582
4 3 647.507 126.062 126.307
4 4 523.985 104.98 105.189
4 5 343.88 66.5586 66.6869
4 6 232.974 46.9016 46.9737
4 7 154.69 41.2996 41.3552
4 8 88.2548 19.626 19.5514
4 9 49.1526 11.5504 11.4928
4 10 34.2107 8.30352 8.2351
4 11 19.7374 4.73114 4.60731
4 12 16.2831 4.41005 4.31247
4 13 9.09312 2.21405 2.06479
4 14 9.17789 2.41398 2.28355
4 15 22.5759 9.44016 9.32036
5 0 0 0.152266 0
5 1 2.45408 1.74012 1.55435
5 2 110.873 66.4661 66.5516
5 3 944.9 584.193 585.689
5 4 2051.32 1165.92 1168.24
5 5 2874.35 1508.28 1510.56
5 6 3291.95 1748.03 1750.31
5 7 3299.63 1840.86 1843.37
5 8 2963.19 1687.87 1690.49
5 9 2465.35 1418.29 1420.88
5 10 1952.02 1085.1 1087.29
5 11 1534.45 851.448 853.344
5 12 1104.34 594.737 596.175
5 13 770.31 378.629 379.575
5 14 563.013 296.276 297.024
5 15 1304.59 726.341 728.027
6 0 3.9873 1.55744 1.4166
6 1 15.8758 12.0922 12.0109
6 2 830.189 396.502 397.478
6 3 1703.41 775.914 777.423
6 4 1998.53 901.368 902.97
6 5 1964.79 869.682 871.224
6 6 1904.07 950.623 952.467
6 7 1649.26 816.954 818.649
6 8 1317.9 578.718 579.965
6 9 1092.05 548.85 550.162
6 10 846.991 443.678 444.795
6 11 648.846 361.017 361.955
6 12 466.23 253.534 254.176
6 13 327.714 159.907 160.279
6 14 225.367 101.618 101.817
6 15 497.862 239.212 239.83
