8.3 0
1 0 77.8321 7.54039 7.4277
1 1 0.00388208 0.0164853 1.50705e-05
2 0 197.62 26.4773 26.491
2 1 0 0.152266 0
3 0 0 0.152266 0
3 1 6.5459 1.30953 1.16704
3 2 156.726 29.2842 29.293
3 3 390.46 83.6572 83.8293
3 4 517.527 97.7638 97.9586
3 5 449.07 80.8991 81.0486
3 6 389.704 77.0386 77.1885
3 7 272.351 54.4483 54.5364
3 8 195.684 46.1769 46.2358
3 9 132.347 33.1026 33.0855
3 10 95.2051 20.8953 20.8271
3 11 57.4112 12.6548 12.5936
3 12 47.6659 11.2263 11.1194
3 13 33.3939 8.17031 8.061
3 14 21.3396 4.94183 4.80817
3 15 48.5287 12.1068 12.059
4 0 0.0379363 0.0497252 0.00143917
4 1 139.396 34.6114 34.6442
4 2 678.053 151.276 151.584
4 3 647.711 126.066 126.308
4 4 524.133 104.983 105.19
4 5 343.968 66.56 66.6877
4 6 233.022 46.9023 46.9741
4 7 154.716 41.3001 41.3554
4 8 88.2672 19.626 19.5515
4 9 49.1583 11.5505 11.4928
4 10 34.2137 8.30357 8.23512
4 11 19.7397 4.73112 4.60733
4 12 16.2842 4.41007 4.31248
4 13 9.09371 2.21405 2.06479
4 14 9.17819 2.41398 2.28355
4 15 22.576 9.44016 9.32036
5 0 0 0.152266 0
5 1 2.45408 1.74012 1.55435
5 2 110.873 66.4661 66.5516
5 3 944.903 584.193 585.689
5 4 2051.33 1165.92 1168.24
5 5 2874.36 1508.29 1510.56
5 6 3291.97 1748.03 1750.31
5 7 3299.64 1840.86 1843.38
5 8 2963.2 1687.87 1690.49
5 9 2465.36 1418.29 1420.88
5 10 1952.03 1085.1 1087.29
5 11 1534.46 851.448 853.344
5 12 1104.35 594.737 596.175
5 13 770.312 378.629 379.575
5 14 563.014 296.276 297.024
5 15 1304.59 726.341 728.027
6 0 3.9873 1.55744 1.4166
6 1 15.8759 12.0922 12.0109
6 2 830.192 396.502 397.478
6 3 1703.42 775.914 777.423
6 4 1998.54 901.369 902.97
6 5 1964.81 869.682 871.225
6 6 1904.08 950.624 952.467
6 7 1649.27 816.954 818.649
6 8 1317.91 578.718 579.965
6 9 1092.06 548.85 550.162
6 10 846.994 443.678 444.795
6 11 648.847 361.017 361.955
6 12 466.232 253.534 254.176
6 13 327.715 159.907 160.279
6 14 225.367 101.618 101.817
6 15 497.863 239.208 239.83
