8.4 0
1 0 78.2849 7.54434 7.43175
1 1 0.00392885 0.0165837 1.54359e-05
2 0 198.592 26.4859 26.4998
2 1 0 0.152266 0
3 0 0 0.152266 0
3 1 6.54713 1.30954 1.16705
3 2 156.768 29.2844 29.2933
3 3 390.574 83.6591 83.8303
3 4 517.672 97.7662 97.9599
3 5 449.182 80.8988 81.0496
3 6 389.787 77.0364 77.1892
3 7 272.404 54.4491 54.5369
3 8 195.716 46.1775 46.2361
3 9 132.366 33.1029 33.0856
3 10 95.218 20.8955 20.8272
3 11 57.4178 12.6548 12.5937
3 12 47.671 11.2264 11.1195
3 13 33.3978 8.17037 8.06103
3 14 21.3408 4.94185 4.80818
3 15 48.5316 12.1068 12.0591
4 0 0.0379363 0.0497252 0.00143917
4 1 139.437 34.6117 34.6446
4 2 678.271 151.276 151.586
4 3 647.916 126.069 126.31
4 4 524.281 104.985 105.191
4 5 344.056 66.5614 66.6885
4 6 233.07 46.9023 46.9746
4 7 154.742 41.3006 41.3556
4 8 88.2796 19.6262 19.5516
4 9 49.164 11.5506 11.4929
4 10 34.2167 8.30357 8.23515
4 11 19.7421 4.73116 4.60735
4 12 16.2854 4.41009 4.31249
4 13 9.0943 2.21405 2.0648
4 14 9.1785 2.41397 2.28356
4 15 22.5762 9.44016 9.32036
5 0 0 0.152266 0
5 1 2.45408 1.74012 1.55435
5 2 110.873 66.4662 66.5516
5 3 944.906 584.193 585.689
5 4 2051.34 1165.92 1168.24
5 5 2874.37 1508.29 1510.56
5 6 3291.98 1748.03 1750.31
5 7 3299.65 1840.86 1843.38
5 8 2963.21 1687.87 1690.49
5 9 2465.37 1418.29 1420.88
5 10 1952.03 1085.1 1087.29
5 11 1534.46 851.448 853.344
5 12 1104.35 594.737 596.175
5 13 770.314 378.621 379.575
5 14 563.016 296.277 297.024
5 15 1304.6 726.341 728.027
6 0 3.9873 1.55744 1.4166
6 1 15.8759 12.0922 12.0109
6 2 830.195 396.502 397.478
6 3 1703.43 775.914 777.423
6 4 1998.55 901.369 902.97
6 5 1964.82 869.682 871.225
6 6 1904.09 950.624 952.467
6 7 1649.29 816.955 818.649
6 8 1317.91 578.718 579.965
6 9 1092.06 548.851 550.162
6 10 846.998 443.678 444.795
6 11 648.849 361.017 361.955
6 12 466.233 253.534 254.176
6 13 327.716 159.907 160.279
6 14 225.367 101.618 101.817
6 15 497.864 239.208 239.83
