8.5 0
1 0 78.7376 7.54833 7.43585
1 1 0.00397562 0.0166815 1.58056e-05
2 0 199.565 26.4945 26.5086
2 1 0 0.152266 0
3 0 0 0.152266 0
3 1 6.54836 1.30955 1.16706
3 2 156.811 29.285 29.2937
3 3 390.688 83.6573 83.8313
3 4 517.817 97.7685 97.9612
3 5 449.294 80.8984 81.0506
3 6 389.869 77.0378 77.1899
3 7 272.456 54.45 54.5374
3 8 195.749 46.1781 46.2364
3 9 132.384 33.1029 33.0858
3 10 95.2309 20.8957 20.8273
3 11 57.4244 12.6548 12.5938
3 12 47.6761 11.2263 11.1195
3 13 33.4017 8.17038 8.06107
3 14 21.342 4.94187 4.80819
3 15 48.5344 12.1067 12.0591
4 0 0.0379363 0.0497252 0.00143917
4 1 139.477 34.612 34.645
4 2 678.489 151.28 151.588
4 3 648.121 126.069 126.312
4 4 524.428 104.982 105.193
4 5 344.144 66.5613 66.6893
4 6 233.117 46.9031 46.975
4 7 154.767 41.3 41.3559
4 8 88.292 19.6264 19.5517
4 9 49.1697 11.5506 11.4929
4 10 34.2197 8.30362 8.23518
4 11 19.7444 4.73119 4.60737
4 12 16.2865 4.41011 4.3125
4 13 9.0949 2.21405 2.06481
4 14 9.1788 2.41398 2.28356
4 15 22.5764 9.44017 9.32036
5 0 0 0.152266 0
5 1 2.45408 1.74012 1.55435
5 2 110.873 66.4662 66.5516
5 3 944.909 584.193 585.689
5 4 2051.34 1165.92 1168.24
5 5 2874.38 1508.29 1510.56
5 6 3291.99 1748.03 1750.31
5 7 3299.66 1840.86 1843.38
5 8 2963.22 1687.87 1690.49
5 9 2465.38 1418.29 1420.88
5 10 1952.04 1085.1 1087.29
5 11 1534.47 851.448 853.344
5 12 1104.36 594.737 596.175
5 13 770.317 378.621 379.575
5 14 563.017 296.277 297.024
5 15 1304.6 726.341 728.027
6 0 3.9873 1.55744 1.4166
6 1 15.876 12.0922 12.0109
6 2 830.197 396.502 397.478
6 3 1703.43 775.914 777.423
6 4 1998.56 901.369 902.97
6 5 1964.83 869.683 871.225
6 6 1904.11 950.624 952.467
6 7 1649.3 816.955 818.649
6 8 1317.92 578.719 579.965
6 9 1092.07 548.851 550.162
6 10 847.001 443.678 444.795
6 11 648.851 361.017 361.955
6 12 466.235 253.534 254.176
6 13 327.717 159.907 160.279
6 14 225.368 101.618 101.817
6 15 497.865 239.208 239.83
