8.6 0
1 0 79.1904 7.55235 7.44
1 1 0.0040224 0.0167788 1.61797e-05
2 0 200.537 26.5037 26.5175
2 1 0 0.152266 0
3 0 0 0.152266 0
3 1 6.54959 1.30956 1.16707
3 2 156.854 29.2848 29.2941
3 3 390.802 83.6593 83.8324
3 4 517.962 97.7682 97.9625
3 5 449.406 80.9002 81.0516
3 6 389.952 77.0391 77.1907
3 7 272.508 54.4508 54.5378
3 8 195.782 46.178 46.2367
3 9 132.403 33.1028 33.086
3 10 95.2437 20.8959 20.8275
3 11 57.431 12.6549 12.5938
3 12 47.6812 11.2264 11.1196
3 13 33.4055 8.17045 8.06111
3 14 21.3433 4.94189 4.8082
3 15 48.5373 12.1068 12.0591
4 0 0.0379363 0.0497252 0.00143917
4 1 139.517 34.6127 34.6453
4 2 678.707 151.279 151.59
4 3 648.326 126.072 126.314
4 4 524.576 104.985 105.194
4 5 344.232 66.5614 66.6901
4 6 233.165 46.903 46.9755
4 7 154.793 41.3005 41.3561
4 8 88.3045 19.6264 19.5518
4 9 49.1753 11.5506 11.493
4 10 34.2227 8.30361 8.2352
4 11 19.7467 4.7312 4.60739
4 12 16.2877 4.41008 4.31251
4 13 9.09549 2.21406 2.06481
4 14 9.17911 2.41397 2.28356
4 15 22.5765 9.44017 9.32036
5 0 0 0.152266 0
5 1 2.45408 1.74012 1.55435
5 2 110.873 66.4662 66.5516
5 3 944.912 584.193 585.69
5 4 2051.35 1165.92 1168.24
5 5 2874.39 1508.29 1510.56
5 6 3292 1748.03 1750.31
5 7 3299.67 1840.86 1843.38
5 8 2963.23 1687.87 1690.49
5 9 2465.39 1418.29 1420.88
5 10 1952.05 1085.1 1087.29
5 11 1534.47 851.448 853.344
5 12 1104.36 594.738 596.175
5 13 770.319 378.622 379.575
5 14 563.018 296.277 297.024
5 15 1304.6 726.341 728.027
6 0 3.9873 1.55744 1.4166
6 1 15.876 12.0922 12.0109
6 2 830.2 396.502 397.478
6 3 1703.44 775.914 777.423
6 4 1998.58 901.37 902.97
6 5 1964.85 869.683 871.225
6 6 1904.12 950.625 952.467
6 7 1649.31 816.955 818.649
6 8 1317.93 578.719 579.965
6 9 1092.07 548.851 550.162
6 10 847.005 443.678 444.795
6 11 648.853 361.017 361.955
6 12 466.237 253.534 254.176
6 13 327.718 159.907 160.279
6 14 225.368 101.618 101.817
6 15 497.866 239.208 239.83
