8.7 0
1 0 79.6432 7.5564 7.4442
1 1 0.00406917 0.0168755 1.65581e-05
2 0 201.51 26.5125 26.5266
2 1 0 0.152266 0
3 0 0 0.152266 0
3 1 6.55082 1.30957 1.16708
3 2 156.897 29.2855 29.2945
3 3 390.916 83.6613 83.8334
3 4 518.107 97.7706 97.9639
3 5 449.518 80.902 81.0526
3 6 390.034 77.0405 77.1915
3 7 272.56 54.4496 54.5383
3 8 195.815 46.1779 46.237
3 9 132.422 33.1031 33.0862
3 10 95.2566 20.8957 20.8276
3 11 57.4376 12.6549 12.5939
3 12 47.6863 11.2265 11.1196
3 13 33.4094 8.17047 8.06114
3 14 21.3445 4.94188 4.80821
3 15 48.5402 12.1068 12.0591
4 0 0.0379363 0.0497252 0.00143917
4 1 139.557 34.6126 34.6457
4 2 678.925 151.283 151.592
4 3 648.53 126.072 126.316
4 4 524.724 104.987 105.195
4 5 344.32 66.5628 66.6909
4 6 233.213 46.9038 46.9759
4 7 154.819 41.301 41.3563
4 8 88.3169 19.6264 19.552
4 9 49.181 11.5507 11.493
4 10 34.2257 8.30367 8.23523
4 11 19.7491 4.73122 4.60741
4 12 16.2889 4.4101 4.31252
4 13 9.09608 2.21407 2.06482
4 14 9.17941 2.41398 2.28356
4 15 22.5767 9.44017 9.32036
5 0 0 0.152266 0
5 1 2.45408 1.74012 1.55435
5 2 110.873 66.4662 66.5516
5 3 944.915 584.193 585.69
5 4 2051.36 1165.92 1168.24
5 5 2874.4 1508.29 1510.56
5 6 3292.02 1748.03 1750.31
5 7 3299.68 1840.86 1843.38
5 8 2963.24 1687.87 1690.49
5 9 2465.4 1418.29 1420.88
5 10 1952.05 1085.1 1087.29
5 11 1534.48 851.449 853.344
5 12 1104.37 594.738 596.175
5 13 770.321 378.622 379.575
5 14 563.019 296.277 297.024
5 15 1304.6 726.341 728.027
6 0 3.9873 1.55744 1.4166
6 1 15.8761 12.0922 12.0109
6 2 830.203 396.503 397.478
6 3 1703.45 775.915 777.423
6 4 1998.59 901.37 902.97
6 5 1964.86 869.683 871.225
6 6 1904.13 950.625 952.467
6 7 1649.32 816.955 818.65
6 8 1317.93 578.719 579.965
6 9 1092.08 548.851 550.162
6 10 847.008 443.678 444.795
6 11 648.855 361.017 361.955
6 12 466.238 253.534 254.177
6 13 327.719 159.907 160.279
6 14 225.368 101.618 101.817
6 15 497.867 239.208 239.83
