8.8 0
1 0 80.096 7.5606 7.44844
1 1 0.00411594 0.0169718 1.6941e-05
2 0 202.482 26.5218 26.5357
2 1 0 0.152266 0
3 0 0 0.152266 0
3 1 6.55205 1.30958 1.16709
3 2 156.939 29.2862 29.2949
3 3 391.03 83.6633 83.8345
3 4 518.252 97.7704 97.9653
3 5 449.63 80.9038 81.0537
3 6 390.116 77.0419 77.1922
3 7 272.612 54.4505 54.5388
3 8 195.848 46.1785 46.2374
3 9 132.44 33.1035 33.0863
3 10 95.2694 20.8959 20.8277
3 11 57.4442 12.655 12.5939
3 12 47.6914 11.2265 11.1197
3 13 33.4133 8.17048 8.06118
3 14 21.3457 4.94187 4.80822
3 15 48.5431 12.1069 12.0592
4 0 0.0379363 0.0497252 0.00143917
4 1 139.597 34.6133 34.6461
4 2 679.142 151.283 151.594
4 3 648.735 126.075 126.318
4 4 524.871 104.99 105.197
4 5 344.408 66.5643 66.6917
4 6 233.261 46.9046 46.9764
4 7 154.845 41.3015 41.3566
4 8 88.3293 19.6266 19.5521
4 9 49.1867 11.5507 11.4931
4 10 34.2287 8.30372 8.23526
4 11 19.7514 4.73123 4.60743
4 12 16.29 4.41012 4.31253
4 13 9.09668 2.21408 2.06482
4 14 9.17972 2.41398 2.28357
4 15 22.5768 9.44018 9.32036
5 0 0 0.152266 0
5 1 2.45408 1.74012 1.55435
5 2 110.874 66.4662 66.5516
5 3 944.918 584.193 585.69
5 4 2051.36 1165.92 1168.24
5 5 2874.42 1508.29 1510.56
5 6 3292.03 1748.03 1750.31
5 7 3299.69 1840.87 1843.38
5 8 2963.25 1687.87 1690.49
5 9 2465.41 1418.29 1420.88
5 10 1952.06 1085.1 1087.29
5 11 1534.48 851.449 853.344
5 12 1104.37 594.738 596.175
5 13 770.324 378.622 379.575
5 14 563.021 296.277 297.024
5 15 1304.61 726.341 728.027
6 0 3.9873 1.55744 1.4166
6 1 15.8761 12.0922 12.0109
6 2 830.205 396.503 397.478
6 3 1703.46 775.915 777.423
6 4 1998.6 901.37 902.971
6 5 1964.87 869.684 871.225
6 6 1904.14 950.625 952.467
6 7 1649.33 816.956 818.65
6 8 1317.94 578.719 579.965
6 9 1092.08 548.851 550.162
6 10 847.012 443.678 444.795
6 11 648.857 361.017 361.955
6 12 466.24 253.534 254.177
6 13 327.72 159.907 160.279
6 14 225.369 101.618 101.817
6 15 497.868 239.208 239.83
