8.9 0
1 0 80.5488 7.56483 7.45274
1 1 0.00416271 0.0170674 1.73282e-05
2 0 203.454 26.5312 26.545
2 1 0 0.152266 0
3 0 0 0.152266 0
3 1 6.55329 1.30959 1.16711
3 2 156.982 29.2864 29.2953
3 3 391.145 83.6616 83.8356
3 4 518.397 97.7728 97.9666
3 5 449.742 80.9056 81.0547
3 6 390.199 77.0414 77.193
3 7 272.665 54.4514 54.5393
3 8 195.88 46.1791 46.2377
3 9 132.459 33.1038 33.0865
3 10 95.2823 20.8961 20.8278
3 11 57.4508 12.6551 12.594
3 12 47.6965 11.2266 11.1197
3 13 33.4171 8.17054 8.06122
3 14 21.3469 4.94189 4.80823
3 15 48.546 12.1069 12.0592
4 0 0.0379363 0.0497252 0.00143917
4 1 139.637 34.6132 34.6464
4 2 679.36 151.287 151.596
4 3 648.94 126.079 126.32
4 4 525.019 104.992 105.198
4 5 344.495 66.5642 66.6926
4 6 233.308 46.9046 46.9768
4 7 154.871 41.3014 41.3568
4 8 88.3417 19.6269 19.5522
4 9 49.1924 11.5508 11.4931
4 10 34.2317 8.30377 8.23529
4 11 19.7538 4.73126 4.60745
4 12 16.2912 4.41014 4.31254
4 13 9.09727 2.21408 2.06483
4 14 9.18003 2.41399 2.28357
4 15 22.577 9.44018 9.32036
5 0 0 0.152266 0
5 1 2.45408 1.74012 1.55435
5 2 110.874 66.4662 66.5516
5 3 944.921 584.193 585.69
5 4 2051.37 1165.92 1168.24
5 5 2874.43 1508.29 1510.56
5 6 3292.04 1748.03 1750.31
5 7 3299.7 1840.87 1843.38
5 8 2963.27 1687.87 1690.49
5 9 2465.41 1418.29 1420.88
5 10 1952.06 1085.1 1087.29
5 11 1534.49 851.449 853.344
5 12 1104.37 594.738 596.175
5 13 770.326 378.622 379.575
5 14 563.022 296.277 297.024
5 15 1304.61 726.341 728.027
6 0 3.9873 1.55744 1.4166
6 1 15.8762 12.0922 12.0109
6 2 830.208 396.503 397.478
6 3 1703.46 775.915 777.423
6 4 1998.61 901.371 902.971
6 5 1964.89 869.684 871.225
6 6 1904.16 950.626 952.468
6 7 1649.34 816.956 818.65
6 8 1317.95 578.719 579.965
6 9 1092.09 548.851 550.162
6 10 847.015 443.679 444.795
6 11 648.859 361.017 361.955
6 12 466.242 253.534 254.177
6 13 327.721 159.907 160.279
6 14 225.369 101.618 101.817
6 15 497.869 239.208 239.83
