0.9 0
1 0 44.3265 7.38287 7.26251
1 1 0.000420948 0.00959123 1.77198e-07
2 0 125.665 26.1267 26.1351
2 1 0 0.152266 0
3 0 0 0.152266 0
3 1 6.45475 1.30915 1.16658
3 2 153.565 29.269 29.2774
3 3 382.015 83.614 83.7875
3 4 506.799 97.7107 97.9056
3 5 440.789 80.8548 81.0077
3 6 383.609 77.0066 77.1585
3 7 268.487 54.4293 54.5174
3 8 193.257 46.1653 46.2239
3 9 130.963 33.096 33.0786
3 10 94.2533 20.8909 20.8225
3 11 56.9224 12.6525 12.5912
3 12 47.289 11.2245 11.1175
3 13 33.1078 8.16898 8.05956
3 14 21.2489 4.94145 4.80773
3 15 48.3153 12.1058 12.058
4 0 0.0379363 0.0497252 0.00143917
4 1 136.426 34.5971 34.6296
4 2 661.938 151.191 151.504
4 3 632.562 125.986 126.233
4 4 513.211 104.926 105.136
4 5 337.463 66.5262 66.6556
4 6 229.487 46.8839 46.9566
4 7 152.808 41.2907 41.346
4 8 87.3482 19.6217 19.5469
4 9 48.7386 11.5485 11.4908
4 10 33.9913 8.30255 8.23403
4 11 19.5666 4.73039 4.60651
4 12 16.1989 4.40972 4.31208
4 13 9.0498 2.21389 2.06459
4 14 9.15555 2.41389 2.28345
4 15 22.5646 9.44012 9.3203
5 0 0 0.152266 0
5 1 2.45408 1.74012 1.55435
5 2 110.862 66.4663 66.5515
5 3 944.688 584.21 585.688
5 4 2050.78 1165.94 1168.24
5 5 2873.54 1508.26 1510.55
5 6 3291.02 1748.07 1750.31
5 7 3298.8 1840.84 1843.37
5 8 2962.41 1687.85 1690.49
5 9 2464.71 1418.32 1420.88
5 10 1951.57 1085.09 1087.28
5 11 1534.07 851.438 853.342
5 12 1104.02 594.742 596.174
5 13 770.135 378.625 379.574
5 14 562.922 296.274 297.023
5 15 1304.38 726.335 728.026
6 0 3.9873 1.55744 1.4166
6 1 15.8724 12.0922 12.0109
6 2 829.994 396.498 397.477
6 3 1702.86 775.901 777.42
6 4 1997.61 901.347 902.965
6 5 1963.81 869.659 871.22
6 6 1903.16 950.63 952.462
6 7 1648.52 816.961 818.645
6 8 1317.42 578.723 579.962
6 9 1091.66 548.853 550.16
6 10 846.736 443.68 444.794
6 11 648.706 361.013 361.954
6 12 466.108 253.535 254.176
6 13 327.638 159.909 160.279
6 14 225.341 101.617 101.817
6 15 497.788 239.21 239.83
