9 0
1 0 81.0015 7.56898 7.45708
1 1 0.00420948 0.0171625 1.77198e-05
2 0 204.427 26.5401 26.5543
2 1 0 0.152266 0
3 0 0 0.152266 0
3 1 6.55452 1.3096 1.16712
3 2 157.025 29.2867 29.2957
3 3 391.259 83.6636 83.8367
3 4 518.542 97.7753 97.968
3 5 449.854 80.9033 81.0558
3 6 390.281 77.0411 77.1938
3 7 272.717 54.4523 54.5398
3 8 195.913 46.1796 46.238
3 9 132.478 33.1038 33.0867
3 10 95.2952 20.8963 20.8279
3 11 57.4574 12.6551 12.5941
3 12 47.7016 11.2266 11.1198
3 13 33.421 8.17061 8.06125
3 14 21.3482 4.94191 4.80824
3 15 48.5489 12.107 12.0592
4 0 0.0379363 0.0497252 0.00143917
4 1 139.677 34.6139 34.6468
4 2 679.578 151.286 151.598
4 3 649.144 126.079 126.322
4 4 525.166 104.992 105.199
4 5 344.583 66.5657 66.6934
4 6 233.356 46.9054 46.9773
4 7 154.896 41.3014 41.3571
4 8 88.3541 19.6271 19.5523
4 9 49.198 11.5508 11.4932
4 10 34.2347 8.30371 8.23532
4 11 19.7561 4.73128 4.60748
4 12 16.2923 4.41014 4.31255
4 13 9.09786 2.21408 2.06483
4 14 9.18033 2.41399 2.28357
4 15 22.5771 9.44018 9.32037
5 0 0 0.152266 0
5 1 2.45408 1.74012 1.55435
5 2 110.874 66.4662 66.5516
5 3 944.924 584.194 585.69
5 4 2051.38 1165.92 1168.24
5 5 2874.44 1508.29 1510.56
5 6 3292.05 1748.03 1750.31
5 7 3299.72 1840.87 1843.38
5 8 2963.28 1687.87 1690.49
5 9 2465.42 1418.29 1420.88
5 10 1952.07 1085.1 1087.29
5 11 1534.49 851.449 853.344
5 12 1104.38 594.738 596.175
5 13 770.329 378.622 379.575
5 14 563.023 296.277 297.024
5 15 1304.61 726.324 728.027
6 0 3.9873 1.55744 1.4166
6 1 15.8762 12.0922 12.0109
6 2 830.211 396.503 397.478
6 3 1703.47 775.915 777.423
6 4 1998.63 901.371 902.971
6 5 1964.9 869.685 871.225
6 6 1904.17 950.626 952.468
6 7 1649.35 816.956 818.65
6 8 1317.95 578.72 579.965
6 9 1092.09 548.851 550.162
6 10 847.019 443.679 444.795
6 11 648.861 361.017 361.955
6 12 466.243 253.534 254.177
6 13 327.722 159.907 160.279
6 14 225.369 101.618 101.817
6 15 497.87 239.208 239.83
