9.1 0
1 0 81.4543 7.57327 7.46147
1 1 0.00425626 0.0172571 1.81157e-05
2 0 205.399 26.5497 26.5638
2 1 0 0.152266 0
3 0 0 0.152266 0
3 1 6.55575 1.30961 1.16713
3 2 157.067 29.2874 29.2961
3 3 391.373 83.6656 83.8378
3 4 518.687 97.775 97.9695
3 5 449.966 80.9051 81.0569
3 6 390.363 77.0425 77.1946
3 7 272.769 54.4531 54.5403
3 8 195.946 46.1789 46.2383
3 9 132.497 33.1037 33.0869
3 10 95.308 20.8963 20.8281
3 11 57.464 12.6551 12.5941
3 12 47.7067 11.2267 11.1198
3 13 33.4249 8.17057 8.06129
3 14 21.3494 4.94193 4.80826
3 15 48.5517 12.107 12.0592
4 0 0.0379363 0.0497252 0.00143917
4 1 139.718 34.6142 34.6472
4 2 679.796 151.29 151.6
4 3 649.349 126.078 126.324
4 4 525.314 104.992 105.201
4 5 344.671 66.5658 66.6943
4 6 233.404 46.9054 46.9777
4 7 154.922 41.3019 41.3573
4 8 88.3666 19.6269 19.5524
4 9 49.2037 11.5509 11.4933
4 10 34.2377 8.30376 8.23535
4 11 19.7584 4.73129 4.6075
4 12 16.2935 4.41014 4.31256
4 13 9.09846 2.21408 2.06484
4 14 9.18064 2.414 2.28358
4 15 22.5773 9.44019 9.32037
5 0 0 0.152266 0
5 1 2.45408 1.74012 1.55435
5 2 110.874 66.4662 66.5516
5 3 944.927 584.194 585.69
5 4 2051.39 1165.92 1168.24
5 5 2874.45 1508.29 1510.56
5 6 3292.07 1748.03 1750.31
5 7 3299.73 1840.8 1843.38
5 8 2963.29 1687.87 1690.49
5 9 2465.43 1418.29 1420.88
5 10 1952.08 1085.1 1087.29
5 11 1534.5 851.449 853.344
5 12 1104.38 594.738 596.176
5 13 770.331 378.622 379.575
5 14 563.025 296.277 297.024
5 15 1304.62 726.324 728.027
6 0 3.9873 1.55744 1.4166
6 1 15.8763 12.0922 12.0109
6 2 830.213 396.503 397.478
6 3 1703.48 775.916 777.423
6 4 1998.64 901.371 902.971
6 5 1964.91 869.685 871.226
6 6 1904.18 950.627 952.468
6 7 1649.36 816.957 818.65
6 8 1317.96 578.72 579.965
6 9 1092.1 548.852 550.162
6 10 847.022 443.679 444.795
6 11 648.863 361.017 361.955
6 12 466.245 253.535 254.177
6 13 327.723 159.907 160.279
6 14 225.37 101.618 101.817
6 15 497.871 239.208 239.83
