9.2 0
1 0 81.9071 7.57772 7.46591
1 1 0.00430303 0.0173512 1.8516e-05
2 0 206.371 26.5593 26.5734
2 1 0 0.152266 0
3 0 0 0.152266 0
3 1 6.55698 1.30963 1.16714
3 2 157.11 29.2876 29.2966
3 3 391.487 83.6657 83.8389
3 4 518.832 97.7775 97.9709
3 5 450.078 80.907 81.058
3 6 390.446 77.0439 77.1954
3 7 272.821 54.453 54.5408
3 8 195.979 46.1795 46.2386
3 9 132.515 33.104 33.087
3 10 95.3209 20.8963 20.8282
3 11 57.4706 12.6552 12.5942
3 12 47.7118 11.2267 11.1199
3 13 33.4287 8.17064 8.06133
3 14 21.3506 4.94192 4.80827
3 15 48.5546 12.1069 12.0593
4 0 0.0379363 0.0497252 0.00143917
4 1 139.758 34.6146 34.6476
4 2 680.013 151.294 151.602
4 3 649.554 126.082 126.326
4 4 525.462 104.994 105.202
4 5 344.759 66.5673 66.6951
4 6 233.452 46.9062 46.9782
4 7 154.948 41.3024 41.3576
4 8 88.379 19.6271 19.5526
4 9 49.2094 11.5509 11.4933
4 10 34.2407 8.30382 8.23538
4 11 19.7608 4.73133 4.60752
4 12 16.2946 4.41016 4.31257
4 13 9.09905 2.21409 2.06484
4 14 9.18094 2.41399 2.28358
4 15 22.5774 9.44019 9.32037
5 0 0 0.152266 0
5 1 2.45408 1.74012 1.55435
5 2 110.874 66.4662 66.5516
5 3 944.93 584.194 585.69
5 4 2051.39 1165.92 1168.24
5 5 2874.46 1508.29 1510.56
5 6 3292.08 1748.03 1750.31
5 7 3299.74 1840.8 1843.38
5 8 2963.3 1687.87 1690.49
5 9 2465.44 1418.29 1420.88
5 10 1952.08 1085.1 1087.29
5 11 1534.5 851.449 853.344
5 12 1104.39 594.738 596.176
5 13 770.333 378.622 379.575
5 14 563.026 296.277 297.024
5 15 1304.62 726.324 728.027
6 0 3.9873 1.55744 1.4166
6 1 15.8763 12.0922 12.0109
6 2 830.216 396.503 397.478
6 3 1703.49 775.916 777.424
6 4 1998.65 901.372 902.971
6 5 1964.93 869.685 871.226
6 6 1904.19 950.627 952.468
6 7 1649.37 816.957 818.65
6 8 1317.97 578.72 579.965
6 9 1092.11 548.852 550.162
6 10 847.026 443.679 444.796
6 11 648.865 361.017 361.955
6 12 466.247 253.535 254.177
6 13 327.724 159.907 160.279
6 14 225.37 101.618 101.817
6 15 497.872 239.208 239.83
