9.3 0
1 0 82.3599 7.58208 7.4704
1 1 0.0043498 0.0174447 1.89208e-05
2 0 207.344 26.5689 26.583
2 1 0 0.152266 0
3 0 0 0.152266 0
3 1 6.55821 1.30964 1.16715
3 2 157.153 29.2879 29.297
3 3 391.601 83.666 83.84
3 4 518.977 97.7799 97.9723
3 5 450.189 80.9089 81.0591
3 6 390.528 77.0454 77.1962
3 7 272.873 54.4528 54.5414
3 8 196.012 46.1801 46.2389
3 9 132.534 33.1044 33.0872
3 10 95.3337 20.8965 20.8283
3 11 57.4772 12.6554 12.5943
3 12 47.7169 11.2267 11.1199
3 13 33.4326 8.17071 8.06137
3 14 21.3519 4.94194 4.80828
3 15 48.5575 12.107 12.0593
4 0 0.0379363 0.0497252 0.00143917
4 1 139.798 34.6153 34.648
4 2 680.231 151.294 151.604
4 3 649.759 126.085 126.328
4 4 525.609 104.997 105.204
4 5 344.847 66.5688 66.696
4 6 233.499 46.9071 46.9787
4 7 154.974 41.3024 41.3578
4 8 88.3914 19.6273 19.5527
4 9 49.215 11.551 11.4934
4 10 34.2437 8.30387 8.23541
4 11 19.7631 4.73137 4.60754
4 12 16.2958 4.41018 4.31258
4 13 9.09964 2.2141 2.06485
4 14 9.18125 2.414 2.28358
4 15 22.5776 9.44019 9.32037
5 0 0 0.152266 0
5 1 2.45408 1.74012 1.55435
5 2 110.874 66.4662 66.5516
5 3 944.932 584.194 585.69
5 4 2051.4 1165.92 1168.24
5 5 2874.47 1508.29 1510.56
5 6 3292.09 1748.03 1750.31
5 7 3299.75 1840.8 1843.38
5 8 2963.31 1687.87 1690.49
5 9 2465.45 1418.29 1420.88
5 10 1952.09 1085.1 1087.29
5 11 1534.51 851.45 853.344
5 12 1104.39 594.739 596.176
5 13 770.336 378.622 379.575
5 14 563.027 296.277 297.024
5 15 1304.62 726.324 728.027
6 0 3.9873 1.55744 1.4166
6 1 15.8764 12.0922 12.0109
6 2 830.219 396.503 397.478
6 3 1703.49 775.916 777.424
6 4 1998.66 901.372 902.971
6 5 1964.94 869.686 871.226
6 6 1904.21 950.627 952.468
6 7 1649.38 816.957 818.65
6 8 1317.97 578.72 579.965
6 9 1092.11 548.852 550.162
6 10 847.029 443.679 444.796
6 11 648.867 361.018 361.955
6 12 466.248 253.535 254.177
6 13 327.725 159.907 160.279
6 14 225.37 101.618 101.817
6 15 497.873 239.208 239.83
