9.4 0
1 0 82.8127 7.5866 7.47494
1 1 0.00439657 0.0175378 1.93298e-05
2 0 208.316 26.5786 26.5928
2 1 0 0.152266 0
3 0 0 0.152266 0
3 1 6.55944 1.30965 1.16717
3 2 157.195 29.2886 29.2974
3 3 391.715 83.668 83.8412
3 4 519.121 97.7798 97.9738
3 5 450.301 80.9107 81.0602
3 6 390.611 77.045 77.1971
3 7 272.926 54.4537 54.5419
3 8 196.044 46.1807 46.2393
3 9 132.553 33.1048 33.0874
3 10 95.3466 20.8968 20.8284
3 11 57.4838 12.6555 12.5943
3 12 47.7219 11.2268 11.12
3 13 33.4365 8.17072 8.06141
3 14 21.3531 4.94196 4.80829
3 15 48.5604 12.107 12.0593
4 0 0.0379363 0.0497252 0.00143917
4 1 139.838 34.6152 34.6484
4 2 680.449 151.298 151.607
4 3 649.963 126.089 126.33
4 4 525.757 104.999 105.205
4 5 344.935 66.5688 66.6969
4 6 233.547 46.9071 46.9792
4 7 155 41.3024 41.3581
4 8 88.4038 19.6275 19.5528
4 9 49.2207 11.5511 11.4934
4 10 34.2467 8.30386 8.23544
4 11 19.7655 4.73135 4.60756
4 12 16.2969 4.41017 4.31259
4 13 9.10024 2.2141 2.06485
4 14 9.18155 2.414 2.28358
4 15 22.5777 9.4402 9.32037
5 0 0 0.152266 0
5 1 2.45408 1.74012 1.55435
5 2 110.874 66.4662 66.5516
5 3 944.935 584.194 585.69
5 4 2051.41 1165.92 1168.24
5 5 2874.48 1508.29 1510.56
5 6 3292.11 1748.03 1750.31
5 7 3299.76 1840.8 1843.38
5 8 2963.32 1687.87 1690.49
5 9 2465.46 1418.29 1420.88
5 10 1952.1 1085.1 1087.29
5 11 1534.51 851.45 853.344
5 12 1104.4 594.739 596.176
5 13 770.338 378.622 379.575
5 14 563.028 296.277 297.024
5 15 1304.62 726.324 728.027
6 0 3.9873 1.55744 1.4166
6 1 15.8764 12.0922 12.0109
6 2 830.221 396.495 397.478
6 3 1703.5 775.916 777.424
6 4 1998.68 901.372 902.971
6 5 1964.96 869.686 871.226
6 6 1904.22 950.628 952.468
6 7 1649.39 816.958 818.65
6 8 1317.98 578.72 579.965
6 9 1092.12 548.852 550.162
6 10 847.033 443.679 444.796
6 11 648.869 361.018 361.955
6 12 466.25 253.535 254.177
6 13 327.726 159.907 160.279
6 14 225.371 101.618 101.817
6 15 497.874 239.208 239.83
