9.5 0
1 0 83.2654 7.59102 7.47952
1 1 0.00444334 0.0176303 1.97433e-05
2 0 209.288 26.5884 26.6027
2 1 0 0.152266 0
3 0 0 0.152266 0
3 1 6.56068 1.30966 1.16718
3 2 157.238 29.2889 29.2979
3 3 391.829 83.6701 83.8423
3 4 519.266 97.7823 97.9752
3 5 450.413 80.9105 81.0614
3 6 390.693 77.0464 77.1979
3 7 272.978 54.4547 54.5424
3 8 196.077 46.1813 46.2396
3 9 132.571 33.1047 33.0876
3 10 95.3595 20.897 20.8286
3 11 57.4905 12.6554 12.5944
3 12 47.727 11.2268 11.12
3 13 33.4403 8.17074 8.06145
3 14 21.3543 4.94198 4.8083
3 15 48.5633 12.1071 12.0593
4 0 0.0379363 0.0497252 0.00143917
4 1 139.878 34.616 34.6488
4 2 680.667 151.298 151.609
4 3 650.168 126.093 126.332
4 4 525.904 104.999 105.207
4 5 345.023 66.5703 66.6978
4 6 233.595 46.9071 46.9797
4 7 155.025 41.3029 41.3583
4 8 88.4162 19.6275 19.5529
4 9 49.2264 11.551 11.4935
4 10 34.2497 8.30386 8.23547
4 11 19.7678 4.73139 4.60759
4 12 16.2981 4.41019 4.3126
4 13 9.10083 2.21411 2.06486
4 14 9.18186 2.41401 2.28359
4 15 22.5779 9.4402 9.32037
5 0 0 0.152266 0
5 1 2.45408 1.74012 1.55435
5 2 110.875 66.4662 66.5516
5 3 944.938 584.194 585.69
5 4 2051.42 1165.92 1168.24
5 5 2874.49 1508.29 1510.56
5 6 3292.12 1748.03 1750.31
5 7 3299.77 1840.8 1843.38
5 8 2963.33 1687.87 1690.49
5 9 2465.47 1418.29 1420.88
5 10 1952.1 1085.1 1087.29
5 11 1534.52 851.45 853.344
5 12 1104.4 594.739 596.176
5 13 770.341 378.622 379.575
5 14 563.03 296.277 297.024
5 15 1304.63 726.324 728.027
6 0 3.9873 1.55744 1.4166
6 1 15.8764 12.0922 12.0109
6 2 830.224 396.495 397.478
6 3 1703.51 775.916 777.424
6 4 1998.69 901.373 902.971
6 5 1964.97 869.686 871.226
6 6 1904.23 950.628 952.468
6 7 1649.4 816.958 818.65
6 8 1317.99 578.72 579.965
6 9 1092.12 548.852 550.162
6 10 847.036 443.679 444.796
6 11 648.87 361.018 361.955
6 12 466.252 253.535 254.177
6 13 327.727 159.907 160.279
6 14 225.371 101.618 101.817
6 15 497.875 239.208 239.83
