9.6 0
1 0 83.7182 7.59561 7.48416
1 1 0.00449012 0.0177222 2.01611e-05
2 0 210.261 26.5988 26.6127
2 1 0 0.152266 0
3 0 0 0.152266 0
3 1 6.56191 1.30967 1.16719
3 2 157.281 29.2896 29.2983
3 3 391.943 83.6703 83.8435
3 4 519.411 97.7849 97.9767
3 5 450.525 80.9103 81.0625
3 6 390.775 77.0461 77.1987
3 7 273.03 54.4556 54.5429
3 8 196.11 46.1805 46.2399
3 9 132.59 33.1047 33.0878
3 10 95.3723 20.897 20.8287
3 11 57.4971 12.6555 12.5945
3 12 47.7321 11.2268 11.1201
3 13 33.4442 8.17081 8.06149
3 14 21.3555 4.94197 4.80832
3 15 48.5662 12.1071 12.0594
4 0 0.0379363 0.0497252 0.00143917
4 1 139.918 34.6163 34.6492
4 2 680.884 151.302 151.611
4 3 650.373 126.089 126.334
4 4 526.052 104.999 105.208
4 5 345.111 66.5704 66.6987
4 6 233.643 46.9079 46.9801
4 7 155.051 41.3034 41.3586
4 8 88.4286 19.6276 19.5531
4 9 49.2321 11.5511 11.4935
4 10 34.2527 8.30392 8.2355
4 11 19.7701 4.7314 4.60761
4 12 16.2992 4.41019 4.31261
4 13 9.10142 2.21412 2.06486
4 14 9.18217 2.41401 2.28359
4 15 22.578 9.4402 9.32038
5 0 0 0.152266 0
5 1 2.45408 1.74012 1.55435
5 2 110.875 66.4662 66.5516
5 3 944.941 584.194 585.69
5 4 2051.42 1165.92 1168.24
5 5 2874.5 1508.29 1510.56
5 6 3292.13 1748.03 1750.31
5 7 3299.78 1840.8 1843.38
5 8 2963.34 1687.87 1690.49
5 9 2465.48 1418.29 1420.88
5 10 1952.11 1085.1 1087.29
5 11 1534.52 851.45 853.344
5 12 1104.41 594.739 596.176
5 13 770.343 378.622 379.575
5 14 563.031 296.277 297.024
5 15 1304.63 726.324 728.027
6 0 3.9873 1.55744 1.4166
6 1 15.8765 12.0922 12.0109
6 2 830.227 396.495 397.478
6 3 1703.52 775.917 777.424
6 4 1998.7 901.373 902.971
6 5 1964.98 869.687 871.226
6 6 1904.24 950.628 952.468
6 7 1649.41 816.958 818.65
6 8 1317.99 578.721 579.965
6 9 1092.13 548.852 550.162
6 10 847.04 443.679 444.796
6 11 648.872 361.018 361.955
6 12 466.253 253.535 254.177
6 13 327.728 159.907 160.279
6 14 225.371 101.618 101.817
6 15 497.876 239.208 239.83
