9.7 0
1 0 84.171 7.6001 7.48884
1 1 0.00453689 0.0178137 2.05834e-05
2 0 211.233 26.6082 26.6228
2 1 0 0.152266 0
3 0 0 0.152266 0
3 1 6.56314 1.30969 1.16721
3 2 157.324 29.2894 29.2987
3 3 392.057 83.6706 83.8447
3 4 519.556 97.7847 97.9782
3 5 450.637 80.9122 81.0637
3 6 390.858 77.0476 77.1996
3 7 273.082 54.4554 54.5435
3 8 196.143 46.1811 46.2403
3 9 132.609 33.105 33.088
3 10 95.3852 20.897 20.8288
3 11 57.5037 12.6556 12.5945
3 12 47.7372 11.2269 11.1201
3 13 33.4481 8.17083 8.06153
3 14 21.3568 4.94199 4.80833
3 15 48.569 12.1072 12.0594
4 0 0.0379363 0.0497252 0.00143917
4 1 139.958 34.6167 34.6496
4 2 681.102 151.306 151.613
4 3 650.578 126.092 126.336
4 4 526.2 105.002 105.21
4 5 345.199 66.5719 66.6996
4 6 233.691 46.9087 46.9806
4 7 155.077 41.3034 41.3589
4 8 88.4411 19.6278 19.5532
4 9 49.2377 11.5512 11.4936
4 10 34.2557 8.30397 8.23553
4 11 19.7725 4.73144 4.60763
4 12 16.3004 4.41021 4.31263
4 13 9.10202 2.21412 2.06487
4 14 9.18247 2.41401 2.28359
4 15 22.5782 9.44021 9.32038
5 0 0 0.152266 0
5 1 2.45408 1.74012 1.55435
5 2 110.875 66.4662 66.5516
5 3 944.944 584.194 585.69
5 4 2051.43 1165.92 1168.24
5 5 2874.52 1508.29 1510.56
5 6 3292.14 1748.03 1750.31
5 7 3299.79 1840.8 1843.38
5 8 2963.35 1687.81 1690.49
5 9 2465.48 1418.29 1420.88
5 10 1952.11 1085.1 1087.29
5 11 1534.53 851.45 853.344
5 12 1104.41 594.739 596.176
5 13 770.345 378.622 379.575
5 14 563.032 296.277 297.024
5 15 1304.63 726.324 728.027
6 0 3.9873 1.55744 1.4166
6 1 15.8765 12.0923 12.0109
6 2 830.229 396.495 397.478
6 3 1703.52 775.917 777.424
6 4 1998.71 901.373 902.972
6 5 1965 869.687 871.226
6 6 1904.26 950.629 952.469
6 7 1649.42 816.958 818.651
6 8 1318 578.721 579.966
6 9 1092.13 548.853 550.162
6 10 847.043 443.679 444.796
6 11 648.874 361.018 361.955
6 12 466.255 253.535 254.177
6 13 327.729 159.907 160.279
6 14 225.372 101.618 101.817
6 15 497.877 239.208 239.831
