9.8 0
1 0 84.6238 7.60475 7.49357
1 1 0.00458366 0.0179048 2.10099e-05
2 0 212.206 26.6187 26.6329
2 1 0 0.152266 0
3 0 0 0.152266 0
3 1 6.56437 1.30969 1.16722
3 2 157.366 29.2902 29.2992
3 3 392.172 83.6727 83.8459
3 4 519.701 97.7872 97.9797
3 5 450.749 80.9142 81.0649
3 6 390.94 77.049 77.2004
3 7 273.135 54.4564 54.544
3 8 196.176 46.1817 46.2406
3 9 132.627 33.1054 33.0882
3 10 95.3981 20.8972 20.829
3 11 57.5103 12.6557 12.5946
3 12 47.7423 11.227 11.1202
3 13 33.4519 8.1709 8.06157
3 14 21.358 4.94199 4.80834
3 15 48.5719 12.1072 12.0594
4 0 0.0379363 0.0497252 0.00143917
4 1 139.999 34.617 34.6501
4 2 681.32 151.31 151.616
4 3 650.782 126.096 126.338
4 4 526.347 105.004 105.211
4 5 345.287 66.572 66.7005
4 6 233.738 46.9096 46.9811
4 7 155.103 41.3039 41.3591
4 8 88.4535 19.628 19.5533
4 9 49.2434 11.5513 11.4936
4 10 34.2587 8.30397 8.23556
4 11 19.7748 4.73146 4.60766
4 12 16.3015 4.41021 4.31264
4 13 9.10261 2.21412 2.06488
4 14 9.18278 2.41401 2.2836
4 15 22.5784 9.44021 9.32038
5 0 0 0.152266 0
5 1 2.45408 1.74012 1.55435
5 2 110.875 66.4662 66.5516
5 3 944.947 584.194 585.69
5 4 2051.44 1165.92 1168.24
5 5 2874.53 1508.29 1510.56
5 6 3292.16 1748.03 1750.31
5 7 3299.81 1840.8 1843.38
5 8 2963.36 1687.81 1690.49
5 9 2465.49 1418.29 1420.88
5 10 1952.12 1085.1 1087.29
5 11 1534.53 851.45 853.344
5 12 1104.41 594.739 596.176
5 13 770.348 378.622 379.575
5 14 563.033 296.277 297.024
5 15 1304.64 726.324 728.027
6 0 3.9873 1.55744 1.4166
6 1 15.8766 12.0923 12.0109
6 2 830.232 396.495 397.478
6 3 1703.53 775.917 777.424
6 4 1998.72 901.374 902.972
6 5 1965.01 869.688 871.227
6 6 1904.27 950.629 952.469
6 7 1649.43 816.959 818.651
6 8 1318.01 578.721 579.966
6 9 1092.14 548.853 550.162
6 10 847.047 443.679 444.796
6 11 648.876 361.018 361.955
6 12 466.257 253.535 254.177
6 13 327.73 159.907 160.279
6 14 225.372 101.618 101.817
6 15 497.878 239.208 239.831
