9.9 0
1 0 85.0765 7.60943 7.49835
1 1 0.00463043 0.0179953 2.14409e-05
2 0 213.178 26.6287 26.6432
2 1 0 0.152266 0
3 0 0 0.152266 0
3 1 6.5656 1.3097 1.16723
3 2 157.409 29.2909 29.2996
3 3 392.286 83.6748 83.8471
3 4 519.846 97.7898 97.9813
3 5 450.861 80.9161 81.066
3 6 391.022 77.0505 77.2013
3 7 273.187 54.4563 54.5446
3 8 196.208 46.1824 46.241
3 9 132.646 33.1057 33.0884
3 10 95.4109 20.8974 20.8291
3 11 57.5169 12.6557 12.5947
3 12 47.7474 11.227 11.1202
3 13 33.4558 8.17092 8.06161
3 14 21.3592 4.94201 4.80835
3 15 48.5748 12.1072 12.0595
4 0 0.0379363 0.0497252 0.00143917
4 1 140.039 34.6173 34.6505
4 2 681.538 151.31 151.618
4 3 650.987 126.1 126.34
4 4 526.495 105.004 105.213
4 5 345.375 66.5736 66.7014
4 6 233.786 46.9088 46.9816
4 7 155.128 41.3039 41.3594
4 8 88.4659 19.628 19.5535
4 9 49.2491 11.5512 11.4937
4 10 34.2617 8.30402 8.23559
4 11 19.7772 4.73147 4.60768
4 12 16.3027 4.41023 4.31265
4 13 9.1032 2.21412 2.06488
4 14 9.18308 2.41402 2.2836
4 15 22.5785 9.44022 9.32038
5 0 0 0.152266 0
5 1 2.45408 1.74012 1.55435
5 2 110.875 66.4662 66.5516
5 3 944.95 584.194 585.69
5 4 2051.45 1165.92 1168.24
5 5 2874.54 1508.29 1510.56
5 6 3292.17 1748.03 1750.31
5 7 3299.82 1840.8 1843.38
5 8 2963.37 1687.81 1690.5
5 9 2465.5 1418.29 1420.88
5 10 1952.13 1085.1 1087.29
5 11 1534.54 851.451 853.344
5 12 1104.42 594.739 596.176
5 13 770.35 378.622 379.575
5 14 563.035 296.277 297.024
5 15 1304.64 726.325 728.027
6 0 3.9873 1.55744 1.4166
6 1 15.8766 12.0923 12.0109
6 2 830.235 396.495 397.478
6 3 1703.54 775.917 777.424
6 4 1998.74 901.374 902.972
6 5 1965.02 869.688 871.227
6 6 1904.28 950.63 952.469
6 7 1649.44 816.959 818.651
6 8 1318.01 578.721 579.966
6 9 1092.14 548.853 550.162
6 10 847.05 443.68 444.796
6 11 648.878 361.018 361.955
6 12 466.258 253.535 254.177
6 13 327.731 159.907 160.279
6 14 225.372 101.618 101.817
6 15 497.879 239.208 239.831
