1 0
1 0 44.7793 7.38321 7.26297
1 1 0.00046772 0.00959096 2.18762e-07
2 0 126.638 26.1279 26.1361
2 1 0 0.152266 0
3 0 0 0.152266 0
3 1 6.45598 1.30915 1.16658
3 2 153.608 29.2685 29.2774
3 3 382.129 83.6132 83.7876
3 4 506.944 97.712 97.9057
3 5 440.901 80.8557 81.0078
3 6 383.691 77.0056 77.1586
3 7 268.539 54.4298 54.5174
3 8 193.29 46.1649 46.2239
3 9 130.982 33.0962 33.0787
3 10 94.2662 20.891 20.8225
3 11 56.929 12.6524 12.5912
3 12 47.2941 11.2244 11.1175
3 13 33.1117 8.16896 8.05956
3 14 21.2501 4.94146 4.80774
3 15 48.3182 12.1058 12.058
4 0 0.0379363 0.0497252 0.00143917
4 1 136.466 34.5971 34.6297
4 2 662.156 151.193 151.504
4 3 632.766 125.988 126.234
4 4 513.358 104.925 105.136
4 5 337.551 66.527 66.6557
4 6 229.534 46.8843 46.9566
4 7 152.834 41.291 41.3461
4 8 87.3606 19.6218 19.5469
4 9 48.7443 11.5485 11.4908
4 10 33.9943 8.30252 8.23403
4 11 19.5689 4.73039 4.60651
4 12 16.2 4.4097 4.31208
4 13 9.05039 2.21388 2.06459
4 14 9.15586 2.41388 2.28345
4 15 22.5648 9.44013 9.3203
5 0 0 0.152266 0
5 1 2.45408 1.74012 1.55435
5 2 110.862 66.4663 66.5515
5 3 944.691 584.21 585.688
5 4 2050.79 1165.94 1168.24
5 5 2873.55 1508.26 1510.55
5 6 3291.04 1748.07 1750.31
5 7 3298.81 1840.84 1843.37
5 8 2962.42 1687.85 1690.49
5 9 2464.72 1418.32 1420.88
5 10 1951.58 1085.09 1087.28
5 11 1534.08 851.438 853.342
5 12 1104.02 594.742 596.174
5 13 770.137 378.625 379.574
5 14 562.923 296.274 297.023
5 15 1304.38 726.335 728.026
6 0 3.9873 1.55744 1.4166
6 1 15.8725 12.0922 12.0109
6 2 829.996 396.498 397.477
6 3 1702.87 775.901 777.42
6 4 1997.63 901.348 902.965
6 5 1963.82 869.66 871.22
6 6 1903.17 950.63 952.462
6 7 1648.53 816.961 818.646
6 8 1317.43 578.723 579.962
6 9 1091.66 548.854 550.16
6 10 846.74 443.68 444.794
6 11 648.708 361.013 361.954
6 12 466.11 253.535 254.176
6 13 327.639 159.909 160.279
6 14 225.342 101.617 101.817
6 15 497.789 239.21 239.83
